2023-09-22 09:59:05,419 [INFO] Activator:176 - 


2023-09-22 09:59:05,419 [INFO] Activator:177 - !SESSION log4j initialized
2023-09-22 09:59:07,247 [INFO] LogOutputStream:77 - [STDOUT_REDIRECT] 
2023-09-22 09:59:09,248 [INFO] ApplicationProperties:184 - Using Application install path: D:\UsefulSoftware\STM32CubeIDE_1.13.1\STM32CubeIDE\plugins\com.st.stm32cube.common.mx_6.9.1.202307191849
2023-09-22 09:59:09,261 [INFO] DbMcusXml:78 - Set database path to: D:\UsefulSoftware\STM32CubeIDE_1.13.1\STM32CubeIDE\plugins\com.st.stm32cube.common.mx_6.9.1.202307191849\\db\/mcu/
2023-09-22 09:59:09,262 [INFO] ApiDb:274 - Set plugin database path to: D:\UsefulSoftware\STM32CubeIDE_1.13.1\STM32CubeIDE\plugins\com.st.stm32cube.common.mx_6.9.1.202307191849\\db\/plugins/boardmanager/
2023-09-22 09:59:09,271 [WARN] ApiDb:259 - Overriding images path with different value:  => D:\UsefulSoftware\STM32CubeIDE_1.13.1\STM32CubeIDE\plugins\com.st.stm32cube.common.mx_6.9.1.202307191849\\db\/plugins/mcufinder/images/
2023-09-22 09:59:09,278 [INFO] ApiDb:250 - Set database path to: C:\Users\haosh\.stmcufinder\plugins\mcufinder//mcu/
2023-09-22 09:59:09,280 [INFO] DbMcusAds:125 - Set database path to: C:\Users\haosh\.stmcufinder\plugins\mcufinder//mcu/
2023-09-22 09:59:09,281 [INFO] CrossReferenceDbSqlite:203 - Set database path to: C:\Users\haosh\.stmcufinder\plugins\mcufinder//mcu/cs/
2023-09-22 09:59:09,372 [INFO] RulesReader:64 - Compatibility file has been processed (293 Rules)
2023-09-22 09:59:09,476 [INFO] DbMcusXml:78 - Set database path to: D:\UsefulSoftware\STM32CubeIDE_1.13.1\STM32CubeIDE\plugins\com.st.stm32cube.common.mx_6.9.1.202307191849\\db\/mcu/
2023-09-22 09:59:09,476 [INFO] ApiDb:274 - Set plugin database path to: D:\UsefulSoftware\STM32CubeIDE_1.13.1\STM32CubeIDE\plugins\com.st.stm32cube.common.mx_6.9.1.202307191849\\db\/plugins/boardmanager/
2023-09-22 09:59:09,477 [INFO] ApiDb:261 - Set plugin images path to: D:\UsefulSoftware\STM32CubeIDE_1.13.1\STM32CubeIDE\plugins\com.st.stm32cube.common.mx_6.9.1.202307191849\\db\/plugins/mcufinder/images/
2023-09-22 09:59:09,477 [WARN] DbFile:41 - Overriding database path with different value: C:\Users\haosh\.stmcufinder\plugins\mcufinder/ => C:\Users\haosh\.stmcufinder\plugins\mcufinder
2023-09-22 09:59:09,477 [INFO] ApiDb:250 - Set database path to: C:\Users\haosh\.stmcufinder\plugins\mcufinder//mcu/
2023-09-22 09:59:09,477 [WARN] DbFile:41 - Overriding database path with different value: C:\Users\haosh\.stmcufinder\plugins\mcufinder/ => C:\Users\haosh\.stmcufinder\plugins\mcufinder
2023-09-22 09:59:09,477 [INFO] DbMcusAds:125 - Set database path to: C:\Users\haosh\.stmcufinder\plugins\mcufinder//mcu/
2023-09-22 09:59:09,478 [WARN] DbFile:41 - Overriding database path with different value: C:\Users\haosh\.stmcufinder\plugins\mcufinder/ => C:\Users\haosh\.stmcufinder\plugins\mcufinder
2023-09-22 09:59:09,478 [WARN] DbFile:41 - Overriding database path with different value: C:\Users\haosh\.stmcufinder\plugins\mcufinder/ => C:\Users\haosh\.stmcufinder\plugins\mcufinder
2023-09-22 09:59:09,478 [INFO] CrossReferenceDbSqlite:203 - Set database path to: C:\Users\haosh\.stmcufinder\plugins\mcufinder//mcu/cs/
2023-09-22 09:59:09,543 [INFO] MainPanel:262 - HeapMemory: 268435456
2023-09-22 09:59:09,593 [INFO] DbMcusXml:78 - Set database path to: D:\UsefulSoftware\STM32CubeIDE_1.13.1\STM32CubeIDE\plugins\com.st.stm32cube.common.mx_6.9.1.202307191849\\db\/mcu/
2023-09-22 09:59:09,593 [INFO] ApiDb:274 - Set plugin database path to: D:\UsefulSoftware\STM32CubeIDE_1.13.1\STM32CubeIDE\plugins\com.st.stm32cube.common.mx_6.9.1.202307191849\\db\/plugins/boardmanager/
2023-09-22 09:59:09,593 [INFO] ApiDb:261 - Set plugin images path to: D:\UsefulSoftware\STM32CubeIDE_1.13.1\STM32CubeIDE\plugins\com.st.stm32cube.common.mx_6.9.1.202307191849\\db\/plugins/mcufinder/images/
2023-09-22 09:59:09,593 [WARN] DbFile:41 - Overriding database path with different value: C:\Users\haosh\.stmcufinder\plugins\mcufinder/ => C:\Users\haosh\.stmcufinder\plugins\mcufinder
2023-09-22 09:59:09,593 [INFO] ApiDb:250 - Set database path to: C:\Users\haosh\.stmcufinder\plugins\mcufinder//mcu/
2023-09-22 09:59:09,593 [WARN] DbFile:41 - Overriding database path with different value: C:\Users\haosh\.stmcufinder\plugins\mcufinder/ => C:\Users\haosh\.stmcufinder\plugins\mcufinder
2023-09-22 09:59:09,593 [INFO] DbMcusAds:125 - Set database path to: C:\Users\haosh\.stmcufinder\plugins\mcufinder//mcu/
2023-09-22 09:59:09,593 [WARN] DbFile:41 - Overriding database path with different value: C:\Users\haosh\.stmcufinder\plugins\mcufinder/ => C:\Users\haosh\.stmcufinder\plugins\mcufinder
2023-09-22 09:59:09,594 [WARN] DbFile:41 - Overriding database path with different value: C:\Users\haosh\.stmcufinder\plugins\mcufinder/ => C:\Users\haosh\.stmcufinder\plugins\mcufinder
2023-09-22 09:59:09,594 [INFO] CrossReferenceDbSqlite:203 - Set database path to: C:\Users\haosh\.stmcufinder\plugins\mcufinder//mcu/cs/
2023-09-22 09:59:09,610 [INFO] ApplicationProperties:184 - Using Application install path: D:\UsefulSoftware\STM32CubeIDE_1.13.1\STM32CubeIDE\plugins\com.st.stm32cube.common.mx_6.9.1.202307191849
2023-09-22 09:59:09,611 [INFO] PluginManage:196 - Search for loadable plugins [exclusion list=, ]
2023-09-22 09:59:09,612 [INFO] PluginManage:310 - Check plugin analytics
2023-09-22 09:59:09,742 [INFO] AnalyticsPlugin:253 - Accepted Software Licenses: 
2023-09-22 09:59:09,743 [INFO] AnalyticsPlugin:255 - Accepted CMSIS Pack Licenses: 
2023-09-22 09:59:09,743 [INFO] AnalyticsPlugin:257 - Accepted Firmware Licenses: 
2023-09-22 09:59:09,745 [INFO] PluginManage:359 - Loaded plugin analytics (category:tool,tabindex:-1)
2023-09-22 09:59:09,746 [INFO] PluginManage:310 - Check plugin cadmodel
2023-09-22 09:59:09,750 [INFO] CADModel:105 - Init CAD model plugin
2023-09-22 09:59:09,751 [INFO] PluginManage:359 - Loaded plugin cadmodel (category:power,tabindex:5)
2023-09-22 09:59:09,751 [INFO] PluginManage:310 - Check plugin clock
2023-09-22 09:59:09,759 [INFO] PluginManage:359 - Loaded plugin clock (category:base,tabindex:2)
2023-09-22 09:59:09,759 [INFO] PluginManage:310 - Check plugin ddr
2023-09-22 09:59:09,761 [INFO] PluginManage:359 - Loaded plugin ddr (category:tool,tabindex:6)
2023-09-22 09:59:09,761 [INFO] PluginManage:310 - Check plugin filemanager
2023-09-22 09:59:09,877 [INFO] PluginManage:359 - Loaded plugin filemanager (category:base,tabindex:10)
2023-09-22 09:59:09,877 [INFO] PluginManage:310 - Check plugin ipmanager
2023-09-22 09:59:09,885 [INFO] PluginManage:359 - Loaded plugin ipmanager (category:base,tabindex:5)
2023-09-22 09:59:09,885 [INFO] PluginManage:310 - Check plugin lpbam
2023-09-22 09:59:09,892 [INFO] PluginManage:359 - Loaded plugin lpbam (category:base,tabindex:0)
2023-09-22 09:59:09,892 [INFO] PluginManage:310 - Check plugin memorymap
2023-09-22 09:59:09,901 [INFO] PluginManage:359 - Loaded plugin memorymap (category:base,tabindex:4)
2023-09-22 09:59:09,901 [INFO] PluginManage:310 - Check plugin pinoutandconfiguration
2023-09-22 09:59:09,905 [INFO] PluginManage:359 - Loaded plugin pinoutandconfiguration (category:base,tabindex:1)
2023-09-22 09:59:09,906 [INFO] PluginManage:310 - Check plugin pinoutconfig
2023-09-22 09:59:10,001 [WARN] SupportedApi:132 - Cannot load RTOS API schema: s4s-elt-must-match.1: The content of 'definitions' must match (annotation?, (simpleType | complexType)?, (unique | key | keyref)*)). A problem was found starting at: attribute.
2023-09-22 09:59:10,150 [INFO] PluginManage:359 - Loaded plugin pinoutconfig (category:base,tabindex:0)
2023-09-22 09:59:10,152 [INFO] PluginManage:310 - Check plugin power
2023-09-22 09:59:10,162 [INFO] PluginManage:359 - Loaded plugin power (category:power,tabindex:4)
2023-09-22 09:59:10,162 [INFO] PluginManage:310 - Check plugin projectmanager
2023-09-22 09:59:10,176 [INFO] PluginManage:359 - Loaded plugin projectmanager (category:projectmanager,tabindex:3)
2023-09-22 09:59:10,176 [INFO] PluginManage:310 - Check plugin thirdparty
2023-09-22 09:59:10,278 [INFO] PluginManage:359 - Loaded plugin thirdparty (category:base,tabindex:-1)
2023-09-22 09:59:10,278 [WARN] IntegrityCheckThread:84 - waiting for thirdparty lock release [integrity check]
2023-09-22 09:59:10,278 [INFO] PluginManage:310 - Check plugin tools
2023-09-22 09:59:10,279 [INFO] IntegrityCheckThread:86 - entering critical section [integrity check]
2023-09-22 09:59:10,279 [INFO] ThirdPartyUpdaterWithRetryManager:70 - Updater plugin not ready yet. [1/15]
2023-09-22 09:59:10,282 [INFO] PluginManage:359 - Loaded plugin tools (category:base,tabindex:7)
2023-09-22 09:59:10,282 [INFO] PluginManage:310 - Check plugin tutovideos
2023-09-22 09:59:10,409 [INFO] PluginManage:359 - Loaded plugin tutovideos (category:base,tabindex:-1)
2023-09-22 09:59:10,410 [INFO] PluginManage:310 - Check plugin updater
2023-09-22 09:59:10,416 [INFO] PluginManage:359 - Loaded plugin updater (category:base,tabindex:12)
2023-09-22 09:59:10,417 [INFO] PluginManage:310 - Check plugin userauth
2023-09-22 09:59:10,420 [INFO] UserAuth:113 - Init User Auth plugin
2023-09-22 09:59:10,420 [INFO] PluginManage:359 - Loaded plugin userauth (category:base,tabindex:14)
2023-09-22 09:59:10,420 [INFO] PluginManage:283 - PluginManage : Loaded plugins [17]
2023-09-22 09:59:10,605 [INFO] PinOutPanel:1499 - setPackage(No Configuration,No Configuration)
2023-09-22 09:59:10,708 [INFO] CADModel:165 - CPN selected for project level
2023-09-22 09:59:10,708 [INFO] CADModel:114 - Register for checkConnection events
2023-09-22 09:59:10,722 [INFO] IPUIPlugin:80 - create IPUIPlugin
2023-09-22 09:59:10,722 [INFO] PluginManager:220 - loadIPPluginJar : add adc
2023-09-22 09:59:10,724 [INFO] IPUIPlugin:80 - create IPUIPlugin
2023-09-22 09:59:10,724 [INFO] PluginManager:220 - loadIPPluginJar : add aes
2023-09-22 09:59:10,726 [INFO] IPUIPlugin:80 - create IPUIPlugin
2023-09-22 09:59:10,726 [INFO] PluginManager:220 - loadIPPluginJar : add can
2023-09-22 09:59:10,727 [INFO] IPUIPlugin:80 - create IPUIPlugin
2023-09-22 09:59:10,727 [INFO] PluginManager:220 - loadIPPluginJar : add comp
2023-09-22 09:59:10,729 [INFO] IPUIPlugin:80 - create IPUIPlugin
2023-09-22 09:59:10,729 [INFO] PluginManager:220 - loadIPPluginJar : add cryp
2023-09-22 09:59:10,730 [INFO] IPUIPlugin:80 - create IPUIPlugin
2023-09-22 09:59:10,730 [INFO] PluginManager:220 - loadIPPluginJar : add dfsdm
2023-09-22 09:59:10,734 [INFO] IPUIPlugin:80 - create IPUIPlugin
2023-09-22 09:59:10,735 [INFO] PluginManager:220 - loadIPPluginJar : add dma
2023-09-22 09:59:10,737 [INFO] IPUIPlugin:80 - create IPUIPlugin
2023-09-22 09:59:10,737 [INFO] PluginManager:220 - loadIPPluginJar : add dma3
2023-09-22 09:59:10,738 [INFO] IPUIPlugin:80 - create IPUIPlugin
2023-09-22 09:59:10,738 [INFO] PluginManager:220 - loadIPPluginJar : add fatfs
2023-09-22 09:59:10,741 [INFO] IPUIPlugin:80 - create IPUIPlugin
2023-09-22 09:59:10,742 [INFO] PluginManager:220 - loadIPPluginJar : add fmc
2023-09-22 09:59:10,745 [INFO] IPUIPlugin:80 - create IPUIPlugin
2023-09-22 09:59:10,746 [INFO] PluginManager:220 - loadIPPluginJar : add freertos
2023-09-22 09:59:10,747 [INFO] IPUIPlugin:80 - create IPUIPlugin
2023-09-22 09:59:10,747 [INFO] PluginManager:220 - loadIPPluginJar : add genericplugin
2023-09-22 09:59:10,748 [INFO] IPUIPlugin:80 - create IPUIPlugin
2023-09-22 09:59:10,748 [INFO] PluginManager:220 - loadIPPluginJar : add gfxmmu
2023-09-22 09:59:10,752 [INFO] IPUIPlugin:80 - create IPUIPlugin
2023-09-22 09:59:10,752 [INFO] PluginManager:220 - loadIPPluginJar : add gic
2023-09-22 09:59:10,755 [INFO] IPUIPlugin:80 - create IPUIPlugin
2023-09-22 09:59:10,755 [INFO] PluginManager:220 - loadIPPluginJar : add gpio
2023-09-22 09:59:10,757 [INFO] IPUIPlugin:80 - create IPUIPlugin
2023-09-22 09:59:10,757 [INFO] PluginManager:220 - loadIPPluginJar : add gtzc
2023-09-22 09:59:10,759 [INFO] IPUIPlugin:80 - create IPUIPlugin
2023-09-22 09:59:10,759 [INFO] PluginManager:220 - loadIPPluginJar : add hash
2023-09-22 09:59:10,760 [INFO] IPUIPlugin:80 - create IPUIPlugin
2023-09-22 09:59:10,761 [INFO] PluginManager:220 - loadIPPluginJar : add i2c
2023-09-22 09:59:10,762 [INFO] IPUIPlugin:80 - create IPUIPlugin
2023-09-22 09:59:10,763 [INFO] PluginManager:220 - loadIPPluginJar : add i2s
2023-09-22 09:59:10,764 [INFO] IPUIPlugin:80 - create IPUIPlugin
2023-09-22 09:59:10,764 [INFO] PluginManager:220 - loadIPPluginJar : add i3c
2023-09-22 09:59:10,767 [INFO] IPUIPlugin:80 - create IPUIPlugin
2023-09-22 09:59:10,767 [INFO] PluginManager:220 - loadIPPluginJar : add ipddr
2023-09-22 09:59:10,774 [INFO] IPUIPlugin:80 - create IPUIPlugin
2023-09-22 09:59:10,774 [INFO] PluginManager:220 - loadIPPluginJar : add linkedlist
2023-09-22 09:59:10,776 [INFO] IPUIPlugin:80 - create IPUIPlugin
2023-09-22 09:59:10,776 [INFO] PluginManager:220 - loadIPPluginJar : add lorawan
2023-09-22 09:59:10,777 [INFO] IPUIPlugin:80 - create IPUIPlugin
2023-09-22 09:59:10,777 [INFO] PluginManager:220 - loadIPPluginJar : add ltdc
2023-09-22 09:59:10,782 [INFO] IPUIPlugin:80 - create IPUIPlugin
2023-09-22 09:59:10,782 [INFO] PluginManager:220 - loadIPPluginJar : add mdma
2023-09-22 09:59:10,786 [INFO] IPUIPlugin:80 - create IPUIPlugin
2023-09-22 09:59:10,786 [INFO] PluginManager:220 - loadIPPluginJar : add nvic
2023-09-22 09:59:10,789 [INFO] IPUIPlugin:80 - create IPUIPlugin
2023-09-22 09:59:10,789 [INFO] PluginManager:220 - loadIPPluginJar : add opamp
2023-09-22 09:59:10,791 [INFO] IPUIPlugin:80 - create IPUIPlugin
2023-09-22 09:59:10,791 [INFO] PluginManager:220 - loadIPPluginJar : add openamp
2023-09-22 09:59:10,793 [INFO] IPUIPlugin:80 - create IPUIPlugin
2023-09-22 09:59:10,793 [INFO] PluginManager:220 - loadIPPluginJar : add pdm2pcm
2023-09-22 09:59:10,798 [INFO] IPUIPlugin:80 - create IPUIPlugin
2023-09-22 09:59:10,801 [INFO] PluginManager:220 - loadIPPluginJar : add plateformsettings
2023-09-22 09:59:10,803 [INFO] IPUIPlugin:80 - create IPUIPlugin
2023-09-22 09:59:10,803 [INFO] PluginManager:220 - loadIPPluginJar : add quadspi
2023-09-22 09:59:10,805 [INFO] IPUIPlugin:80 - create IPUIPlugin
2023-09-22 09:59:10,806 [INFO] PluginManager:220 - loadIPPluginJar : add resmgrutility
2023-09-22 09:59:10,809 [INFO] IPUIPlugin:80 - create IPUIPlugin
2023-09-22 09:59:10,809 [INFO] PluginManager:220 - loadIPPluginJar : add sai
2023-09-22 09:59:10,812 [INFO] IPUIPlugin:80 - create IPUIPlugin
2023-09-22 09:59:10,812 [INFO] PluginManager:220 - loadIPPluginJar : add spi
2023-09-22 09:59:10,817 [INFO] IPUIPlugin:80 - create IPUIPlugin
2023-09-22 09:59:10,817 [INFO] PluginManager:220 - loadIPPluginJar : add stm32_wpan
2023-09-22 09:59:10,818 [INFO] IPUIPlugin:80 - create IPUIPlugin
2023-09-22 09:59:10,819 [INFO] PluginManager:220 - loadIPPluginJar : add tim
2023-09-22 09:59:10,821 [INFO] IPUIPlugin:80 - create IPUIPlugin
2023-09-22 09:59:10,821 [INFO] PluginManager:220 - loadIPPluginJar : add touchsensing
2023-09-22 09:59:10,822 [INFO] IPUIPlugin:80 - create IPUIPlugin
2023-09-22 09:59:10,822 [INFO] PluginManager:220 - loadIPPluginJar : add tracer_emb
2023-09-22 09:59:10,824 [INFO] IPUIPlugin:80 - create IPUIPlugin
2023-09-22 09:59:10,824 [INFO] PluginManager:220 - loadIPPluginJar : add ts
2023-09-22 09:59:10,825 [INFO] IPUIPlugin:80 - create IPUIPlugin
2023-09-22 09:59:10,826 [INFO] PluginManager:220 - loadIPPluginJar : add tsc
2023-09-22 09:59:10,827 [INFO] IPUIPlugin:80 - create IPUIPlugin
2023-09-22 09:59:10,827 [INFO] PluginManager:220 - loadIPPluginJar : add ucpd
2023-09-22 09:59:10,830 [INFO] IPUIPlugin:80 - create IPUIPlugin
2023-09-22 09:59:10,830 [INFO] PluginManager:220 - loadIPPluginJar : add usart
2023-09-22 09:59:10,832 [INFO] IPUIPlugin:80 - create IPUIPlugin
2023-09-22 09:59:10,833 [INFO] PluginManager:220 - loadIPPluginJar : add usbx
2023-09-22 09:59:10,953 [INFO] CADModel:165 - CPN selected for project level
2023-09-22 09:59:10,954 [INFO] CADModel:114 - Register for checkConnection events
2023-09-22 09:59:10,954 [FATAL] Updater:308 - Updater called before beeing initialized
2023-09-22 09:59:10,954 [ERROR] CADModel:125 - Updater not yet initialized, retry later 
2023-09-22 09:59:11,066 [INFO] CADModel:165 - CPN selected for project level
2023-09-22 09:59:11,066 [INFO] CADModel:114 - Register for checkConnection events
2023-09-22 09:59:11,066 [FATAL] Updater:308 - Updater called before beeing initialized
2023-09-22 09:59:11,066 [ERROR] CADModel:125 - Updater not yet initialized, retry later 
2023-09-22 09:59:11,069 [FATAL] Updater:308 - Updater called before beeing initialized
2023-09-22 09:59:11,151 [FATAL] Updater:308 - Updater called before beeing initialized
2023-09-22 09:59:11,155 [INFO] DbMcusAds:53 - JSON generation date=Tue Mar 07 16:50:55 CST 2023 (1678179055114)
2023-09-22 09:59:11,155 [FATAL] Updater:308 - Updater called before beeing initialized
2023-09-22 09:59:11,182 [WARN] DetailPanel:346 - Failed to get advertising image, set to default
2023-09-22 09:59:11,274 [FATAL] Updater:308 - Updater called before beeing initialized
2023-09-22 09:59:11,275 [FATAL] Updater:308 - Updater called before beeing initialized
2023-09-22 09:59:11,275 [FATAL] Updater:308 - Updater called before beeing initialized
2023-09-22 09:59:11,275 [WARN] DetailPanel:346 - Failed to get advertising image, set to default
2023-09-22 09:59:11,276 [FATAL] Updater:308 - Updater called before beeing initialized
2023-09-22 09:59:11,309 [ERROR] Updater:1120 - MainUpdater not yet initialized. External WinMGr cannot be set.
2023-09-22 09:59:11,310 [INFO] Updater:1056 - Updater Version found : 6.9.1
2023-09-22 09:59:11,325 [INFO] ApplicationProperties:184 - Using Application install path: D:\UsefulSoftware\STM32CubeIDE_1.13.1\STM32CubeIDE\plugins\com.st.stm32cube.common.mx_6.9.1.202307191849
2023-09-22 09:59:11,408 [INFO] MainUpdater:2868 - connection check result : 10
2023-09-22 09:59:11,409 [INFO] MainUpdater:285 - Updater Check For Update Now.
2023-09-22 09:59:11,409 [INFO] MicroXplorer:498 - Change Database Version : DB.6.0.91
2023-09-22 09:59:11,421 [INFO] McuFinderGlobals:63 - Set McuFinder mode to 2 (CubeIDE integrated)
2023-09-22 09:59:11,421 [INFO] UserAuth:179 - activating auth plugin
2023-09-22 09:59:11,423 [INFO] UserAuth:393 - Internet connection configuration mode: 1
2023-09-22 09:59:11,453 [INFO] JxBrowserEngine:151 - Initiate JxBrowser Engine with user profile folder
2023-09-22 09:59:11,570 [INFO] CheckServerUpdateThread:120 - End of CheckServer Thread
2023-09-22 09:59:12,029 [INFO] WebApp:157 - Instantiating new browser for Auth
2023-09-22 09:59:12,424 [INFO] WebApp:753 - Register for checkConnection events
2023-09-22 09:59:12,425 [INFO] WebApp:390 - Apply proxy settings
2023-09-22 09:59:12,425 [INFO] WebApp:475 - Chromium requires no authentication
2023-09-22 09:59:12,430 [INFO] WebApp:418 - Direct internet connection detected
2023-09-22 09:59:12,529 [INFO] WebApp:188 - Starting web application
2023-09-22 09:59:12,529 [INFO] WebApp:520 - Web application path used D:\UsefulSoftware\STM32CubeIDE_1.13.1\STM32CubeIDE\plugins\com.st.stm32cube.common.mx_6.9.1.202307191849\db\plugins\mcufinder\reactClient1\index.html
2023-09-22 09:59:13,457 [WARN] PackLoader:240 - Cannot read IP mode file for STMicroelectronics.X-CUBE-SMBUS.2.1.0
2023-09-22 09:59:13,480 [WARN] PackLoader:240 - Cannot read IP mode file for STMicroelectronics.X-CUBE-AZRTOS-F7.1.1.0
2023-09-22 09:59:13,500 [WARN] PackLoader:240 - Cannot read IP mode file for STMicroelectronics.FP-SNS-MOTENV1.4.3.2
2023-09-22 09:59:13,508 [WARN] PackLoader:240 - Cannot read IP mode file for STMicroelectronics.FP-SNS-FLIGHT1.5.0.2
2023-09-22 09:59:13,516 [WARN] PackLoader:240 - Cannot read IP mode file for STMicroelectronics.X-CUBE-DISPLAY.3.0.0
2023-09-22 09:59:13,530 [WARN] PackLoader:240 - Cannot read IP mode file for STMicroelectronics.X-CUBE-BLE1.7.0.0
2023-09-22 09:59:13,536 [WARN] PackLoader:240 - Cannot read IP mode file for emotas.I-CUBE-CANOPEN.1.3.0
2023-09-22 09:59:13,544 [WARN] PackLoader:240 - Cannot read IP mode file for STMicroelectronics.X-CUBE-TOUCHGFX.4.22.0
2023-09-22 09:59:13,548 [WARN] PackLoader:240 - Cannot read IP mode file for STMicroelectronics.FP-SNS-SMARTAG2.1.2.0
2023-09-22 09:59:13,561 [INFO] LogOutputStream:77 - [STDOUT_REDIRECT] 1 : Invalid condition id : UX_CORESTACK_Condition cause : null
2023-09-22 09:59:13,561 [INFO] LogOutputStream:77 - [STDOUT_REDIRECT] 1 : Invalid condition id : UX_CORESTACK_Condition cause : null
2023-09-22 09:59:13,563 [INFO] LogOutputStream:77 - [STDOUT_REDIRECT] 1 : Invalid condition id : UX_CORESTACK_Condition cause : null
2023-09-22 09:59:13,564 [INFO] LogOutputStream:77 - [STDOUT_REDIRECT] 1 : Invalid condition id : UX_CORESTACK_Condition cause : null
2023-09-22 09:59:13,565 [INFO] LogOutputStream:77 - [STDOUT_REDIRECT] 1 : Invalid condition id : UX_CORESTACK_Condition cause : null
2023-09-22 09:59:13,568 [WARN] PackLoader:240 - Cannot read IP mode file for STMicroelectronics.X-CUBE-AZRTOS-WL.2.0.0
2023-09-22 09:59:13,580 [WARN] PackLoader:240 - Cannot read IP mode file for WES.I-CUBE-Cesium.1.3.0
2023-09-22 09:59:13,591 [WARN] PackLoader:240 - Cannot read IP mode file for STMicroelectronics.X-CUBE-BLE2.3.3.0
2023-09-22 09:59:13,598 [WARN] PackLoader:240 - Cannot read IP mode file for STMicroelectronics.X-CUBE-ALGOBUILD.1.3.0
2023-09-22 09:59:13,615 [WARN] PackLoader:240 - Cannot read IP mode file for STMicroelectronics.X-CUBE-AZRTOS-G0.1.1.0
2023-09-22 09:59:13,637 [WARN] PackLoader:240 - Cannot read IP mode file for STMicroelectronics.X-CUBE-NFC4.3.0.0
2023-09-22 09:59:13,646 [WARN] PackLoader:240 - Cannot read IP mode file for STMicroelectronics.FP-ATR-SIGFOX1.3.2.0
2023-09-22 09:59:13,686 [WARN] PackLoader:240 - Cannot read IP mode file for SEGGER.I-CUBE-embOS.1.3.1
2023-09-22 09:59:13,715 [WARN] PackLoader:240 - Cannot read IP mode file for STMicroelectronics.X-CUBE-GNSS1.6.0.0
2023-09-22 09:59:13,730 [WARN] PackLoader:240 - Cannot read IP mode file for STMicroelectronics.X-CUBE-AZRTOS-F4.1.1.0
2023-09-22 09:59:13,738 [WARN] PackLoader:240 - Cannot read IP mode file for wolfSSL.I-CUBE-wolfSSL.5.6.3
2023-09-22 09:59:13,751 [WARN] PackLoader:240 - Cannot read IP mode file for STMicroelectronics.X-CUBE-AZRTOS-L5.2.0.0
2023-09-22 09:59:13,785 [WARN] PackLoader:240 - Cannot read IP mode file for STMicroelectronics.X-CUBE-MEMS1.9.6.0
2023-09-22 09:59:13,876 [WARN] PackLoader:240 - Cannot read IP mode file for STMicroelectronics.X-CUBE-BLEMGR.2.0.0
2023-09-22 09:59:13,890 [WARN] ConditionMgr:438 - getConditionDescription Invalid condition id : UX DEVICE CLASS RTOS Condition cause : null
2023-09-22 09:59:13,890 [WARN] ConditionMgr:438 - getConditionDescription Invalid condition id : UX DEVICE CLASS RTOS Condition cause : null
2023-09-22 09:59:13,892 [WARN] PackLoader:240 - Cannot read IP mode file for STMicroelectronics.X-CUBE-AZRTOS-H7.3.1.0
2023-09-22 09:59:13,893 [WARN] ConditionMgr:1039 - genDependencies : Invalid condition id : UX DEVICE CLASS RTOS Condition cause : null
2023-09-22 09:59:13,893 [WARN] ConditionMgr:1039 - genDependencies : Invalid condition id : UX DEVICE CLASS RTOS Condition cause : null
2023-09-22 09:59:13,893 [WARN] ConditionMgr:1039 - genDependencies : Invalid condition id : UX DEVICE CLASS RTOS Condition cause : null
2023-09-22 09:59:13,893 [WARN] ConditionMgr:1039 - genDependencies : Invalid condition id : UX DEVICE CLASS RTOS Condition cause : null
2023-09-22 09:59:13,893 [WARN] ConditionMgr:1039 - genDependencies : Invalid condition id : UX DEVICE CLASS RTOS Condition cause : null
2023-09-22 09:59:13,900 [WARN] PackLoader:240 - Cannot read IP mode file for STMicroelectronics.X-CUBE-NFC7.1.0.1
2023-09-22 09:59:13,906 [WARN] PackLoader:240 - Cannot read IP mode file for STMicroelectronics.X-CUBE-NFC6.3.0.0
2023-09-22 09:59:13,912 [WARN] PackLoader:240 - Cannot read IP mode file for STMicroelectronics.X-CUBE-EEPRMA1.4.1.0
2023-09-22 09:59:13,918 [WARN] PackLoader:240 - Cannot read IP mode file for STMicroelectronics.X-CUBE-AI.8.1.0
2023-09-22 09:59:13,930 [WARN] ConditionMgr:438 - getConditionDescription Invalid condition id : LAN8742 Phy interface Condition cause : null
2023-09-22 09:59:13,931 [WARN] PackLoader:240 - Cannot read IP mode file for STMicroelectronics.X-CUBE-AZRTOS-L4.2.0.0
2023-09-22 09:59:13,932 [WARN] ConditionMgr:1039 - genDependencies : Invalid condition id : LAN8742 Phy interface Condition cause : null
2023-09-22 09:59:13,932 [WARN] ConditionMgr:1039 - genDependencies : Invalid condition id : LAN8742 Phy interface Condition cause : null
2023-09-22 09:59:13,933 [WARN] ConditionMgr:1039 - genDependencies : Invalid condition id : LAN8742 Phy interface Condition cause : null
2023-09-22 09:59:13,940 [WARN] PackLoader:240 - Cannot read IP mode file for STMicroelectronics.X-CUBE-SFXS2LP1.4.0.0
2023-09-22 09:59:13,947 [WARN] PackLoader:240 - Cannot read IP mode file for STMicroelectronics.X-CUBE-ISPU.1.1.0
2023-09-22 09:59:13,955 [WARN] ConditionMgr:438 - getConditionDescription Invalid condition id : UX DEVICE CLASS RTOS Condition cause : null
2023-09-22 09:59:13,955 [WARN] ConditionMgr:438 - getConditionDescription Invalid condition id : UX DEVICE CLASS RTOS Condition cause : null
2023-09-22 09:59:13,957 [WARN] PackLoader:240 - Cannot read IP mode file for STMicroelectronics.X-CUBE-AZRTOS-WB.2.0.0
2023-09-22 09:59:13,957 [WARN] ConditionMgr:1039 - genDependencies : Invalid condition id : UX DEVICE CLASS RTOS Condition cause : null
2023-09-22 09:59:13,957 [WARN] ConditionMgr:1039 - genDependencies : Invalid condition id : UX DEVICE CLASS RTOS Condition cause : null
2023-09-22 09:59:13,958 [WARN] ConditionMgr:1039 - genDependencies : Invalid condition id : UX DEVICE CLASS RTOS Condition cause : null
2023-09-22 09:59:13,958 [WARN] ConditionMgr:1039 - genDependencies : Invalid condition id : UX DEVICE CLASS RTOS Condition cause : null
2023-09-22 09:59:13,958 [WARN] ConditionMgr:1039 - genDependencies : Invalid condition id : UX DEVICE CLASS RTOS Condition cause : null
2023-09-22 09:59:13,971 [WARN] PackLoader:240 - Cannot read IP mode file for STMicroelectronics.X-CUBE-SUBG2.5.0.0
2023-09-22 09:59:13,981 [WARN] PackLoader:240 - Cannot read IP mode file for STMicroelectronics.X-CUBE-TOF1.3.3.1
2023-09-22 09:59:13,993 [WARN] PackLoader:240 - Cannot read IP mode file for STMicroelectronics.X-CUBE-AZRTOS-G4.2.0.0
2023-09-22 09:59:13,999 [WARN] PackLoader:240 - Cannot read IP mode file for STMicroelectronics.X-CUBE-FREERTOS.1.1.0
2023-09-22 09:59:14,006 [WARN] PackLoader:240 - Cannot read IP mode file for portGmbH.I-Cube-SoM-uGOAL.1.1.0
2023-09-22 09:59:14,011 [WARN] PackLoader:240 - Cannot read IP mode file for STMicroelectronics.X-CUBE-ALS.1.0.1
2023-09-22 09:59:14,016 [WARN] PackLoader:240 - Cannot read IP mode file for STMicroelectronics.FP-ATR-ASTRA1.2.0.0
2023-09-22 09:59:14,017 [INFO] ThirdParty:978 - Integrity check success = true
2023-09-22 09:59:14,017 [INFO] IntegrityCheckThread:100 - exiting critical section [integrity check]
2023-09-22 09:59:14,017 [INFO] IntegrityCheckThread:103 - End integrity checks thread
2023-09-22 09:59:33,240 [ERROR] LogOutputStream:75 - [STDERR_REDIRECT] SLF4J: Failed to load class "org.slf4j.impl.StaticLoggerBinder".
2023-09-22 09:59:33,240 [ERROR] LogOutputStream:75 - [STDERR_REDIRECT] SLF4J: Defaulting to no-operation (NOP) logger implementation
2023-09-22 09:59:33,242 [ERROR] LogOutputStream:75 - [STDERR_REDIRECT] SLF4J: See http://www.slf4j.org/codes.html#StaticLoggerBinder for further details.
2023-09-22 10:00:23,349 [ERROR] LogOutputStream:75 - [STDERR_REDIRECT] 
