2023-09-22 09:20:31,393 [INFO] Activator:176 - 


2023-09-22 09:20:31,393 [INFO] Activator:177 - !SESSION log4j initialized
2023-09-22 09:20:35,884 [INFO] LogOutputStream:77 - [STDOUT_REDIRECT] 
2023-09-22 09:20:37,248 [INFO] ApplicationProperties:184 - Using Application install path: D:\UsefulSoftware\STM32CubeIDE_1.13.1\STM32CubeIDE\plugins\com.st.stm32cube.common.mx_6.9.1.202307191849
2023-09-22 09:20:37,263 [INFO] DbMcusXml:78 - Set database path to: D:\UsefulSoftware\STM32CubeIDE_1.13.1\STM32CubeIDE\plugins\com.st.stm32cube.common.mx_6.9.1.202307191849\\db\/mcu/
2023-09-22 09:20:37,263 [INFO] ApiDb:274 - Set plugin database path to: D:\UsefulSoftware\STM32CubeIDE_1.13.1\STM32CubeIDE\plugins\com.st.stm32cube.common.mx_6.9.1.202307191849\\db\/plugins/boardmanager/
2023-09-22 09:20:37,264 [WARN] ApiDb:259 - Overriding images path with different value:  => D:\UsefulSoftware\STM32CubeIDE_1.13.1\STM32CubeIDE\plugins\com.st.stm32cube.common.mx_6.9.1.202307191849\\db\/plugins/mcufinder/images/
2023-09-22 09:20:37,273 [INFO] ApiDb:250 - Set database path to: C:\Users\haosh\.stmcufinder\plugins\mcufinder//mcu/
2023-09-22 09:20:37,274 [INFO] DbMcusAds:125 - Set database path to: C:\Users\haosh\.stmcufinder\plugins\mcufinder//mcu/
2023-09-22 09:20:37,277 [INFO] CrossReferenceDbSqlite:203 - Set database path to: C:\Users\haosh\.stmcufinder\plugins\mcufinder//mcu/cs/
2023-09-22 09:20:37,378 [INFO] RulesReader:64 - Compatibility file has been processed (293 Rules)
2023-09-22 09:20:37,486 [INFO] DbMcusXml:78 - Set database path to: D:\UsefulSoftware\STM32CubeIDE_1.13.1\STM32CubeIDE\plugins\com.st.stm32cube.common.mx_6.9.1.202307191849\\db\/mcu/
2023-09-22 09:20:37,486 [INFO] ApiDb:274 - Set plugin database path to: D:\UsefulSoftware\STM32CubeIDE_1.13.1\STM32CubeIDE\plugins\com.st.stm32cube.common.mx_6.9.1.202307191849\\db\/plugins/boardmanager/
2023-09-22 09:20:37,486 [INFO] ApiDb:261 - Set plugin images path to: D:\UsefulSoftware\STM32CubeIDE_1.13.1\STM32CubeIDE\plugins\com.st.stm32cube.common.mx_6.9.1.202307191849\\db\/plugins/mcufinder/images/
2023-09-22 09:20:37,487 [WARN] DbFile:41 - Overriding database path with different value: C:\Users\haosh\.stmcufinder\plugins\mcufinder/ => C:\Users\haosh\.stmcufinder\plugins\mcufinder
2023-09-22 09:20:37,487 [INFO] ApiDb:250 - Set database path to: C:\Users\haosh\.stmcufinder\plugins\mcufinder//mcu/
2023-09-22 09:20:37,487 [WARN] DbFile:41 - Overriding database path with different value: C:\Users\haosh\.stmcufinder\plugins\mcufinder/ => C:\Users\haosh\.stmcufinder\plugins\mcufinder
2023-09-22 09:20:37,487 [INFO] DbMcusAds:125 - Set database path to: C:\Users\haosh\.stmcufinder\plugins\mcufinder//mcu/
2023-09-22 09:20:37,487 [WARN] DbFile:41 - Overriding database path with different value: C:\Users\haosh\.stmcufinder\plugins\mcufinder/ => C:\Users\haosh\.stmcufinder\plugins\mcufinder
2023-09-22 09:20:37,487 [WARN] DbFile:41 - Overriding database path with different value: C:\Users\haosh\.stmcufinder\plugins\mcufinder/ => C:\Users\haosh\.stmcufinder\plugins\mcufinder
2023-09-22 09:20:37,487 [INFO] CrossReferenceDbSqlite:203 - Set database path to: C:\Users\haosh\.stmcufinder\plugins\mcufinder//mcu/cs/
2023-09-22 09:20:37,560 [INFO] MainPanel:262 - HeapMemory: 268435456
2023-09-22 09:20:37,625 [INFO] DbMcusXml:78 - Set database path to: D:\UsefulSoftware\STM32CubeIDE_1.13.1\STM32CubeIDE\plugins\com.st.stm32cube.common.mx_6.9.1.202307191849\\db\/mcu/
2023-09-22 09:20:37,625 [INFO] ApiDb:274 - Set plugin database path to: D:\UsefulSoftware\STM32CubeIDE_1.13.1\STM32CubeIDE\plugins\com.st.stm32cube.common.mx_6.9.1.202307191849\\db\/plugins/boardmanager/
2023-09-22 09:20:37,625 [INFO] ApiDb:261 - Set plugin images path to: D:\UsefulSoftware\STM32CubeIDE_1.13.1\STM32CubeIDE\plugins\com.st.stm32cube.common.mx_6.9.1.202307191849\\db\/plugins/mcufinder/images/
2023-09-22 09:20:37,626 [WARN] DbFile:41 - Overriding database path with different value: C:\Users\haosh\.stmcufinder\plugins\mcufinder/ => C:\Users\haosh\.stmcufinder\plugins\mcufinder
2023-09-22 09:20:37,626 [INFO] ApiDb:250 - Set database path to: C:\Users\haosh\.stmcufinder\plugins\mcufinder//mcu/
2023-09-22 09:20:37,626 [WARN] DbFile:41 - Overriding database path with different value: C:\Users\haosh\.stmcufinder\plugins\mcufinder/ => C:\Users\haosh\.stmcufinder\plugins\mcufinder
2023-09-22 09:20:37,626 [INFO] DbMcusAds:125 - Set database path to: C:\Users\haosh\.stmcufinder\plugins\mcufinder//mcu/
2023-09-22 09:20:37,626 [WARN] DbFile:41 - Overriding database path with different value: C:\Users\haosh\.stmcufinder\plugins\mcufinder/ => C:\Users\haosh\.stmcufinder\plugins\mcufinder
2023-09-22 09:20:37,626 [WARN] DbFile:41 - Overriding database path with different value: C:\Users\haosh\.stmcufinder\plugins\mcufinder/ => C:\Users\haosh\.stmcufinder\plugins\mcufinder
2023-09-22 09:20:37,626 [INFO] CrossReferenceDbSqlite:203 - Set database path to: C:\Users\haosh\.stmcufinder\plugins\mcufinder//mcu/cs/
2023-09-22 09:20:37,642 [INFO] ApplicationProperties:184 - Using Application install path: D:\UsefulSoftware\STM32CubeIDE_1.13.1\STM32CubeIDE\plugins\com.st.stm32cube.common.mx_6.9.1.202307191849
2023-09-22 09:20:37,643 [INFO] PluginManage:196 - Search for loadable plugins [exclusion list=, ]
2023-09-22 09:20:37,645 [INFO] PluginManage:310 - Check plugin analytics
2023-09-22 09:20:37,774 [INFO] AnalyticsPlugin:253 - Accepted Software Licenses: 
2023-09-22 09:20:37,774 [INFO] AnalyticsPlugin:255 - Accepted CMSIS Pack Licenses: 
2023-09-22 09:20:37,774 [INFO] AnalyticsPlugin:257 - Accepted Firmware Licenses: 
2023-09-22 09:20:37,777 [INFO] PluginManage:359 - Loaded plugin analytics (category:tool,tabindex:-1)
2023-09-22 09:20:37,778 [INFO] PluginManage:310 - Check plugin cadmodel
2023-09-22 09:20:37,782 [INFO] CADModel:105 - Init CAD model plugin
2023-09-22 09:20:37,782 [INFO] PluginManage:359 - Loaded plugin cadmodel (category:power,tabindex:5)
2023-09-22 09:20:37,782 [INFO] PluginManage:310 - Check plugin clock
2023-09-22 09:20:37,791 [INFO] PluginManage:359 - Loaded plugin clock (category:base,tabindex:2)
2023-09-22 09:20:37,791 [INFO] PluginManage:310 - Check plugin ddr
2023-09-22 09:20:37,792 [INFO] PluginManage:359 - Loaded plugin ddr (category:tool,tabindex:6)
2023-09-22 09:20:37,793 [INFO] PluginManage:310 - Check plugin filemanager
2023-09-22 09:20:37,902 [INFO] PluginManage:359 - Loaded plugin filemanager (category:base,tabindex:10)
2023-09-22 09:20:37,902 [INFO] PluginManage:310 - Check plugin ipmanager
2023-09-22 09:20:37,911 [INFO] PluginManage:359 - Loaded plugin ipmanager (category:base,tabindex:5)
2023-09-22 09:20:37,911 [INFO] PluginManage:310 - Check plugin lpbam
2023-09-22 09:20:37,918 [INFO] PluginManage:359 - Loaded plugin lpbam (category:base,tabindex:0)
2023-09-22 09:20:37,918 [INFO] PluginManage:310 - Check plugin memorymap
2023-09-22 09:20:37,928 [INFO] PluginManage:359 - Loaded plugin memorymap (category:base,tabindex:4)
2023-09-22 09:20:37,928 [INFO] PluginManage:310 - Check plugin pinoutandconfiguration
2023-09-22 09:20:37,933 [INFO] PluginManage:359 - Loaded plugin pinoutandconfiguration (category:base,tabindex:1)
2023-09-22 09:20:37,934 [INFO] PluginManage:310 - Check plugin pinoutconfig
2023-09-22 09:20:38,018 [WARN] SupportedApi:132 - Cannot load RTOS API schema: s4s-elt-must-match.1: The content of 'definitions' must match (annotation?, (simpleType | complexType)?, (unique | key | keyref)*)). A problem was found starting at: attribute.
2023-09-22 09:20:38,116 [INFO] PluginManage:359 - Loaded plugin pinoutconfig (category:base,tabindex:0)
2023-09-22 09:20:38,116 [INFO] PluginManage:310 - Check plugin power
2023-09-22 09:20:38,122 [INFO] PluginManage:359 - Loaded plugin power (category:power,tabindex:4)
2023-09-22 09:20:38,123 [INFO] PluginManage:310 - Check plugin projectmanager
2023-09-22 09:20:38,134 [INFO] PluginManage:359 - Loaded plugin projectmanager (category:projectmanager,tabindex:3)
2023-09-22 09:20:38,135 [INFO] PluginManage:310 - Check plugin thirdparty
2023-09-22 09:20:38,236 [WARN] IntegrityCheckThread:84 - waiting for thirdparty lock release [integrity check]
2023-09-22 09:20:38,237 [INFO] PluginManage:359 - Loaded plugin thirdparty (category:base,tabindex:-1)
2023-09-22 09:20:38,237 [INFO] IntegrityCheckThread:86 - entering critical section [integrity check]
2023-09-22 09:20:38,237 [INFO] PluginManage:310 - Check plugin tools
2023-09-22 09:20:38,237 [INFO] ThirdPartyUpdaterWithRetryManager:70 - Updater plugin not ready yet. [1/15]
2023-09-22 09:20:38,241 [INFO] PluginManage:359 - Loaded plugin tools (category:base,tabindex:7)
2023-09-22 09:20:38,241 [INFO] PluginManage:310 - Check plugin tutovideos
2023-09-22 09:20:38,375 [INFO] PluginManage:359 - Loaded plugin tutovideos (category:base,tabindex:-1)
2023-09-22 09:20:38,376 [INFO] PluginManage:310 - Check plugin updater
2023-09-22 09:20:38,384 [INFO] PluginManage:359 - Loaded plugin updater (category:base,tabindex:12)
2023-09-22 09:20:38,385 [INFO] PluginManage:310 - Check plugin userauth
2023-09-22 09:20:38,389 [INFO] UserAuth:113 - Init User Auth plugin
2023-09-22 09:20:38,389 [INFO] PluginManage:359 - Loaded plugin userauth (category:base,tabindex:14)
2023-09-22 09:20:38,389 [INFO] PluginManage:283 - PluginManage : Loaded plugins [17]
2023-09-22 09:20:38,570 [INFO] PinOutPanel:1499 - setPackage(No Configuration,No Configuration)
2023-09-22 09:20:38,680 [INFO] CADModel:165 - CPN selected for project level
2023-09-22 09:20:38,680 [INFO] CADModel:114 - Register for checkConnection events
2023-09-22 09:20:38,692 [INFO] IPUIPlugin:80 - create IPUIPlugin
2023-09-22 09:20:38,692 [INFO] PluginManager:220 - loadIPPluginJar : add adc
2023-09-22 09:20:38,694 [INFO] IPUIPlugin:80 - create IPUIPlugin
2023-09-22 09:20:38,695 [INFO] PluginManager:220 - loadIPPluginJar : add aes
2023-09-22 09:20:38,696 [INFO] IPUIPlugin:80 - create IPUIPlugin
2023-09-22 09:20:38,697 [INFO] PluginManager:220 - loadIPPluginJar : add can
2023-09-22 09:20:38,697 [INFO] IPUIPlugin:80 - create IPUIPlugin
2023-09-22 09:20:38,698 [INFO] PluginManager:220 - loadIPPluginJar : add comp
2023-09-22 09:20:38,699 [INFO] IPUIPlugin:80 - create IPUIPlugin
2023-09-22 09:20:38,699 [INFO] PluginManager:220 - loadIPPluginJar : add cryp
2023-09-22 09:20:38,700 [INFO] IPUIPlugin:80 - create IPUIPlugin
2023-09-22 09:20:38,700 [INFO] PluginManager:220 - loadIPPluginJar : add dfsdm
2023-09-22 09:20:38,705 [INFO] IPUIPlugin:80 - create IPUIPlugin
2023-09-22 09:20:38,706 [INFO] PluginManager:220 - loadIPPluginJar : add dma
2023-09-22 09:20:38,707 [INFO] IPUIPlugin:80 - create IPUIPlugin
2023-09-22 09:20:38,707 [INFO] PluginManager:220 - loadIPPluginJar : add dma3
2023-09-22 09:20:38,709 [INFO] IPUIPlugin:80 - create IPUIPlugin
2023-09-22 09:20:38,709 [INFO] PluginManager:220 - loadIPPluginJar : add fatfs
2023-09-22 09:20:38,712 [INFO] IPUIPlugin:80 - create IPUIPlugin
2023-09-22 09:20:38,712 [INFO] PluginManager:220 - loadIPPluginJar : add fmc
2023-09-22 09:20:38,716 [INFO] IPUIPlugin:80 - create IPUIPlugin
2023-09-22 09:20:38,717 [INFO] PluginManager:220 - loadIPPluginJar : add freertos
2023-09-22 09:20:38,718 [INFO] IPUIPlugin:80 - create IPUIPlugin
2023-09-22 09:20:38,718 [INFO] PluginManager:220 - loadIPPluginJar : add genericplugin
2023-09-22 09:20:38,719 [INFO] IPUIPlugin:80 - create IPUIPlugin
2023-09-22 09:20:38,719 [INFO] PluginManager:220 - loadIPPluginJar : add gfxmmu
2023-09-22 09:20:38,723 [INFO] IPUIPlugin:80 - create IPUIPlugin
2023-09-22 09:20:38,723 [INFO] PluginManager:220 - loadIPPluginJar : add gic
2023-09-22 09:20:38,726 [INFO] IPUIPlugin:80 - create IPUIPlugin
2023-09-22 09:20:38,726 [INFO] PluginManager:220 - loadIPPluginJar : add gpio
2023-09-22 09:20:38,728 [INFO] IPUIPlugin:80 - create IPUIPlugin
2023-09-22 09:20:38,728 [INFO] PluginManager:220 - loadIPPluginJar : add gtzc
2023-09-22 09:20:38,730 [INFO] IPUIPlugin:80 - create IPUIPlugin
2023-09-22 09:20:38,730 [INFO] PluginManager:220 - loadIPPluginJar : add hash
2023-09-22 09:20:38,732 [INFO] IPUIPlugin:80 - create IPUIPlugin
2023-09-22 09:20:38,732 [INFO] PluginManager:220 - loadIPPluginJar : add i2c
2023-09-22 09:20:38,734 [INFO] IPUIPlugin:80 - create IPUIPlugin
2023-09-22 09:20:38,735 [INFO] PluginManager:220 - loadIPPluginJar : add i2s
2023-09-22 09:20:38,737 [INFO] IPUIPlugin:80 - create IPUIPlugin
2023-09-22 09:20:38,737 [INFO] PluginManager:220 - loadIPPluginJar : add i3c
2023-09-22 09:20:38,740 [INFO] IPUIPlugin:80 - create IPUIPlugin
2023-09-22 09:20:38,741 [INFO] PluginManager:220 - loadIPPluginJar : add ipddr
2023-09-22 09:20:38,747 [INFO] IPUIPlugin:80 - create IPUIPlugin
2023-09-22 09:20:38,747 [INFO] PluginManager:220 - loadIPPluginJar : add linkedlist
2023-09-22 09:20:38,749 [INFO] IPUIPlugin:80 - create IPUIPlugin
2023-09-22 09:20:38,750 [INFO] PluginManager:220 - loadIPPluginJar : add lorawan
2023-09-22 09:20:38,751 [INFO] IPUIPlugin:80 - create IPUIPlugin
2023-09-22 09:20:38,751 [INFO] PluginManager:220 - loadIPPluginJar : add ltdc
2023-09-22 09:20:38,755 [INFO] IPUIPlugin:80 - create IPUIPlugin
2023-09-22 09:20:38,755 [INFO] PluginManager:220 - loadIPPluginJar : add mdma
2023-09-22 09:20:38,758 [INFO] IPUIPlugin:80 - create IPUIPlugin
2023-09-22 09:20:38,758 [INFO] PluginManager:220 - loadIPPluginJar : add nvic
2023-09-22 09:20:38,760 [INFO] IPUIPlugin:80 - create IPUIPlugin
2023-09-22 09:20:38,760 [INFO] PluginManager:220 - loadIPPluginJar : add opamp
2023-09-22 09:20:38,762 [INFO] IPUIPlugin:80 - create IPUIPlugin
2023-09-22 09:20:38,762 [INFO] PluginManager:220 - loadIPPluginJar : add openamp
2023-09-22 09:20:38,764 [INFO] IPUIPlugin:80 - create IPUIPlugin
2023-09-22 09:20:38,765 [INFO] PluginManager:220 - loadIPPluginJar : add pdm2pcm
2023-09-22 09:20:38,769 [INFO] IPUIPlugin:80 - create IPUIPlugin
2023-09-22 09:20:38,771 [INFO] PluginManager:220 - loadIPPluginJar : add plateformsettings
2023-09-22 09:20:38,773 [INFO] IPUIPlugin:80 - create IPUIPlugin
2023-09-22 09:20:38,773 [INFO] PluginManager:220 - loadIPPluginJar : add quadspi
2023-09-22 09:20:38,776 [INFO] IPUIPlugin:80 - create IPUIPlugin
2023-09-22 09:20:38,776 [INFO] PluginManager:220 - loadIPPluginJar : add resmgrutility
2023-09-22 09:20:38,778 [INFO] IPUIPlugin:80 - create IPUIPlugin
2023-09-22 09:20:38,778 [INFO] PluginManager:220 - loadIPPluginJar : add sai
2023-09-22 09:20:38,780 [INFO] IPUIPlugin:80 - create IPUIPlugin
2023-09-22 09:20:38,780 [INFO] PluginManager:220 - loadIPPluginJar : add spi
2023-09-22 09:20:38,783 [INFO] IPUIPlugin:80 - create IPUIPlugin
2023-09-22 09:20:38,783 [INFO] PluginManager:220 - loadIPPluginJar : add stm32_wpan
2023-09-22 09:20:38,785 [INFO] IPUIPlugin:80 - create IPUIPlugin
2023-09-22 09:20:38,785 [INFO] PluginManager:220 - loadIPPluginJar : add tim
2023-09-22 09:20:38,787 [INFO] IPUIPlugin:80 - create IPUIPlugin
2023-09-22 09:20:38,787 [INFO] PluginManager:220 - loadIPPluginJar : add touchsensing
2023-09-22 09:20:38,788 [INFO] IPUIPlugin:80 - create IPUIPlugin
2023-09-22 09:20:38,788 [INFO] PluginManager:220 - loadIPPluginJar : add tracer_emb
2023-09-22 09:20:38,789 [INFO] IPUIPlugin:80 - create IPUIPlugin
2023-09-22 09:20:38,789 [INFO] PluginManager:220 - loadIPPluginJar : add ts
2023-09-22 09:20:38,790 [INFO] IPUIPlugin:80 - create IPUIPlugin
2023-09-22 09:20:38,790 [INFO] PluginManager:220 - loadIPPluginJar : add tsc
2023-09-22 09:20:38,791 [INFO] IPUIPlugin:80 - create IPUIPlugin
2023-09-22 09:20:38,792 [INFO] PluginManager:220 - loadIPPluginJar : add ucpd
2023-09-22 09:20:38,793 [INFO] IPUIPlugin:80 - create IPUIPlugin
2023-09-22 09:20:38,793 [INFO] PluginManager:220 - loadIPPluginJar : add usart
2023-09-22 09:20:38,795 [INFO] IPUIPlugin:80 - create IPUIPlugin
2023-09-22 09:20:38,795 [INFO] PluginManager:220 - loadIPPluginJar : add usbx
2023-09-22 09:20:38,916 [INFO] CADModel:165 - CPN selected for project level
2023-09-22 09:20:38,916 [INFO] CADModel:114 - Register for checkConnection events
2023-09-22 09:20:38,917 [FATAL] Updater:308 - Updater called before beeing initialized
2023-09-22 09:20:38,917 [ERROR] CADModel:125 - Updater not yet initialized, retry later 
2023-09-22 09:20:39,032 [INFO] CADModel:165 - CPN selected for project level
2023-09-22 09:20:39,032 [INFO] CADModel:114 - Register for checkConnection events
2023-09-22 09:20:39,032 [FATAL] Updater:308 - Updater called before beeing initialized
2023-09-22 09:20:39,033 [ERROR] CADModel:125 - Updater not yet initialized, retry later 
2023-09-22 09:20:39,036 [FATAL] Updater:308 - Updater called before beeing initialized
2023-09-22 09:20:39,126 [FATAL] Updater:308 - Updater called before beeing initialized
2023-09-22 09:20:39,130 [INFO] DbMcusAds:53 - JSON generation date=Tue Mar 07 16:50:55 CST 2023 (1678179055114)
2023-09-22 09:20:39,131 [FATAL] Updater:308 - Updater called before beeing initialized
2023-09-22 09:20:39,159 [WARN] DetailPanel:346 - Failed to get advertising image, set to default
2023-09-22 09:20:39,274 [FATAL] Updater:308 - Updater called before beeing initialized
2023-09-22 09:20:39,276 [FATAL] Updater:308 - Updater called before beeing initialized
2023-09-22 09:20:39,276 [FATAL] Updater:308 - Updater called before beeing initialized
2023-09-22 09:20:39,276 [WARN] DetailPanel:346 - Failed to get advertising image, set to default
2023-09-22 09:20:39,277 [FATAL] Updater:308 - Updater called before beeing initialized
2023-09-22 09:20:39,316 [ERROR] Updater:1120 - MainUpdater not yet initialized. External WinMGr cannot be set.
2023-09-22 09:20:39,318 [INFO] Updater:1056 - Updater Version found : 6.9.1
2023-09-22 09:20:39,331 [INFO] ApplicationProperties:184 - Using Application install path: D:\UsefulSoftware\STM32CubeIDE_1.13.1\STM32CubeIDE\plugins\com.st.stm32cube.common.mx_6.9.1.202307191849
2023-09-22 09:20:39,429 [INFO] MainUpdater:2868 - connection check result : 10
2023-09-22 09:20:39,431 [INFO] MainUpdater:285 - Updater Check For Update Now.
2023-09-22 09:20:39,431 [INFO] MicroXplorer:498 - Change Database Version : DB.6.0.91
2023-09-22 09:20:39,444 [INFO] McuFinderGlobals:63 - Set McuFinder mode to 2 (CubeIDE integrated)
2023-09-22 09:20:39,444 [INFO] UserAuth:179 - activating auth plugin
2023-09-22 09:20:39,448 [INFO] UserAuth:393 - Internet connection configuration mode: 1
2023-09-22 09:20:39,476 [INFO] JxBrowserEngine:151 - Initiate JxBrowser Engine with user profile folder
2023-09-22 09:20:39,594 [INFO] CheckServerUpdateThread:120 - End of CheckServer Thread
2023-09-22 09:20:40,042 [INFO] WebApp:157 - Instantiating new browser for Auth
2023-09-22 09:20:40,402 [INFO] WebApp:753 - Register for checkConnection events
2023-09-22 09:20:40,404 [INFO] WebApp:390 - Apply proxy settings
2023-09-22 09:20:40,404 [INFO] WebApp:475 - Chromium requires no authentication
2023-09-22 09:20:40,409 [INFO] WebApp:418 - Direct internet connection detected
2023-09-22 09:20:40,516 [INFO] WebApp:188 - Starting web application
2023-09-22 09:20:40,516 [INFO] WebApp:520 - Web application path used D:\UsefulSoftware\STM32CubeIDE_1.13.1\STM32CubeIDE\plugins\com.st.stm32cube.common.mx_6.9.1.202307191849\db\plugins\mcufinder\reactClient1\index.html
2023-09-22 09:20:41,461 [WARN] PackLoader:240 - Cannot read IP mode file for STMicroelectronics.X-CUBE-SMBUS.2.1.0
2023-09-22 09:20:41,495 [WARN] PackLoader:240 - Cannot read IP mode file for STMicroelectronics.X-CUBE-AZRTOS-F7.1.1.0
2023-09-22 09:20:41,508 [WARN] PackLoader:240 - Cannot read IP mode file for STMicroelectronics.FP-SNS-MOTENV1.4.3.2
2023-09-22 09:20:41,522 [WARN] PackLoader:240 - Cannot read IP mode file for STMicroelectronics.FP-SNS-FLIGHT1.5.0.2
2023-09-22 09:20:41,535 [WARN] PackLoader:240 - Cannot read IP mode file for STMicroelectronics.X-CUBE-DISPLAY.3.0.0
2023-09-22 09:20:41,554 [WARN] PackLoader:240 - Cannot read IP mode file for STMicroelectronics.X-CUBE-BLE1.7.0.0
2023-09-22 09:20:41,562 [WARN] PackLoader:240 - Cannot read IP mode file for emotas.I-CUBE-CANOPEN.1.3.0
2023-09-22 09:20:41,585 [WARN] PackLoader:240 - Cannot read IP mode file for STMicroelectronics.X-CUBE-TOUCHGFX.4.22.0
2023-09-22 09:20:41,592 [WARN] PackLoader:240 - Cannot read IP mode file for STMicroelectronics.FP-SNS-SMARTAG2.1.2.0
2023-09-22 09:20:41,608 [INFO] LogOutputStream:77 - [STDOUT_REDIRECT] 1 : Invalid condition id : UX_CORESTACK_Condition cause : null
2023-09-22 09:20:41,608 [INFO] LogOutputStream:77 - [STDOUT_REDIRECT] 1 : Invalid condition id : UX_CORESTACK_Condition cause : null
2023-09-22 09:20:41,610 [INFO] LogOutputStream:77 - [STDOUT_REDIRECT] 1 : Invalid condition id : UX_CORESTACK_Condition cause : null
2023-09-22 09:20:41,611 [INFO] LogOutputStream:77 - [STDOUT_REDIRECT] 1 : Invalid condition id : UX_CORESTACK_Condition cause : null
2023-09-22 09:20:41,613 [INFO] LogOutputStream:77 - [STDOUT_REDIRECT] 1 : Invalid condition id : UX_CORESTACK_Condition cause : null
2023-09-22 09:20:41,617 [WARN] PackLoader:240 - Cannot read IP mode file for STMicroelectronics.X-CUBE-AZRTOS-WL.2.0.0
2023-09-22 09:20:41,630 [WARN] PackLoader:240 - Cannot read IP mode file for WES.I-CUBE-Cesium.1.3.0
2023-09-22 09:20:41,637 [WARN] PackLoader:240 - Cannot read IP mode file for STMicroelectronics.X-CUBE-BLE2.3.3.0
2023-09-22 09:20:41,643 [WARN] PackLoader:240 - Cannot read IP mode file for STMicroelectronics.X-CUBE-ALGOBUILD.1.3.0
2023-09-22 09:20:41,662 [WARN] PackLoader:240 - Cannot read IP mode file for STMicroelectronics.X-CUBE-AZRTOS-G0.1.1.0
2023-09-22 09:20:41,671 [WARN] PackLoader:240 - Cannot read IP mode file for STMicroelectronics.X-CUBE-NFC4.3.0.0
2023-09-22 09:20:41,679 [WARN] PackLoader:240 - Cannot read IP mode file for STMicroelectronics.FP-ATR-SIGFOX1.3.2.0
2023-09-22 09:20:41,699 [WARN] PackLoader:240 - Cannot read IP mode file for SEGGER.I-CUBE-embOS.1.3.1
2023-09-22 09:20:41,729 [WARN] PackLoader:240 - Cannot read IP mode file for STMicroelectronics.X-CUBE-GNSS1.6.0.0
2023-09-22 09:20:41,745 [WARN] PackLoader:240 - Cannot read IP mode file for STMicroelectronics.X-CUBE-AZRTOS-F4.1.1.0
2023-09-22 09:20:41,764 [WARN] PackLoader:240 - Cannot read IP mode file for wolfSSL.I-CUBE-wolfSSL.5.6.3
2023-09-22 09:20:41,776 [WARN] PackLoader:240 - Cannot read IP mode file for STMicroelectronics.X-CUBE-AZRTOS-L5.2.0.0
2023-09-22 09:20:41,811 [WARN] PackLoader:240 - Cannot read IP mode file for STMicroelectronics.X-CUBE-MEMS1.9.6.0
2023-09-22 09:20:41,909 [WARN] PackLoader:240 - Cannot read IP mode file for STMicroelectronics.X-CUBE-BLEMGR.2.0.0
2023-09-22 09:20:41,926 [WARN] ConditionMgr:438 - getConditionDescription Invalid condition id : UX DEVICE CLASS RTOS Condition cause : null
2023-09-22 09:20:41,926 [WARN] ConditionMgr:438 - getConditionDescription Invalid condition id : UX DEVICE CLASS RTOS Condition cause : null
2023-09-22 09:20:41,929 [WARN] PackLoader:240 - Cannot read IP mode file for STMicroelectronics.X-CUBE-AZRTOS-H7.3.1.0
2023-09-22 09:20:41,930 [WARN] ConditionMgr:1039 - genDependencies : Invalid condition id : UX DEVICE CLASS RTOS Condition cause : null
2023-09-22 09:20:41,931 [WARN] ConditionMgr:1039 - genDependencies : Invalid condition id : UX DEVICE CLASS RTOS Condition cause : null
2023-09-22 09:20:41,931 [WARN] ConditionMgr:1039 - genDependencies : Invalid condition id : UX DEVICE CLASS RTOS Condition cause : null
2023-09-22 09:20:41,931 [WARN] ConditionMgr:1039 - genDependencies : Invalid condition id : UX DEVICE CLASS RTOS Condition cause : null
2023-09-22 09:20:41,931 [WARN] ConditionMgr:1039 - genDependencies : Invalid condition id : UX DEVICE CLASS RTOS Condition cause : null
2023-09-22 09:20:41,938 [WARN] PackLoader:240 - Cannot read IP mode file for STMicroelectronics.X-CUBE-NFC7.1.0.1
2023-09-22 09:20:41,948 [WARN] PackLoader:240 - Cannot read IP mode file for STMicroelectronics.X-CUBE-NFC6.3.0.0
2023-09-22 09:20:41,957 [WARN] PackLoader:240 - Cannot read IP mode file for STMicroelectronics.X-CUBE-EEPRMA1.4.1.0
2023-09-22 09:20:41,972 [WARN] PackLoader:240 - Cannot read IP mode file for STMicroelectronics.X-CUBE-AI.8.1.0
2023-09-22 09:20:41,989 [WARN] ConditionMgr:438 - getConditionDescription Invalid condition id : LAN8742 Phy interface Condition cause : null
2023-09-22 09:20:41,989 [WARN] PackLoader:240 - Cannot read IP mode file for STMicroelectronics.X-CUBE-AZRTOS-L4.2.0.0
2023-09-22 09:20:41,992 [WARN] ConditionMgr:1039 - genDependencies : Invalid condition id : LAN8742 Phy interface Condition cause : null
2023-09-22 09:20:41,992 [WARN] ConditionMgr:1039 - genDependencies : Invalid condition id : LAN8742 Phy interface Condition cause : null
2023-09-22 09:20:41,993 [WARN] ConditionMgr:1039 - genDependencies : Invalid condition id : LAN8742 Phy interface Condition cause : null
2023-09-22 09:20:42,001 [WARN] PackLoader:240 - Cannot read IP mode file for STMicroelectronics.X-CUBE-SFXS2LP1.4.0.0
2023-09-22 09:20:42,008 [WARN] PackLoader:240 - Cannot read IP mode file for STMicroelectronics.X-CUBE-ISPU.1.1.0
2023-09-22 09:20:42,019 [WARN] ConditionMgr:438 - getConditionDescription Invalid condition id : UX DEVICE CLASS RTOS Condition cause : null
2023-09-22 09:20:42,019 [WARN] ConditionMgr:438 - getConditionDescription Invalid condition id : UX DEVICE CLASS RTOS Condition cause : null
2023-09-22 09:20:42,021 [WARN] PackLoader:240 - Cannot read IP mode file for STMicroelectronics.X-CUBE-AZRTOS-WB.2.0.0
2023-09-22 09:20:42,022 [WARN] ConditionMgr:1039 - genDependencies : Invalid condition id : UX DEVICE CLASS RTOS Condition cause : null
2023-09-22 09:20:42,022 [WARN] ConditionMgr:1039 - genDependencies : Invalid condition id : UX DEVICE CLASS RTOS Condition cause : null
2023-09-22 09:20:42,022 [WARN] ConditionMgr:1039 - genDependencies : Invalid condition id : UX DEVICE CLASS RTOS Condition cause : null
2023-09-22 09:20:42,023 [WARN] ConditionMgr:1039 - genDependencies : Invalid condition id : UX DEVICE CLASS RTOS Condition cause : null
2023-09-22 09:20:42,023 [WARN] ConditionMgr:1039 - genDependencies : Invalid condition id : UX DEVICE CLASS RTOS Condition cause : null
2023-09-22 09:20:42,033 [WARN] PackLoader:240 - Cannot read IP mode file for STMicroelectronics.X-CUBE-SUBG2.5.0.0
2023-09-22 09:20:42,043 [WARN] PackLoader:240 - Cannot read IP mode file for STMicroelectronics.X-CUBE-TOF1.3.3.1
2023-09-22 09:20:42,062 [WARN] PackLoader:240 - Cannot read IP mode file for STMicroelectronics.X-CUBE-AZRTOS-G4.2.0.0
2023-09-22 09:20:42,069 [WARN] PackLoader:240 - Cannot read IP mode file for STMicroelectronics.X-CUBE-FREERTOS.1.1.0
2023-09-22 09:20:42,077 [WARN] PackLoader:240 - Cannot read IP mode file for portGmbH.I-Cube-SoM-uGOAL.1.1.0
2023-09-22 09:20:42,084 [WARN] PackLoader:240 - Cannot read IP mode file for STMicroelectronics.X-CUBE-ALS.1.0.1
2023-09-22 09:20:42,090 [WARN] PackLoader:240 - Cannot read IP mode file for STMicroelectronics.FP-ATR-ASTRA1.2.0.0
2023-09-22 09:20:42,092 [INFO] ThirdParty:978 - Integrity check success = true
2023-09-22 09:20:42,092 [INFO] IntegrityCheckThread:100 - exiting critical section [integrity check]
2023-09-22 09:20:42,092 [INFO] IntegrityCheckThread:103 - End integrity checks thread
2023-09-22 09:21:01,039 [ERROR] LogOutputStream:75 - [STDERR_REDIRECT] SLF4J: Failed to load class "org.slf4j.impl.StaticLoggerBinder".
2023-09-22 09:21:01,039 [ERROR] LogOutputStream:75 - [STDERR_REDIRECT] SLF4J: Defaulting to no-operation (NOP) logger implementation
2023-09-22 09:21:01,041 [ERROR] LogOutputStream:75 - [STDERR_REDIRECT] SLF4J: See http://www.slf4j.org/codes.html#StaticLoggerBinder for further details.
2023-09-22 09:58:44,763 [ERROR] LogOutputStream:75 - [STDERR_REDIRECT] 
2023-09-22 10:00:33,287 [INFO] Activator:176 - 


2023-09-22 10:00:33,288 [INFO] Activator:177 - !SESSION log4j initialized
2023-09-22 10:00:37,986 [INFO] LogOutputStream:77 - [STDOUT_REDIRECT] 
2023-09-22 10:00:39,091 [INFO] ApplicationProperties:184 - Using Application install path: D:\UsefulSoftware\STM32CubeIDE_1.13.1\STM32CubeIDE\plugins\com.st.stm32cube.common.mx_6.9.1.202307191849
2023-09-22 10:00:39,106 [INFO] DbMcusXml:78 - Set database path to: D:\UsefulSoftware\STM32CubeIDE_1.13.1\STM32CubeIDE\plugins\com.st.stm32cube.common.mx_6.9.1.202307191849\\db\/mcu/
2023-09-22 10:00:39,106 [INFO] ApiDb:274 - Set plugin database path to: D:\UsefulSoftware\STM32CubeIDE_1.13.1\STM32CubeIDE\plugins\com.st.stm32cube.common.mx_6.9.1.202307191849\\db\/plugins/boardmanager/
2023-09-22 10:00:39,106 [WARN] ApiDb:259 - Overriding images path with different value:  => D:\UsefulSoftware\STM32CubeIDE_1.13.1\STM32CubeIDE\plugins\com.st.stm32cube.common.mx_6.9.1.202307191849\\db\/plugins/mcufinder/images/
2023-09-22 10:00:39,115 [INFO] ApiDb:250 - Set database path to: C:\Users\haosh\.stmcufinder\plugins\mcufinder//mcu/
2023-09-22 10:00:39,116 [INFO] DbMcusAds:125 - Set database path to: C:\Users\haosh\.stmcufinder\plugins\mcufinder//mcu/
2023-09-22 10:00:39,118 [INFO] CrossReferenceDbSqlite:203 - Set database path to: C:\Users\haosh\.stmcufinder\plugins\mcufinder//mcu/cs/
2023-09-22 10:00:39,227 [INFO] RulesReader:64 - Compatibility file has been processed (293 Rules)
2023-09-22 10:00:39,338 [INFO] DbMcusXml:78 - Set database path to: D:\UsefulSoftware\STM32CubeIDE_1.13.1\STM32CubeIDE\plugins\com.st.stm32cube.common.mx_6.9.1.202307191849\\db\/mcu/
2023-09-22 10:00:39,339 [INFO] ApiDb:274 - Set plugin database path to: D:\UsefulSoftware\STM32CubeIDE_1.13.1\STM32CubeIDE\plugins\com.st.stm32cube.common.mx_6.9.1.202307191849\\db\/plugins/boardmanager/
2023-09-22 10:00:39,339 [INFO] ApiDb:261 - Set plugin images path to: D:\UsefulSoftware\STM32CubeIDE_1.13.1\STM32CubeIDE\plugins\com.st.stm32cube.common.mx_6.9.1.202307191849\\db\/plugins/mcufinder/images/
2023-09-22 10:00:39,339 [WARN] DbFile:41 - Overriding database path with different value: C:\Users\haosh\.stmcufinder\plugins\mcufinder/ => C:\Users\haosh\.stmcufinder\plugins\mcufinder
2023-09-22 10:00:39,339 [INFO] ApiDb:250 - Set database path to: C:\Users\haosh\.stmcufinder\plugins\mcufinder//mcu/
2023-09-22 10:00:39,339 [WARN] DbFile:41 - Overriding database path with different value: C:\Users\haosh\.stmcufinder\plugins\mcufinder/ => C:\Users\haosh\.stmcufinder\plugins\mcufinder
2023-09-22 10:00:39,339 [INFO] DbMcusAds:125 - Set database path to: C:\Users\haosh\.stmcufinder\plugins\mcufinder//mcu/
2023-09-22 10:00:39,339 [WARN] DbFile:41 - Overriding database path with different value: C:\Users\haosh\.stmcufinder\plugins\mcufinder/ => C:\Users\haosh\.stmcufinder\plugins\mcufinder
2023-09-22 10:00:39,339 [WARN] DbFile:41 - Overriding database path with different value: C:\Users\haosh\.stmcufinder\plugins\mcufinder/ => C:\Users\haosh\.stmcufinder\plugins\mcufinder
2023-09-22 10:00:39,340 [INFO] CrossReferenceDbSqlite:203 - Set database path to: C:\Users\haosh\.stmcufinder\plugins\mcufinder//mcu/cs/
2023-09-22 10:00:39,398 [INFO] MainPanel:262 - HeapMemory: 268435456
2023-09-22 10:00:39,456 [INFO] DbMcusXml:78 - Set database path to: D:\UsefulSoftware\STM32CubeIDE_1.13.1\STM32CubeIDE\plugins\com.st.stm32cube.common.mx_6.9.1.202307191849\\db\/mcu/
2023-09-22 10:00:39,456 [INFO] ApiDb:274 - Set plugin database path to: D:\UsefulSoftware\STM32CubeIDE_1.13.1\STM32CubeIDE\plugins\com.st.stm32cube.common.mx_6.9.1.202307191849\\db\/plugins/boardmanager/
2023-09-22 10:00:39,456 [INFO] ApiDb:261 - Set plugin images path to: D:\UsefulSoftware\STM32CubeIDE_1.13.1\STM32CubeIDE\plugins\com.st.stm32cube.common.mx_6.9.1.202307191849\\db\/plugins/mcufinder/images/
2023-09-22 10:00:39,456 [WARN] DbFile:41 - Overriding database path with different value: C:\Users\haosh\.stmcufinder\plugins\mcufinder/ => C:\Users\haosh\.stmcufinder\plugins\mcufinder
2023-09-22 10:00:39,456 [INFO] ApiDb:250 - Set database path to: C:\Users\haosh\.stmcufinder\plugins\mcufinder//mcu/
2023-09-22 10:00:39,456 [WARN] DbFile:41 - Overriding database path with different value: C:\Users\haosh\.stmcufinder\plugins\mcufinder/ => C:\Users\haosh\.stmcufinder\plugins\mcufinder
2023-09-22 10:00:39,456 [INFO] DbMcusAds:125 - Set database path to: C:\Users\haosh\.stmcufinder\plugins\mcufinder//mcu/
2023-09-22 10:00:39,456 [WARN] DbFile:41 - Overriding database path with different value: C:\Users\haosh\.stmcufinder\plugins\mcufinder/ => C:\Users\haosh\.stmcufinder\plugins\mcufinder
2023-09-22 10:00:39,457 [WARN] DbFile:41 - Overriding database path with different value: C:\Users\haosh\.stmcufinder\plugins\mcufinder/ => C:\Users\haosh\.stmcufinder\plugins\mcufinder
2023-09-22 10:00:39,457 [INFO] CrossReferenceDbSqlite:203 - Set database path to: C:\Users\haosh\.stmcufinder\plugins\mcufinder//mcu/cs/
2023-09-22 10:00:39,474 [INFO] ApplicationProperties:184 - Using Application install path: D:\UsefulSoftware\STM32CubeIDE_1.13.1\STM32CubeIDE\plugins\com.st.stm32cube.common.mx_6.9.1.202307191849
2023-09-22 10:00:39,475 [INFO] PluginManage:196 - Search for loadable plugins [exclusion list=, ]
2023-09-22 10:00:39,476 [INFO] PluginManage:310 - Check plugin analytics
2023-09-22 10:00:39,610 [INFO] AnalyticsPlugin:253 - Accepted Software Licenses: 
2023-09-22 10:00:39,610 [INFO] AnalyticsPlugin:255 - Accepted CMSIS Pack Licenses: 
2023-09-22 10:00:39,611 [INFO] AnalyticsPlugin:257 - Accepted Firmware Licenses: 
2023-09-22 10:00:39,614 [INFO] PluginManage:359 - Loaded plugin analytics (category:tool,tabindex:-1)
2023-09-22 10:00:39,615 [INFO] PluginManage:310 - Check plugin cadmodel
2023-09-22 10:00:39,619 [INFO] CADModel:105 - Init CAD model plugin
2023-09-22 10:00:39,619 [INFO] PluginManage:359 - Loaded plugin cadmodel (category:power,tabindex:5)
2023-09-22 10:00:39,619 [INFO] PluginManage:310 - Check plugin clock
2023-09-22 10:00:39,629 [INFO] PluginManage:359 - Loaded plugin clock (category:base,tabindex:2)
2023-09-22 10:00:39,629 [INFO] PluginManage:310 - Check plugin ddr
2023-09-22 10:00:39,633 [INFO] PluginManage:359 - Loaded plugin ddr (category:tool,tabindex:6)
2023-09-22 10:00:39,633 [INFO] PluginManage:310 - Check plugin filemanager
2023-09-22 10:00:39,746 [INFO] PluginManage:359 - Loaded plugin filemanager (category:base,tabindex:10)
2023-09-22 10:00:39,746 [INFO] PluginManage:310 - Check plugin ipmanager
2023-09-22 10:00:39,755 [INFO] PluginManage:359 - Loaded plugin ipmanager (category:base,tabindex:5)
2023-09-22 10:00:39,755 [INFO] PluginManage:310 - Check plugin lpbam
2023-09-22 10:00:39,762 [INFO] PluginManage:359 - Loaded plugin lpbam (category:base,tabindex:0)
2023-09-22 10:00:39,762 [INFO] PluginManage:310 - Check plugin memorymap
2023-09-22 10:00:39,771 [INFO] PluginManage:359 - Loaded plugin memorymap (category:base,tabindex:4)
2023-09-22 10:00:39,771 [INFO] PluginManage:310 - Check plugin pinoutandconfiguration
2023-09-22 10:00:39,778 [INFO] PluginManage:359 - Loaded plugin pinoutandconfiguration (category:base,tabindex:1)
2023-09-22 10:00:39,778 [INFO] PluginManage:310 - Check plugin pinoutconfig
2023-09-22 10:00:39,853 [WARN] SupportedApi:132 - Cannot load RTOS API schema: s4s-elt-must-match.1: The content of 'definitions' must match (annotation?, (simpleType | complexType)?, (unique | key | keyref)*)). A problem was found starting at: attribute.
2023-09-22 10:00:39,960 [INFO] PluginManage:359 - Loaded plugin pinoutconfig (category:base,tabindex:0)
2023-09-22 10:00:39,960 [INFO] PluginManage:310 - Check plugin power
2023-09-22 10:00:39,966 [INFO] PluginManage:359 - Loaded plugin power (category:power,tabindex:4)
2023-09-22 10:00:39,967 [INFO] PluginManage:310 - Check plugin projectmanager
2023-09-22 10:00:39,980 [INFO] PluginManage:359 - Loaded plugin projectmanager (category:projectmanager,tabindex:3)
2023-09-22 10:00:39,980 [INFO] PluginManage:310 - Check plugin thirdparty
2023-09-22 10:00:40,076 [WARN] IntegrityCheckThread:84 - waiting for thirdparty lock release [integrity check]
2023-09-22 10:00:40,076 [INFO] PluginManage:359 - Loaded plugin thirdparty (category:base,tabindex:-1)
2023-09-22 10:00:40,076 [INFO] IntegrityCheckThread:86 - entering critical section [integrity check]
2023-09-22 10:00:40,076 [INFO] PluginManage:310 - Check plugin tools
2023-09-22 10:00:40,077 [INFO] ThirdPartyUpdaterWithRetryManager:70 - Updater plugin not ready yet. [1/15]
2023-09-22 10:00:40,080 [INFO] PluginManage:359 - Loaded plugin tools (category:base,tabindex:7)
2023-09-22 10:00:40,080 [INFO] PluginManage:310 - Check plugin tutovideos
2023-09-22 10:00:40,199 [INFO] PluginManage:359 - Loaded plugin tutovideos (category:base,tabindex:-1)
2023-09-22 10:00:40,199 [INFO] PluginManage:310 - Check plugin updater
2023-09-22 10:00:40,207 [INFO] PluginManage:359 - Loaded plugin updater (category:base,tabindex:12)
2023-09-22 10:00:40,207 [INFO] PluginManage:310 - Check plugin userauth
2023-09-22 10:00:40,211 [INFO] UserAuth:113 - Init User Auth plugin
2023-09-22 10:00:40,211 [INFO] PluginManage:359 - Loaded plugin userauth (category:base,tabindex:14)
2023-09-22 10:00:40,211 [INFO] PluginManage:283 - PluginManage : Loaded plugins [17]
2023-09-22 10:00:40,395 [INFO] PinOutPanel:1499 - setPackage(No Configuration,No Configuration)
2023-09-22 10:00:40,499 [INFO] CADModel:165 - CPN selected for project level
2023-09-22 10:00:40,499 [INFO] CADModel:114 - Register for checkConnection events
2023-09-22 10:00:40,510 [INFO] IPUIPlugin:80 - create IPUIPlugin
2023-09-22 10:00:40,510 [INFO] PluginManager:220 - loadIPPluginJar : add adc
2023-09-22 10:00:40,511 [INFO] IPUIPlugin:80 - create IPUIPlugin
2023-09-22 10:00:40,511 [INFO] PluginManager:220 - loadIPPluginJar : add aes
2023-09-22 10:00:40,513 [INFO] IPUIPlugin:80 - create IPUIPlugin
2023-09-22 10:00:40,513 [INFO] PluginManager:220 - loadIPPluginJar : add can
2023-09-22 10:00:40,514 [INFO] IPUIPlugin:80 - create IPUIPlugin
2023-09-22 10:00:40,514 [INFO] PluginManager:220 - loadIPPluginJar : add comp
2023-09-22 10:00:40,515 [INFO] IPUIPlugin:80 - create IPUIPlugin
2023-09-22 10:00:40,515 [INFO] PluginManager:220 - loadIPPluginJar : add cryp
2023-09-22 10:00:40,517 [INFO] IPUIPlugin:80 - create IPUIPlugin
2023-09-22 10:00:40,517 [INFO] PluginManager:220 - loadIPPluginJar : add dfsdm
2023-09-22 10:00:40,520 [INFO] IPUIPlugin:80 - create IPUIPlugin
2023-09-22 10:00:40,520 [INFO] PluginManager:220 - loadIPPluginJar : add dma
2023-09-22 10:00:40,521 [INFO] IPUIPlugin:80 - create IPUIPlugin
2023-09-22 10:00:40,521 [INFO] PluginManager:220 - loadIPPluginJar : add dma3
2023-09-22 10:00:40,522 [INFO] IPUIPlugin:80 - create IPUIPlugin
2023-09-22 10:00:40,522 [INFO] PluginManager:220 - loadIPPluginJar : add fatfs
2023-09-22 10:00:40,525 [INFO] IPUIPlugin:80 - create IPUIPlugin
2023-09-22 10:00:40,525 [INFO] PluginManager:220 - loadIPPluginJar : add fmc
2023-09-22 10:00:40,528 [INFO] IPUIPlugin:80 - create IPUIPlugin
2023-09-22 10:00:40,528 [INFO] PluginManager:220 - loadIPPluginJar : add freertos
2023-09-22 10:00:40,528 [INFO] IPUIPlugin:80 - create IPUIPlugin
2023-09-22 10:00:40,528 [INFO] PluginManager:220 - loadIPPluginJar : add genericplugin
2023-09-22 10:00:40,529 [INFO] IPUIPlugin:80 - create IPUIPlugin
2023-09-22 10:00:40,529 [INFO] PluginManager:220 - loadIPPluginJar : add gfxmmu
2023-09-22 10:00:40,532 [INFO] IPUIPlugin:80 - create IPUIPlugin
2023-09-22 10:00:40,532 [INFO] PluginManager:220 - loadIPPluginJar : add gic
2023-09-22 10:00:40,536 [INFO] IPUIPlugin:80 - create IPUIPlugin
2023-09-22 10:00:40,536 [INFO] PluginManager:220 - loadIPPluginJar : add gpio
2023-09-22 10:00:40,537 [INFO] IPUIPlugin:80 - create IPUIPlugin
2023-09-22 10:00:40,537 [INFO] PluginManager:220 - loadIPPluginJar : add gtzc
2023-09-22 10:00:40,538 [INFO] IPUIPlugin:80 - create IPUIPlugin
2023-09-22 10:00:40,538 [INFO] PluginManager:220 - loadIPPluginJar : add hash
2023-09-22 10:00:40,539 [INFO] IPUIPlugin:80 - create IPUIPlugin
2023-09-22 10:00:40,540 [INFO] PluginManager:220 - loadIPPluginJar : add i2c
2023-09-22 10:00:40,541 [INFO] IPUIPlugin:80 - create IPUIPlugin
2023-09-22 10:00:40,541 [INFO] PluginManager:220 - loadIPPluginJar : add i2s
2023-09-22 10:00:40,542 [INFO] IPUIPlugin:80 - create IPUIPlugin
2023-09-22 10:00:40,542 [INFO] PluginManager:220 - loadIPPluginJar : add i3c
2023-09-22 10:00:40,544 [INFO] IPUIPlugin:80 - create IPUIPlugin
2023-09-22 10:00:40,544 [INFO] PluginManager:220 - loadIPPluginJar : add ipddr
2023-09-22 10:00:40,548 [INFO] IPUIPlugin:80 - create IPUIPlugin
2023-09-22 10:00:40,549 [INFO] PluginManager:220 - loadIPPluginJar : add linkedlist
2023-09-22 10:00:40,550 [INFO] IPUIPlugin:80 - create IPUIPlugin
2023-09-22 10:00:40,550 [INFO] PluginManager:220 - loadIPPluginJar : add lorawan
2023-09-22 10:00:40,550 [INFO] IPUIPlugin:80 - create IPUIPlugin
2023-09-22 10:00:40,550 [INFO] PluginManager:220 - loadIPPluginJar : add ltdc
2023-09-22 10:00:40,554 [INFO] IPUIPlugin:80 - create IPUIPlugin
2023-09-22 10:00:40,554 [INFO] PluginManager:220 - loadIPPluginJar : add mdma
2023-09-22 10:00:40,556 [INFO] IPUIPlugin:80 - create IPUIPlugin
2023-09-22 10:00:40,556 [INFO] PluginManager:220 - loadIPPluginJar : add nvic
2023-09-22 10:00:40,558 [INFO] IPUIPlugin:80 - create IPUIPlugin
2023-09-22 10:00:40,558 [INFO] PluginManager:220 - loadIPPluginJar : add opamp
2023-09-22 10:00:40,559 [INFO] IPUIPlugin:80 - create IPUIPlugin
2023-09-22 10:00:40,559 [INFO] PluginManager:220 - loadIPPluginJar : add openamp
2023-09-22 10:00:40,561 [INFO] IPUIPlugin:80 - create IPUIPlugin
2023-09-22 10:00:40,561 [INFO] PluginManager:220 - loadIPPluginJar : add pdm2pcm
2023-09-22 10:00:40,565 [INFO] IPUIPlugin:80 - create IPUIPlugin
2023-09-22 10:00:40,567 [INFO] PluginManager:220 - loadIPPluginJar : add plateformsettings
2023-09-22 10:00:40,568 [INFO] IPUIPlugin:80 - create IPUIPlugin
2023-09-22 10:00:40,568 [INFO] PluginManager:220 - loadIPPluginJar : add quadspi
2023-09-22 10:00:40,569 [INFO] IPUIPlugin:80 - create IPUIPlugin
2023-09-22 10:00:40,569 [INFO] PluginManager:220 - loadIPPluginJar : add resmgrutility
2023-09-22 10:00:40,571 [INFO] IPUIPlugin:80 - create IPUIPlugin
2023-09-22 10:00:40,571 [INFO] PluginManager:220 - loadIPPluginJar : add sai
2023-09-22 10:00:40,572 [INFO] IPUIPlugin:80 - create IPUIPlugin
2023-09-22 10:00:40,572 [INFO] PluginManager:220 - loadIPPluginJar : add spi
2023-09-22 10:00:40,575 [INFO] IPUIPlugin:80 - create IPUIPlugin
2023-09-22 10:00:40,575 [INFO] PluginManager:220 - loadIPPluginJar : add stm32_wpan
2023-09-22 10:00:40,576 [INFO] IPUIPlugin:80 - create IPUIPlugin
2023-09-22 10:00:40,576 [INFO] PluginManager:220 - loadIPPluginJar : add tim
2023-09-22 10:00:40,577 [INFO] IPUIPlugin:80 - create IPUIPlugin
2023-09-22 10:00:40,577 [INFO] PluginManager:220 - loadIPPluginJar : add touchsensing
2023-09-22 10:00:40,578 [INFO] IPUIPlugin:80 - create IPUIPlugin
2023-09-22 10:00:40,578 [INFO] PluginManager:220 - loadIPPluginJar : add tracer_emb
2023-09-22 10:00:40,579 [INFO] IPUIPlugin:80 - create IPUIPlugin
2023-09-22 10:00:40,579 [INFO] PluginManager:220 - loadIPPluginJar : add ts
2023-09-22 10:00:40,579 [INFO] IPUIPlugin:80 - create IPUIPlugin
2023-09-22 10:00:40,579 [INFO] PluginManager:220 - loadIPPluginJar : add tsc
2023-09-22 10:00:40,580 [INFO] IPUIPlugin:80 - create IPUIPlugin
2023-09-22 10:00:40,580 [INFO] PluginManager:220 - loadIPPluginJar : add ucpd
2023-09-22 10:00:40,582 [INFO] IPUIPlugin:80 - create IPUIPlugin
2023-09-22 10:00:40,582 [INFO] PluginManager:220 - loadIPPluginJar : add usart
2023-09-22 10:00:40,583 [INFO] IPUIPlugin:80 - create IPUIPlugin
2023-09-22 10:00:40,583 [INFO] PluginManager:220 - loadIPPluginJar : add usbx
2023-09-22 10:00:40,696 [INFO] CADModel:165 - CPN selected for project level
2023-09-22 10:00:40,696 [INFO] CADModel:114 - Register for checkConnection events
2023-09-22 10:00:40,696 [FATAL] Updater:308 - Updater called before beeing initialized
2023-09-22 10:00:40,696 [ERROR] CADModel:125 - Updater not yet initialized, retry later 
2023-09-22 10:00:40,802 [INFO] CADModel:165 - CPN selected for project level
2023-09-22 10:00:40,802 [INFO] CADModel:114 - Register for checkConnection events
2023-09-22 10:00:40,802 [FATAL] Updater:308 - Updater called before beeing initialized
2023-09-22 10:00:40,802 [ERROR] CADModel:125 - Updater not yet initialized, retry later 
2023-09-22 10:00:40,805 [FATAL] Updater:308 - Updater called before beeing initialized
2023-09-22 10:00:40,891 [FATAL] Updater:308 - Updater called before beeing initialized
2023-09-22 10:00:40,895 [INFO] DbMcusAds:53 - JSON generation date=Tue Mar 07 16:50:55 CST 2023 (1678179055114)
2023-09-22 10:00:40,895 [FATAL] Updater:308 - Updater called before beeing initialized
2023-09-22 10:00:40,923 [WARN] DetailPanel:346 - Failed to get advertising image, set to default
2023-09-22 10:00:41,020 [FATAL] Updater:308 - Updater called before beeing initialized
2023-09-22 10:00:41,021 [FATAL] Updater:308 - Updater called before beeing initialized
2023-09-22 10:00:41,021 [FATAL] Updater:308 - Updater called before beeing initialized
2023-09-22 10:00:41,021 [WARN] DetailPanel:346 - Failed to get advertising image, set to default
2023-09-22 10:00:41,022 [FATAL] Updater:308 - Updater called before beeing initialized
2023-09-22 10:00:41,059 [ERROR] Updater:1120 - MainUpdater not yet initialized. External WinMGr cannot be set.
2023-09-22 10:00:41,061 [INFO] Updater:1056 - Updater Version found : 6.9.1
2023-09-22 10:00:41,087 [INFO] ApplicationProperties:184 - Using Application install path: D:\UsefulSoftware\STM32CubeIDE_1.13.1\STM32CubeIDE\plugins\com.st.stm32cube.common.mx_6.9.1.202307191849
2023-09-22 10:00:41,172 [INFO] MainUpdater:2868 - connection check result : 10
2023-09-22 10:00:41,172 [INFO] MainUpdater:285 - Updater Check For Update Now.
2023-09-22 10:00:41,173 [INFO] MicroXplorer:498 - Change Database Version : DB.6.0.91
2023-09-22 10:00:41,181 [INFO] McuFinderGlobals:63 - Set McuFinder mode to 2 (CubeIDE integrated)
2023-09-22 10:00:41,182 [INFO] UserAuth:179 - activating auth plugin
2023-09-22 10:00:41,184 [INFO] UserAuth:393 - Internet connection configuration mode: 1
2023-09-22 10:00:41,210 [INFO] JxBrowserEngine:151 - Initiate JxBrowser Engine with user profile folder
2023-09-22 10:00:41,334 [INFO] CheckServerUpdateThread:120 - End of CheckServer Thread
2023-09-22 10:00:41,714 [INFO] WebApp:157 - Instantiating new browser for Auth
2023-09-22 10:00:42,059 [INFO] WebApp:753 - Register for checkConnection events
2023-09-22 10:00:42,059 [INFO] WebApp:390 - Apply proxy settings
2023-09-22 10:00:42,059 [INFO] WebApp:475 - Chromium requires no authentication
2023-09-22 10:00:42,064 [INFO] WebApp:418 - Direct internet connection detected
2023-09-22 10:00:42,179 [INFO] WebApp:188 - Starting web application
2023-09-22 10:00:42,179 [INFO] WebApp:520 - Web application path used D:\UsefulSoftware\STM32CubeIDE_1.13.1\STM32CubeIDE\plugins\com.st.stm32cube.common.mx_6.9.1.202307191849\db\plugins\mcufinder\reactClient1\index.html
2023-09-22 10:00:43,240 [WARN] PackLoader:240 - Cannot read IP mode file for STMicroelectronics.X-CUBE-SMBUS.2.1.0
2023-09-22 10:00:43,265 [WARN] PackLoader:240 - Cannot read IP mode file for STMicroelectronics.X-CUBE-AZRTOS-F7.1.1.0
2023-09-22 10:00:43,293 [WARN] PackLoader:240 - Cannot read IP mode file for STMicroelectronics.FP-SNS-MOTENV1.4.3.2
2023-09-22 10:00:43,300 [WARN] PackLoader:240 - Cannot read IP mode file for STMicroelectronics.FP-SNS-FLIGHT1.5.0.2
2023-09-22 10:00:43,309 [WARN] PackLoader:240 - Cannot read IP mode file for STMicroelectronics.X-CUBE-DISPLAY.3.0.0
2023-09-22 10:00:43,321 [WARN] PackLoader:240 - Cannot read IP mode file for STMicroelectronics.X-CUBE-BLE1.7.0.0
2023-09-22 10:00:43,328 [WARN] PackLoader:240 - Cannot read IP mode file for emotas.I-CUBE-CANOPEN.1.3.0
2023-09-22 10:00:43,335 [WARN] PackLoader:240 - Cannot read IP mode file for STMicroelectronics.X-CUBE-TOUCHGFX.4.22.0
2023-09-22 10:00:43,339 [WARN] PackLoader:240 - Cannot read IP mode file for STMicroelectronics.FP-SNS-SMARTAG2.1.2.0
2023-09-22 10:00:43,349 [INFO] LogOutputStream:77 - [STDOUT_REDIRECT] 1 : Invalid condition id : UX_CORESTACK_Condition cause : null
2023-09-22 10:00:43,349 [INFO] LogOutputStream:77 - [STDOUT_REDIRECT] 1 : Invalid condition id : UX_CORESTACK_Condition cause : null
2023-09-22 10:00:43,351 [INFO] LogOutputStream:77 - [STDOUT_REDIRECT] 1 : Invalid condition id : UX_CORESTACK_Condition cause : null
2023-09-22 10:00:43,352 [INFO] LogOutputStream:77 - [STDOUT_REDIRECT] 1 : Invalid condition id : UX_CORESTACK_Condition cause : null
2023-09-22 10:00:43,353 [INFO] LogOutputStream:77 - [STDOUT_REDIRECT] 1 : Invalid condition id : UX_CORESTACK_Condition cause : null
2023-09-22 10:00:43,355 [WARN] PackLoader:240 - Cannot read IP mode file for STMicroelectronics.X-CUBE-AZRTOS-WL.2.0.0
2023-09-22 10:00:43,366 [WARN] PackLoader:240 - Cannot read IP mode file for WES.I-CUBE-Cesium.1.3.0
2023-09-22 10:00:43,371 [WARN] PackLoader:240 - Cannot read IP mode file for STMicroelectronics.X-CUBE-BLE2.3.3.0
2023-09-22 10:00:43,377 [WARN] PackLoader:240 - Cannot read IP mode file for STMicroelectronics.X-CUBE-ALGOBUILD.1.3.0
2023-09-22 10:00:43,389 [WARN] PackLoader:240 - Cannot read IP mode file for STMicroelectronics.X-CUBE-AZRTOS-G0.1.1.0
2023-09-22 10:00:43,395 [WARN] PackLoader:240 - Cannot read IP mode file for STMicroelectronics.X-CUBE-NFC4.3.0.0
2023-09-22 10:00:43,400 [WARN] PackLoader:240 - Cannot read IP mode file for STMicroelectronics.FP-ATR-SIGFOX1.3.2.0
2023-09-22 10:00:43,425 [WARN] PackLoader:240 - Cannot read IP mode file for SEGGER.I-CUBE-embOS.1.3.1
2023-09-22 10:00:43,455 [WARN] PackLoader:240 - Cannot read IP mode file for STMicroelectronics.X-CUBE-GNSS1.6.0.0
2023-09-22 10:00:43,468 [WARN] PackLoader:240 - Cannot read IP mode file for STMicroelectronics.X-CUBE-AZRTOS-F4.1.1.0
2023-09-22 10:00:43,476 [WARN] PackLoader:240 - Cannot read IP mode file for wolfSSL.I-CUBE-wolfSSL.5.6.3
2023-09-22 10:00:43,487 [WARN] PackLoader:240 - Cannot read IP mode file for STMicroelectronics.X-CUBE-AZRTOS-L5.2.0.0
2023-09-22 10:00:43,516 [WARN] PackLoader:240 - Cannot read IP mode file for STMicroelectronics.X-CUBE-MEMS1.9.6.0
2023-09-22 10:00:43,640 [WARN] PackLoader:240 - Cannot read IP mode file for STMicroelectronics.X-CUBE-BLEMGR.2.0.0
2023-09-22 10:00:43,651 [WARN] ConditionMgr:438 - getConditionDescription Invalid condition id : UX DEVICE CLASS RTOS Condition cause : null
2023-09-22 10:00:43,651 [WARN] ConditionMgr:438 - getConditionDescription Invalid condition id : UX DEVICE CLASS RTOS Condition cause : null
2023-09-22 10:00:43,652 [WARN] PackLoader:240 - Cannot read IP mode file for STMicroelectronics.X-CUBE-AZRTOS-H7.3.1.0
2023-09-22 10:00:43,654 [WARN] ConditionMgr:1039 - genDependencies : Invalid condition id : UX DEVICE CLASS RTOS Condition cause : null
2023-09-22 10:00:43,654 [WARN] ConditionMgr:1039 - genDependencies : Invalid condition id : UX DEVICE CLASS RTOS Condition cause : null
2023-09-22 10:00:43,654 [WARN] ConditionMgr:1039 - genDependencies : Invalid condition id : UX DEVICE CLASS RTOS Condition cause : null
2023-09-22 10:00:43,654 [WARN] ConditionMgr:1039 - genDependencies : Invalid condition id : UX DEVICE CLASS RTOS Condition cause : null
2023-09-22 10:00:43,654 [WARN] ConditionMgr:1039 - genDependencies : Invalid condition id : UX DEVICE CLASS RTOS Condition cause : null
2023-09-22 10:00:43,662 [WARN] PackLoader:240 - Cannot read IP mode file for STMicroelectronics.X-CUBE-NFC7.1.0.1
2023-09-22 10:00:43,669 [WARN] PackLoader:240 - Cannot read IP mode file for STMicroelectronics.X-CUBE-NFC6.3.0.0
2023-09-22 10:00:43,675 [WARN] PackLoader:240 - Cannot read IP mode file for STMicroelectronics.X-CUBE-EEPRMA1.4.1.0
2023-09-22 10:00:43,680 [WARN] PackLoader:240 - Cannot read IP mode file for STMicroelectronics.X-CUBE-AI.8.1.0
2023-09-22 10:00:43,696 [WARN] ConditionMgr:438 - getConditionDescription Invalid condition id : LAN8742 Phy interface Condition cause : null
2023-09-22 10:00:43,696 [WARN] PackLoader:240 - Cannot read IP mode file for STMicroelectronics.X-CUBE-AZRTOS-L4.2.0.0
2023-09-22 10:00:43,697 [WARN] ConditionMgr:1039 - genDependencies : Invalid condition id : LAN8742 Phy interface Condition cause : null
2023-09-22 10:00:43,698 [WARN] ConditionMgr:1039 - genDependencies : Invalid condition id : LAN8742 Phy interface Condition cause : null
2023-09-22 10:00:43,698 [WARN] ConditionMgr:1039 - genDependencies : Invalid condition id : LAN8742 Phy interface Condition cause : null
2023-09-22 10:00:43,705 [WARN] PackLoader:240 - Cannot read IP mode file for STMicroelectronics.X-CUBE-SFXS2LP1.4.0.0
2023-09-22 10:00:43,711 [WARN] PackLoader:240 - Cannot read IP mode file for STMicroelectronics.X-CUBE-ISPU.1.1.0
2023-09-22 10:00:43,718 [WARN] ConditionMgr:438 - getConditionDescription Invalid condition id : UX DEVICE CLASS RTOS Condition cause : null
2023-09-22 10:00:43,718 [WARN] ConditionMgr:438 - getConditionDescription Invalid condition id : UX DEVICE CLASS RTOS Condition cause : null
2023-09-22 10:00:43,719 [WARN] PackLoader:240 - Cannot read IP mode file for STMicroelectronics.X-CUBE-AZRTOS-WB.2.0.0
2023-09-22 10:00:43,719 [WARN] ConditionMgr:1039 - genDependencies : Invalid condition id : UX DEVICE CLASS RTOS Condition cause : null
2023-09-22 10:00:43,719 [WARN] ConditionMgr:1039 - genDependencies : Invalid condition id : UX DEVICE CLASS RTOS Condition cause : null
2023-09-22 10:00:43,721 [WARN] ConditionMgr:1039 - genDependencies : Invalid condition id : UX DEVICE CLASS RTOS Condition cause : null
2023-09-22 10:00:43,721 [WARN] ConditionMgr:1039 - genDependencies : Invalid condition id : UX DEVICE CLASS RTOS Condition cause : null
2023-09-22 10:00:43,721 [WARN] ConditionMgr:1039 - genDependencies : Invalid condition id : UX DEVICE CLASS RTOS Condition cause : null
2023-09-22 10:00:43,729 [WARN] PackLoader:240 - Cannot read IP mode file for STMicroelectronics.X-CUBE-SUBG2.5.0.0
2023-09-22 10:00:43,741 [WARN] PackLoader:240 - Cannot read IP mode file for STMicroelectronics.X-CUBE-TOF1.3.3.1
2023-09-22 10:00:43,756 [WARN] PackLoader:240 - Cannot read IP mode file for STMicroelectronics.X-CUBE-AZRTOS-G4.2.0.0
2023-09-22 10:00:43,763 [WARN] PackLoader:240 - Cannot read IP mode file for STMicroelectronics.X-CUBE-FREERTOS.1.1.0
2023-09-22 10:00:43,771 [WARN] PackLoader:240 - Cannot read IP mode file for portGmbH.I-Cube-SoM-uGOAL.1.1.0
2023-09-22 10:00:43,777 [WARN] PackLoader:240 - Cannot read IP mode file for STMicroelectronics.X-CUBE-ALS.1.0.1
2023-09-22 10:00:43,784 [WARN] PackLoader:240 - Cannot read IP mode file for STMicroelectronics.FP-ATR-ASTRA1.2.0.0
2023-09-22 10:00:43,784 [INFO] ThirdParty:978 - Integrity check success = true
2023-09-22 10:00:43,785 [INFO] IntegrityCheckThread:100 - exiting critical section [integrity check]
2023-09-22 10:00:43,785 [INFO] IntegrityCheckThread:103 - End integrity checks thread
2023-09-22 10:01:02,702 [ERROR] LogOutputStream:75 - [STDERR_REDIRECT] SLF4J: Failed to load class "org.slf4j.impl.StaticLoggerBinder".
2023-09-22 10:01:02,703 [ERROR] LogOutputStream:75 - [STDERR_REDIRECT] SLF4J: Defaulting to no-operation (NOP) logger implementation
2023-09-22 10:01:02,703 [ERROR] LogOutputStream:75 - [STDERR_REDIRECT] SLF4J: See http://www.slf4j.org/codes.html#StaticLoggerBinder for further details.
2023-09-22 16:14:23,743 [INFO] McuFinderGlobals:63 - Set McuFinder mode to 2 (CubeIDE integrated)
2023-09-22 16:14:23,795 [INFO] MainUpdater:2868 - connection check result : 10
2023-09-22 16:14:23,797 [INFO] MainUpdater:2868 - connection check result : 10
2023-09-22 16:14:23,890 [INFO] MicroXplorer:468 - Change Database Path : 
2023-09-22 16:14:23,890 [INFO] MicroXplorer:498 - Change Database Version : DB.6.0.91
2023-09-22 16:14:23,899 [WARN] ThirdParty:871 - waiting for thirdparty lock release [close project]
2023-09-22 16:14:23,900 [INFO] ThirdParty:873 - entering critical section [close project]
2023-09-22 16:14:23,905 [INFO] ThirdParty:883 - exiting critical section [close project]
2023-09-22 16:14:23,910 [INFO] PinOutPanel:1499 - setPackage(No Configuration,No Configuration)
2023-09-22 16:14:23,968 [INFO] UtilMem:75 - Begin LoadConfig() Used Memory: 491098280 Bytes (987758592)
2023-09-22 16:14:23,972 [INFO] MicroXplorer:468 - Change Database Path : 
2023-09-22 16:14:23,972 [INFO] MicroXplorer:498 - Change Database Version : DB.6.0.91
2023-09-22 16:14:23,973 [INFO] OpenFileManager:308 - Change cursor
2023-09-22 16:14:24,072 [INFO] Mcu:1946 - Initializing MCU STM32F407V(E-G)Tx STM32F407VETx STM32F407VET6
2023-09-22 16:14:26,349 [INFO] Context:659 - Trying to add GPIOservice into a context  which must be forbidden
2023-09-22 16:14:27,277 [INFO] RtosManager:555 - Registered RTOS mode: class=CMSIS, group=RTOS, mode=CMSIS_V1, owner=FREERTOS
2023-09-22 16:14:27,278 [INFO] RtosManager:555 - Registered RTOS mode: class=CMSIS, group=RTOS2, mode=CMSIS_V2, owner=FREERTOS
2023-09-22 16:14:27,278 [INFO] RtosManager:555 - Registered RTOS mode: class=RTOS, group=Core, mode=CMSIS_V1, owner=FREERTOS
2023-09-22 16:14:27,278 [INFO] RtosManager:555 - Registered RTOS mode: class=RTOS, group=Core, mode=CMSIS_V2, owner=FREERTOS
2023-09-22 16:14:27,279 [WARN] ModelIntegratedComponent:184 - Missing modes for component STMicroelectronics:FreeRTOS:0.0.1:STMicroelectronics:RTOS:FreeRTOS:Core:::10.2.0:
2023-09-22 16:14:27,298 [WARN] ModelIntegratedComponent:63 - No mode defined for component null
2023-09-22 16:14:27,299 [WARN] ModelIntegratedComponent:63 - No mode defined for component null
2023-09-22 16:14:27,299 [WARN] ModelIntegratedComponent:63 - No mode defined for component null
2023-09-22 16:14:27,299 [WARN] ModelIntegratedComponent:63 - No mode defined for component null
2023-09-22 16:14:27,299 [WARN] ModelIntegratedComponent:63 - No mode defined for component null
2023-09-22 16:14:27,299 [WARN] ModelIntegratedComponent:63 - No mode defined for component null
2023-09-22 16:14:27,299 [WARN] ModelIntegratedComponent:63 - No mode defined for component null
2023-09-22 16:14:27,299 [WARN] ModelIntegratedComponent:63 - No mode defined for component null
2023-09-22 16:14:27,299 [WARN] ModelIntegratedComponent:63 - No mode defined for component null
2023-09-22 16:14:27,299 [WARN] ModelIntegratedComponent:63 - No mode defined for component null
2023-09-22 16:14:27,299 [WARN] ModelIntegratedComponent:63 - No mode defined for component null
2023-09-22 16:14:27,299 [WARN] ModelIntegratedComponent:63 - No mode defined for component null
2023-09-22 16:14:27,299 [WARN] ModelIntegratedComponent:63 - No mode defined for component null
2023-09-22 16:14:27,300 [WARN] ModelIntegratedComponent:63 - No mode defined for component null
2023-09-22 16:14:27,300 [WARN] ModelIntegratedComponent:63 - No mode defined for component null
2023-09-22 16:14:27,300 [WARN] ModelIntegratedComponent:63 - No mode defined for component null
2023-09-22 16:14:27,300 [WARN] ModelIntegratedComponent:63 - No mode defined for component null
2023-09-22 16:14:27,300 [WARN] ModelIntegratedComponent:63 - No mode defined for component null
2023-09-22 16:14:27,300 [WARN] ModelIntegratedComponent:63 - No mode defined for component null
2023-09-22 16:14:27,300 [WARN] ModelIntegratedComponent:63 - No mode defined for component null
2023-09-22 16:14:27,300 [WARN] ModelIntegratedComponent:63 - No mode defined for component null
2023-09-22 16:14:27,300 [WARN] ModelIntegratedComponent:63 - No mode defined for component null
2023-09-22 16:14:27,300 [WARN] ModelIntegratedComponent:63 - No mode defined for component null
2023-09-22 16:14:27,300 [WARN] ModelIntegratedComponent:63 - No mode defined for component null
2023-09-22 16:14:27,300 [WARN] ModelIntegratedComponent:63 - No mode defined for component null
2023-09-22 16:14:27,300 [WARN] ModelIntegratedComponent:63 - No mode defined for component null
2023-09-22 16:14:27,301 [WARN] ModelIntegratedComponent:63 - No mode defined for component null
2023-09-22 16:14:27,301 [WARN] ModelIntegratedComponent:63 - No mode defined for component null
2023-09-22 16:14:27,301 [WARN] ModelIntegratedComponent:63 - No mode defined for component null
2023-09-22 16:14:27,301 [WARN] ModelIntegratedComponent:63 - No mode defined for component null
2023-09-22 16:14:27,301 [WARN] ModelIntegratedComponent:63 - No mode defined for component null
2023-09-22 16:14:27,301 [WARN] ModelIntegratedComponent:63 - No mode defined for component null
2023-09-22 16:14:27,301 [WARN] ModelIntegratedComponent:63 - No mode defined for component null
2023-09-22 16:14:27,343 [INFO] ThirdPartyModel:298 - Start build external matchings
2023-09-22 16:14:27,652 [INFO] ThirdPartyModel:316 - End build external matchings
2023-09-22 16:14:27,673 [INFO] RtosManager:919 - Current active RTOS is FREERTOS [Cortex-M4NS]
2023-09-22 16:14:27,687 [INFO] ImportTextPane:194 - (OptionalMessage_ERROR) IP (RCC) : Parameter (RTCHSEDivFreq_Value) has invalid value (12500000)
2023-09-22 16:14:28,140 [INFO] UtilMem:75 - End LoadConfig() Used Memory: 820181632 Bytes (1073741824)
2023-09-22 16:14:28,280 [INFO] ApiDb:581 - Connected to CubeFinder SQLite database (C:\Users\haosh\.stmcufinder\plugins\mcufinder\mcu\cube-finder-db.db)
2023-09-22 16:14:28,391 [INFO] ApiDb:668 - CubeFinder database Data Model version=2.1
2023-09-22 16:14:28,391 [INFO] ApiDb:669 - CubeFinder database Configuration version=3.0.37
2023-09-22 16:14:28,394 [INFO] ApiDb:670 - CubeFinder database generation date=2023-08-09 (1691586011)
2023-09-22 16:14:28,394 [INFO] ApiDb:671 - CubeFinder database FW Pack versions=[FP-ATR-ASTRA1_V2.0.0, FP-SNS-FLIGHT1_V5.0.1, FP-SNS-FLIGHT1_V5.0.2, FP-SNS-MOTENV1_V4.3.1, FP-SNS-MOTENV1_V4.3.2, STM32Cube_FW_C0_V1.1.0, STM32Cube_FW_F4_V1.27.1, STM32Cube_FW_F7_V1.17.0, STM32Cube_FW_G0_V1.6.1, STM32Cube_FW_G4_V1.5.1, STM32Cube_FW_H5_V0.5.1, STM32Cube_FW_H5_V1.1.0, STM32Cube_FW_H7_V1.11.0, STM32Cube_FW_L0_V1.12.2, STM32Cube_FW_L5_V1.5.0, STM32Cube_FW_U5_V1.3.0, STM32Cube_FW_U5_V1.3.0RC4, STM32Cube_FW_WBA_V1.0.0RC1, STM32Cube_FW_WBA_V1.1.0, STM32Cube_FW_WBA_V1.1.0RC1, STM32Cube_FW_WB_V1.15.0RC1, STM32Cube_FW_WB_V1.16.0, STM32Cube_FW_WB_V1.16.0RC2, STM32Cube_FW_WB_V1.17.0, STM32Cube_FW_WL_V1.3.0, X-CUBE-ALGOBUILD_V1.3.0, X-CUBE-ALS_V1.0.1, X-CUBE-AZRTOS-F4_V1.1.0, X-CUBE-AZRTOS-F7_V1.1.0, X-CUBE-AZRTOS-G0_V1.1.0, X-CUBE-AZRTOS-G4_V2.0.0, X-CUBE-AZRTOS-H7_V3.1.0, X-CUBE-AZRTOS-L4_V1.0.0, X-CUBE-AZRTOS-L4_V2.0.0, X-CUBE-AZRTOS-L5_V1.1.0, X-CUBE-AZRTOS-WB_V1.1.0, X-CUBE-AZRTOS-WL_V2.0.0, X-CUBE-BLE1_V7.0.0, X-CUBE-BLE2_V3.3.0, X-CUBE-BLEMGR_V2.0.0, X-CUBE-EEPRMA1_V4.1.0, X-CUBE-FREERTOS_V1.1.0, X-CUBE-GNSS1_V6.0.0, X-CUBE-MEMS1_V9.1.0, X-CUBE-MEMS1_V9.4.0, X-CUBE-MEMS1_V9.6.0, X-CUBE-NFC4_V3.0.0, X-CUBE-NFC7_V1.0.0, X-CUBE-SFXS2LP1_V4.0.0, X-CUBE-SUBG2_V5.0.0, X-CUBE-TOF1_V3.3.1]
2023-09-22 16:14:31,666 [INFO] ApiDb:240 - Found 323 in-development CPN: [B-G473E-ZEST1S, B-WB1M-WPAN1, B-WL5M-SUBG1, NUCLEO-C031C6, NUCLEO-H503RB, NUCLEO-H563ZI, NUCLEO-U545RE-Q, NUCLEO-U5A5ZJ-Q, NUCLEO-WBA52CG, STEVAL-PROTEUS1, STEVAL-SMARTAG2, STEVAL-STWINBX1, STM320518-EVAL, STM32C0116-DK, STM32C011D6Y3TR, STM32C011D6Y6TR, STM32C011F4P3, STM32C011F4P6, STM32C011F4U3, STM32C011F4U6TR, STM32C011F6P3, STM32C011F6P6, STM32C011F6U3, STM32C011F6U6TR, STM32C011J4M3, STM32C011J4M6, STM32C011J6M3, STM32C011J6M6, STM32C0316-DK, STM32C031C4T3, STM32C031C4T6, STM32C031C4U3, STM32C031C4U6, STM32C031C6T3, STM32C031C6T6, STM32C031C6U3, STM32C031C6U6, STM32C031F4P3, STM32C031F4P6, STM32C031F6P3, STM32C031F6P6, STM32C031G4U3, STM32C031G4U6, STM32C031G6U3, STM32C031G6U6, STM32C031K4T3, STM32C031K4T6, STM32C031K4U3, STM32C031K4U6, STM32C031K6T3, STM32C031K6T6, STM32C031K6U3, STM32C031K6U6, STM32G071K8TXN, STM32G071K8UXN, STM32G081GBU6N, STM32G081KBT6N, STM32G081KBUXN, STM32G0B1CCT6N, STM32G0B1KCT6, STM32G0B1NEY6TR, STM32G0B1RCT6N, STM32G0C1CCT6, STM32G0C1CCT6N, STM32G0C1CCU6N, STM32G0C1CET6N, STM32G0C1CEU6N, STM32G0C1KCT6, STM32G0C1NEY6TR, STM32G0C1RCI6N, STM32G0C1RCT6N, STM32G0C1REI6N, STM32G0C1RET6N, STM32G0C1VCI6, STM32G0C1VEI6, STM32G471CCT6, STM32G471CCU6, STM32G471CET3, STM32G471CET6, STM32G471CEU3, STM32G471CEU6, STM32G471MCT6, STM32G471MET3, STM32G471MET6, STM32G471MEY6TR, STM32G471QCT6, STM32G471QET3, STM32G471RCT6, STM32G471RET3, STM32G471RET6, STM32G471VCH6, STM32G471VCI6, STM32G471VCT6, STM32G471VEH3, STM32G471VEH6, STM32G471VEI3, STM32G471VEI6, STM32G471VET3, STM32G471VET6, STM32G474CCT6, STM32H503CBT6, STM32H503CBU6, STM32H503EBY6TR, STM32H503KBU6, STM32H503RBT6, STM32H562AGI6, STM32H562AII6, STM32H562IGK6, STM32H562IGT6, STM32H562IIK6, STM32H562IIT6, STM32H562RGT6, STM32H562RGV6, STM32H562RIT6, STM32H562RIV6, STM32H562VGT6, STM32H562VIT6, STM32H562ZGT6, STM32H562ZIT6, STM32H563AGI6, STM32H563AII3Q, STM32H563AII6, STM32H563IGK6, STM32H563IGT6, STM32H563IIK3Q, STM32H563IIK6, STM32H563IIT3Q, STM32H563IIT6, STM32H563MIY3QTR, STM32H563RGT6, STM32H563RGV6, STM32H563RIT6, STM32H563RIV6, STM32H563VGT6, STM32H563VIT3Q, STM32H563VIT6, STM32H563ZGT6, STM32H563ZIT3Q, STM32H563ZIT6, STM32H573AII3Q, STM32H573AII6, STM32H573I-DK, STM32H573IIK3Q, STM32H573IIK6, STM32H573IIT3Q, STM32H573IIT6, STM32H573MIY3QTR, STM32H573RIT6, STM32H573RIV6, STM32H573VIT3Q, STM32H573VIT6, STM32H573ZIT3Q, STM32H573ZIT6, STM32L4R5QGI6STR, STM32MP131AAE3, STM32MP131AAF3, STM32MP131AAG3, STM32MP131CAE3, STM32MP131CAF3, STM32MP131CAG3, STM32MP131DAE7, STM32MP131DAF7, STM32MP131DAG7, STM32MP131FAE7, STM32MP131FAF7, STM32MP131FAG7, STM32MP133AAE3, STM32MP133AAF3, STM32MP133AAG3, STM32MP133CAE3, STM32MP133CAF3, STM32MP133CAG3, STM32MP133DAE7, STM32MP133DAF7, STM32MP133DAG7, STM32MP133FAE7, STM32MP133FAF7, STM32MP133FAG7, STM32MP135AAE3, STM32MP135AAF3, STM32MP135AAG3, STM32MP135CAE3, STM32MP135CAF3, STM32MP135CAG3, STM32MP135DAE7, STM32MP135DAF7, STM32MP135DAG7, STM32MP135F-DK, STM32MP135FAE7, STM32MP135FAF7, STM32MP135FAF7T, STM32MP135FAF7U, STM32MP135FAG7, STM32U535CBT6, STM32U535CBT6Q, STM32U535CBU6, STM32U535CBU6Q, STM32U535CCT6, STM32U535CCT6Q, STM32U535CCU6, STM32U535CCU6Q, STM32U535CET6, STM32U535CET6Q, STM32U535CEU6, STM32U535CEU6Q, STM32U535JEY6QTR, STM32U535NCY6QTR, STM32U535NEY6QTR, STM32U535RBI6, STM32U535RBI6Q, STM32U535RBT6, STM32U535RBT6Q, STM32U535RCI6, STM32U535RCI6Q, STM32U535RCT6, STM32U535RCT6Q, STM32U535REI6, STM32U535REI6Q, STM32U535RET6, STM32U535RET6Q, STM32U535VCI6, STM32U535VCI6Q, STM32U535VCT6, STM32U535VCT6Q, STM32U535VEI6, STM32U535VEI6Q, STM32U535VET6, STM32U535VET6Q, STM32U545CET6, STM32U545CET6Q, STM32U545CEU6, STM32U545CEU6Q, STM32U545JEY6QTR, STM32U545NEY6QTR, STM32U545REI6, STM32U545REI6Q, STM32U545RET6, STM32U545RET6Q, STM32U545VEI6, STM32U545VEI6Q, STM32U545VET6, STM32U545VET6Q, STM32U595AIH6, STM32U595AIH6Q, STM32U595AJH6, STM32U595AJH6Q, STM32U595QII6, STM32U595QII6Q, STM32U595QJI6, STM32U595QJI6Q, STM32U595RIT6, STM32U595RIT6Q, STM32U595RJT6, STM32U595RJT6Q, STM32U595VIT6, STM32U595VIT6Q, STM32U595VJT6, STM32U595VJT6Q, STM32U595ZIT6, STM32U595ZIT6Q, STM32U595ZIY6QTR, STM32U595ZJT6, STM32U595ZJT6Q, STM32U595ZJY6QTR, STM32U599BJY6QTR, STM32U599NIH6Q, STM32U599NJH6Q, STM32U599VIT6Q, STM32U599VJT6, STM32U599VJT6Q, STM32U599ZIT6Q, STM32U599ZIY6QTR, STM32U599ZJT6Q, STM32U599ZJY6QTR, STM32U5A5AJH6, STM32U5A5AJH6Q, STM32U5A5QJI6, STM32U5A5QJI6Q, STM32U5A5RJT6, STM32U5A5RJT6Q, STM32U5A5VJT6, STM32U5A5VJT6Q, STM32U5A5ZJT6, STM32U5A5ZJT6Q, STM32U5A5ZJY6QTR, STM32U5A9BJY6QTR, STM32U5A9J-DK, STM32U5A9NJH6Q, STM32U5A9VJT6Q, STM32U5A9ZJT6Q, STM32U5A9ZJY6QTR, STM32U5F7VIT6, STM32U5F7VIT6Q, STM32U5F7VJT6, STM32U5F7VJT6Q, STM32U5F9BJY6QTR, STM32U5F9NJH6Q, STM32U5F9VIT6Q, STM32U5F9VJT6Q, STM32U5F9ZIJ6QTR, STM32U5F9ZIT6Q, STM32U5F9ZJJ6QTR, STM32U5F9ZJT6Q, STM32U5G7VJT6, STM32U5G7VJT6Q, STM32U5G9BJY6QTR, STM32U5G9J-DK1, STM32U5G9J-DK2, STM32U5G9NJH6Q, STM32U5G9VJT6Q, STM32U5G9ZJJ6QTR, STM32U5G9ZJT6Q, STM32WB1MMCH6, STM32WBA52CEU6, STM32WBA52CEU6T, STM32WBA52CGU6, STM32WBA52CGU6T, STM32WBA52KEU6, STM32WBA52KEU6T, STM32WBA52KGU6, STM32WBA52KGU6T, STM32WL5MOCH6, STM32WL5MOCH6TR]
2023-09-22 16:14:31,671 [INFO] DbMcus:217 - Found 3848 MCUs, 3848 are supported
2023-09-22 16:14:31,672 [INFO] ApiDb:423 - Load user favorites file C:\Users\haosh/.stm32cubeide/favorites.mcus.txt: 0 item(s)
2023-09-22 16:14:31,672 [INFO] ApiDb:427 - User favorites MCUs=[]
2023-09-22 16:14:31,673 [INFO] DbMcus:223 - Set 0 / 0 favorites MCUs
2023-09-22 16:14:32,169 [WARN] ThirdParty:833 - waiting for thirdparty lock release [change project]
2023-09-22 16:14:32,169 [INFO] ThirdParty:835 - entering critical section [change project]
2023-09-22 16:14:32,170 [INFO] ThirdParty:1030 - CMSIS Pack Vendor :STMicroelectronics X-CUBE-ISPU 1.1.0
2023-09-22 16:14:32,170 [INFO] ThirdParty:1030 - CMSIS Pack Vendor :STMicroelectronics USBPD 4.1
2023-09-22 16:14:32,170 [INFO] ThirdParty:1030 - CMSIS Pack Vendor :STMicroelectronics X-CUBE-GNSS1 6.0.0
2023-09-22 16:14:32,170 [INFO] ThirdParty:1030 - CMSIS Pack Vendor :STMicroelectronics USB_HOST 2.0.0
2023-09-22 16:14:32,170 [INFO] ThirdParty:1030 - CMSIS Pack Vendor :STMicroelectronics X-CUBE-AZRTOS-F4 1.1.0
2023-09-22 16:14:32,170 [INFO] ThirdParty:1030 - CMSIS Pack Vendor :STMicroelectronics LIBJPEG 8.0.0
2023-09-22 16:14:32,170 [INFO] ThirdParty:1030 - CMSIS Pack Vendor :wolfSSL I-CUBE-wolfSSL 5.6.3
2023-09-22 16:14:32,170 [INFO] ThirdParty:1030 - CMSIS Pack Vendor :STMicroelectronics X-CUBE-SMBUS 2.1.0
2023-09-22 16:14:32,170 [INFO] ThirdParty:1030 - CMSIS Pack Vendor :STMicroelectronics USB_DEVICE 3.0.0
2023-09-22 16:14:32,171 [INFO] ThirdParty:1030 - CMSIS Pack Vendor :STMicroelectronics X-CUBE-AZRTOS-WB 2.0.0
2023-09-22 16:14:32,171 [INFO] ThirdParty:1030 - CMSIS Pack Vendor :STMicroelectronics X-CUBE-AZRTOS-F7 1.1.0
2023-09-22 16:14:32,171 [INFO] ThirdParty:1030 - CMSIS Pack Vendor :STMicroelectronics X-CUBE-AZRTOS-L5 2.0.0
2023-09-22 16:14:32,171 [INFO] ThirdParty:1030 - CMSIS Pack Vendor :STMicroelectronics USB_DEVICE 2.0.0
2023-09-22 16:14:32,171 [INFO] ThirdParty:1030 - CMSIS Pack Vendor :STMicroelectronics X-CUBE-MEMS1 9.6.0
2023-09-22 16:14:32,171 [INFO] ThirdParty:1030 - CMSIS Pack Vendor :STMicroelectronics FP-SNS-MOTENV1 4.3.2
2023-09-22 16:14:32,171 [INFO] ThirdParty:1030 - CMSIS Pack Vendor :STMicroelectronics X-CUBE-ALGOBUILD 1.3.0
2023-09-22 16:14:32,171 [INFO] ThirdParty:1030 - CMSIS Pack Vendor :STMicroelectronics FreeRTOS 0.0.1
2023-09-22 16:14:32,171 [INFO] ThirdParty:1030 - CMSIS Pack Vendor :STMicroelectronics X-CUBE-AZRTOS-G0 1.1.0
2023-09-22 16:14:32,171 [INFO] ThirdParty:1030 - CMSIS Pack Vendor :STMicroelectronics X-CUBE-BLEMGR 2.0.0
2023-09-22 16:14:32,171 [INFO] ThirdParty:1030 - CMSIS Pack Vendor :STMicroelectronics X-CUBE-NFC4 3.0.0
2023-09-22 16:14:32,171 [INFO] ThirdParty:1030 - CMSIS Pack Vendor :STMicroelectronics X-CUBE-SUBG2 5.0.0
2023-09-22 16:14:32,172 [INFO] ThirdParty:1030 - CMSIS Pack Vendor :STMicroelectronics STM32_WPAN 1.0.0
2023-09-22 16:14:32,172 [INFO] ThirdParty:1030 - CMSIS Pack Vendor :STMicroelectronics lwIP 2.0.3
2023-09-22 16:14:32,172 [INFO] ThirdParty:1030 - CMSIS Pack Vendor :STMicroelectronics FP-SNS-FLIGHT1 5.0.2
2023-09-22 16:14:32,172 [INFO] ThirdParty:1030 - CMSIS Pack Vendor :STMicroelectronics USB_HOST 1.0.0
2023-09-22 16:14:32,172 [INFO] ThirdParty:1030 - CMSIS Pack Vendor :STMicroelectronics X-CUBE-TOF1 3.3.1
2023-09-22 16:14:32,172 [INFO] ThirdParty:1030 - CMSIS Pack Vendor :STMicroelectronics X-CUBE-AZRTOS-G4 2.0.0
2023-09-22 16:14:32,172 [INFO] ThirdParty:1030 - CMSIS Pack Vendor :STMicroelectronics PDM2PCM 3.1.0
2023-09-22 16:14:32,172 [INFO] ThirdParty:1030 - CMSIS Pack Vendor :STMicroelectronics X-CUBE-AZRTOS-H7 3.1.0
2023-09-22 16:14:32,172 [INFO] ThirdParty:1030 - CMSIS Pack Vendor :STMicroelectronics PDM2PCM 3.3.0
2023-09-22 16:14:32,172 [INFO] ThirdParty:1030 - CMSIS Pack Vendor :STMicroelectronics X-CUBE-DISPLAY 3.0.0
2023-09-22 16:14:32,172 [INFO] ThirdParty:1030 - CMSIS Pack Vendor :STMicroelectronics X-CUBE-BLE1 7.0.0
2023-09-22 16:14:32,172 [INFO] ThirdParty:1030 - CMSIS Pack Vendor :STMicroelectronics FP-ATR-SIGFOX1 3.2.0
2023-09-22 16:14:32,172 [INFO] ThirdParty:1030 - CMSIS Pack Vendor :STMicroelectronics HAL Drivers 0.0.0
2023-09-22 16:14:32,172 [INFO] ThirdParty:1030 - CMSIS Pack Vendor :STMicroelectronics MBEDTLS 2.16.2
2023-09-22 16:14:32,173 [INFO] ThirdParty:1030 - CMSIS Pack Vendor :emotas I-CUBE-CANOPEN 1.3.0
2023-09-22 16:14:32,173 [INFO] ThirdParty:1030 - CMSIS Pack Vendor :STMicroelectronics X-CUBE-FREERTOS 1.1.0
2023-09-22 16:14:32,173 [INFO] ThirdParty:1030 - CMSIS Pack Vendor :STMicroelectronics X-CUBE-TOUCHGFX 4.22.0
2023-09-22 16:14:32,173 [INFO] ThirdParty:1030 - CMSIS Pack Vendor :STMicroelectronics X-CUBE-NFC7 1.0.1
2023-09-22 16:14:32,173 [INFO] ThirdParty:1030 - CMSIS Pack Vendor :STMicroelectronics MBEDTLS 2.14.1
2023-09-22 16:14:32,173 [INFO] ThirdParty:1030 - CMSIS Pack Vendor :STMicroelectronics X-CUBE-NFC6 3.0.0
2023-09-22 16:14:32,173 [INFO] ThirdParty:1030 - CMSIS Pack Vendor :STMicroelectronics X-CUBE-EEPRMA1 4.1.0
2023-09-22 16:14:32,173 [INFO] ThirdParty:1030 - CMSIS Pack Vendor :portGmbH I-Cube-SoM-uGOAL 1.1.0
2023-09-22 16:14:32,173 [INFO] ThirdParty:1030 - CMSIS Pack Vendor :STMicroelectronics X-CUBE-ALS 1.0.1
2023-09-22 16:14:32,173 [INFO] ThirdParty:1030 - CMSIS Pack Vendor :STMicroelectronics ThreadX 1.0.0
2023-09-22 16:14:32,173 [INFO] ThirdParty:1030 - CMSIS Pack Vendor :STMicroelectronics FP-SNS-SMARTAG2 1.2.0
2023-09-22 16:14:32,173 [INFO] ThirdParty:1030 - CMSIS Pack Vendor :STMicroelectronics X-CUBE-AZRTOS-WL 2.0.0
2023-09-22 16:14:32,173 [INFO] ThirdParty:1030 - CMSIS Pack Vendor :SEGGER I-CUBE-embOS 1.3.1
2023-09-22 16:14:32,173 [INFO] ThirdParty:1030 - CMSIS Pack Vendor :STMicroelectronics USB_DEVICE 1.0.0
2023-09-22 16:14:32,174 [INFO] ThirdParty:1030 - CMSIS Pack Vendor :STMicroelectronics X-CUBE-AI 8.1.0
2023-09-22 16:14:32,174 [INFO] ThirdParty:1030 - CMSIS Pack Vendor :STMicroelectronics X-CUBE-AZRTOS-L4 2.0.0
2023-09-22 16:14:32,174 [INFO] ThirdParty:1030 - CMSIS Pack Vendor :STMicroelectronics ThreadX 0.0.2
2023-09-22 16:14:32,174 [INFO] ThirdParty:1030 - CMSIS Pack Vendor :WES I-CUBE-Cesium 1.3.0
2023-09-22 16:14:32,174 [INFO] ThirdParty:1030 - CMSIS Pack Vendor :STMicroelectronics FP-ATR-ASTRA1 2.0.0
2023-09-22 16:14:32,174 [INFO] ThirdParty:1030 - CMSIS Pack Vendor :STMicroelectronics lwIP 2.1.2
2023-09-22 16:14:32,174 [INFO] ThirdParty:1030 - CMSIS Pack Vendor :STMicroelectronics X-CUBE-SFXS2LP1 4.0.0
2023-09-22 16:14:32,174 [INFO] ThirdParty:1030 - CMSIS Pack Vendor :STMicroelectronics X-CUBE-BLE2 3.3.0
2023-09-22 16:14:32,174 [INFO] ThirdParty:1030 - CMSIS Pack Vendor :STMicroelectronics PDM2PCM 3.2.0
2023-09-22 16:14:32,174 [INFO] ThirdParty:841 - exiting critical section [change project]
2023-09-22 16:14:32,856 [INFO] PinOutPanel:1499 - setPackage(No Configuration,No Configuration)
2023-09-22 16:14:32,858 [INFO] PinOutPanel:1499 - setPackage(STM32F407VETx,LQFP100)
2023-09-22 16:14:33,465 [INFO] UtilMem:75 - Before build in PCC Used Memory: 660847104 Bytes (1073741824)
2023-09-22 16:14:35,174 [INFO] UtilMem:75 - After build in PCC Used Memory: 723761664 Bytes (1073741824)
2023-09-22 16:14:35,435 [INFO] ApiDbMcu:507 - Load IP Config File for FREERTOS
2023-09-22 16:14:35,482 [INFO] IPUIPlugin:80 - create IPUIPlugin
2023-09-22 16:14:35,482 [INFO] IPUIPlugin:80 - create IPUIPlugin
2023-09-22 16:14:35,482 [INFO] IPUIPlugin:80 - create IPUIPlugin
2023-09-22 16:14:35,483 [INFO] IPUIPlugin:80 - create IPUIPlugin
2023-09-22 16:14:35,483 [INFO] IPUIPlugin:80 - create IPUIPlugin
2023-09-22 16:14:35,483 [INFO] IPUIPlugin:80 - create IPUIPlugin
2023-09-22 16:14:35,483 [INFO] IPUIPlugin:80 - create IPUIPlugin
2023-09-22 16:14:35,484 [INFO] IPUIPlugin:80 - create IPUIPlugin
2023-09-22 16:14:35,484 [INFO] IPUIPlugin:80 - create IPUIPlugin
2023-09-22 16:14:35,484 [INFO] IPUIPlugin:80 - create IPUIPlugin
2023-09-22 16:14:35,484 [INFO] IPUIPlugin:80 - create IPUIPlugin
2023-09-22 16:14:35,485 [INFO] IPUIPlugin:80 - create IPUIPlugin
2023-09-22 16:14:35,485 [INFO] IPUIPlugin:80 - create IPUIPlugin
2023-09-22 16:14:35,485 [INFO] IPUIPlugin:80 - create IPUIPlugin
2023-09-22 16:14:35,486 [INFO] IPUIPlugin:80 - create IPUIPlugin
2023-09-22 16:14:35,486 [INFO] IPUIPlugin:80 - create IPUIPlugin
2023-09-22 16:14:35,486 [INFO] IPUIPlugin:80 - create IPUIPlugin
2023-09-22 16:14:35,486 [INFO] IPUIPlugin:80 - create IPUIPlugin
2023-09-22 16:14:35,487 [INFO] IPUIPlugin:80 - create IPUIPlugin
2023-09-22 16:14:35,487 [INFO] IPUIPlugin:80 - create IPUIPlugin
2023-09-22 16:14:35,487 [INFO] IPUIPlugin:80 - create IPUIPlugin
2023-09-22 16:14:35,488 [INFO] IPUIPlugin:80 - create IPUIPlugin
2023-09-22 16:14:35,488 [INFO] IPUIPlugin:80 - create IPUIPlugin
2023-09-22 16:14:35,488 [INFO] IPUIPlugin:80 - create IPUIPlugin
2023-09-22 16:14:35,489 [INFO] IPUIPlugin:80 - create IPUIPlugin
2023-09-22 16:14:35,489 [INFO] IPUIPlugin:80 - create IPUIPlugin
2023-09-22 16:14:35,490 [INFO] IPUIPlugin:80 - create IPUIPlugin
2023-09-22 16:14:35,490 [INFO] IPUIPlugin:80 - create IPUIPlugin
2023-09-22 16:14:35,490 [INFO] IPUIPlugin:80 - create IPUIPlugin
2023-09-22 16:14:35,491 [INFO] IPUIPlugin:80 - create IPUIPlugin
2023-09-22 16:14:35,491 [INFO] IPUIPlugin:80 - create IPUIPlugin
2023-09-22 16:14:35,492 [INFO] IPUIPlugin:80 - create IPUIPlugin
2023-09-22 16:14:35,492 [INFO] IPUIPlugin:80 - create IPUIPlugin
2023-09-22 16:14:35,492 [INFO] IPUIPlugin:80 - create IPUIPlugin
2023-09-22 16:14:35,493 [INFO] IPUIPlugin:80 - create IPUIPlugin
2023-09-22 16:14:35,493 [INFO] IPUIPlugin:80 - create IPUIPlugin
2023-09-22 16:14:35,493 [INFO] IPUIPlugin:80 - create IPUIPlugin
2023-09-22 16:14:35,494 [INFO] IPUIPlugin:80 - create IPUIPlugin
2023-09-22 16:14:35,494 [INFO] IPUIPlugin:80 - create IPUIPlugin
2023-09-22 16:14:35,495 [INFO] IPUIPlugin:80 - create IPUIPlugin
2023-09-22 16:14:35,495 [INFO] IPUIPlugin:80 - create IPUIPlugin
2023-09-22 16:14:35,496 [INFO] IPUIPlugin:80 - create IPUIPlugin
2023-09-22 16:14:35,496 [INFO] IPUIPlugin:80 - create IPUIPlugin
2023-09-22 16:14:35,497 [INFO] IPUIPlugin:80 - create IPUIPlugin
2023-09-22 16:14:35,497 [INFO] IPUIPlugin:80 - create IPUIPlugin
2023-09-22 16:14:35,498 [INFO] IPUIPlugin:80 - create IPUIPlugin
2023-09-22 16:14:35,498 [INFO] IPUIPlugin:80 - create IPUIPlugin
2023-09-22 16:14:35,499 [INFO] IPUIPlugin:80 - create IPUIPlugin
2023-09-22 16:14:35,499 [INFO] IPUIPlugin:80 - create IPUIPlugin
2023-09-22 16:14:35,500 [INFO] IPUIPlugin:80 - create IPUIPlugin
2023-09-22 16:14:35,500 [INFO] IPUIPlugin:80 - create IPUIPlugin
2023-09-22 16:14:35,500 [INFO] IPUIPlugin:80 - create IPUIPlugin
2023-09-22 16:14:35,501 [INFO] IPUIPlugin:80 - create IPUIPlugin
2023-09-22 16:14:35,502 [INFO] IPUIPlugin:80 - create IPUIPlugin
2023-09-22 16:14:35,502 [INFO] IPUIPlugin:80 - create IPUIPlugin
2023-09-22 16:14:35,504 [INFO] IPUIPlugin:80 - create IPUIPlugin
2023-09-22 16:14:35,505 [INFO] IPUIPlugin:80 - create IPUIPlugin
2023-09-22 16:14:35,506 [INFO] IPUIPlugin:80 - create IPUIPlugin
2023-09-22 16:14:35,532 [INFO] ApiDbMcu:507 - Load IP Config File for PDM2PCM
2023-09-22 16:14:35,547 [WARN] IP:2114 - I2C_Coeff_DF not found: check if there is a RefParameter without a condition.
2023-09-22 16:14:35,547 [WARN] IP:2114 - Analog_Filter not found: check if there is a RefParameter without a condition.
2023-09-22 16:14:35,607 [WARN] FreeRTOS:1023 - Null or empty value: should not occur! (nothing added to the table)
2023-09-22 16:14:36,083 [INFO] CADModel:165 - CPN selected for project levelSTM32F407VET6
2023-09-22 16:14:36,084 [INFO] CADModel:114 - Register for checkConnection events
2023-09-22 16:14:36,088 [INFO] RtosManager:697 - Active RTOS found at IOC load: FREERTOS [Cortex-M4NS]
2023-09-22 16:14:36,166 [INFO] OpenFileManager:328 - Restore cursor
2023-09-22 16:14:36,439 [WARN] IP:2114 - I2C_Coeff_DF not found: check if there is a RefParameter without a condition.
2023-09-22 16:14:36,439 [WARN] IP:2114 - Analog_Filter not found: check if there is a RefParameter without a condition.
2023-09-22 16:14:36,439 [WARN] IP:2114 - I2C_Coeff_DF not found: check if there is a RefParameter without a condition.
2023-09-22 16:14:36,440 [WARN] IP:2114 - Analog_Filter not found: check if there is a RefParameter without a condition.
2023-09-22 16:22:21,099 [INFO] Gpio:273 - dependency for GPIO [I2C1, RCC, TIM1, TIM2, TIM3, TIM4, USART3]
2023-09-22 16:24:42,168 [ERROR] RtosPanel:558 - Can not restore the selected Tab for FREERTOS(A reason can be that the tab is no more available.)
2023-09-22 16:24:53,791 [INFO] TasksAndQueuesTab:757 - Dynamic
2023-09-22 16:24:53,792 [WARN] TasksAndQueuesTab:763 - 128 128
2023-09-22 16:24:53,793 [WARN] TasksAndQueuesTab:775 - max value is: 3840.0
2023-09-22 16:24:53,793 [INFO] TasksAndQueuesTab:757 - Dynamic
2023-09-22 16:24:53,793 [WARN] TasksAndQueuesTab:763 - 128 128
2023-09-22 16:24:53,794 [WARN] TasksAndQueuesTab:775 - max value is: 3840.0
2023-09-22 16:24:53,794 [INFO] TasksAndQueuesTab:757 - Dynamic
2023-09-22 16:24:53,794 [WARN] TasksAndQueuesTab:763 - 128 128
2023-09-22 16:24:53,794 [WARN] TasksAndQueuesTab:775 - max value is: 3840.0
2023-09-22 16:24:53,794 [INFO] TasksAndQueuesTab:757 - Dynamic
2023-09-22 16:24:53,794 [WARN] TasksAndQueuesTab:763 - 128 128
2023-09-22 16:24:53,794 [WARN] TasksAndQueuesTab:775 - max value is: 3840.0
2023-09-22 16:24:53,794 [INFO] TasksAndQueuesTab:757 - Dynamic
2023-09-22 16:24:53,794 [WARN] TasksAndQueuesTab:763 - 128 128
2023-09-22 16:24:53,794 [WARN] TasksAndQueuesTab:775 - max value is: 3840.0
2023-09-22 16:24:53,794 [INFO] TasksAndQueuesTab:757 - Dynamic
2023-09-22 16:24:53,794 [WARN] TasksAndQueuesTab:763 - 128 128
2023-09-22 16:24:53,794 [WARN] TasksAndQueuesTab:775 - max value is: 3840.0
2023-09-22 16:24:53,794 [INFO] TasksAndQueuesTab:757 - Dynamic
2023-09-22 16:24:53,795 [WARN] TasksAndQueuesTab:763 - 128 128
2023-09-22 16:24:53,795 [WARN] TasksAndQueuesTab:775 - max value is: 3840.0
2023-09-22 16:24:53,795 [INFO] TasksAndQueuesTab:757 - Dynamic
2023-09-22 16:24:53,795 [WARN] TasksAndQueuesTab:763 - 128 128
2023-09-22 16:24:53,795 [WARN] TasksAndQueuesTab:775 - max value is: 3840.0
2023-09-22 16:24:58,013 [INFO] EditThreadDialog:704 - RAM SIZE (in KB): 128
2023-09-22 16:24:58,014 [INFO] EditThreadDialog:706 - RAM SIZE (in words): 32768
2023-09-22 16:25:06,014 [INFO] TasksAndQueuesTab:757 - Dynamic
2023-09-22 16:25:06,014 [WARN] TasksAndQueuesTab:763 - 128 128
2023-09-22 16:25:06,014 [WARN] TasksAndQueuesTab:775 - max value is: 3840.0
2023-09-22 16:25:06,014 [INFO] TasksAndQueuesTab:757 - Dynamic
2023-09-22 16:25:06,014 [WARN] TasksAndQueuesTab:763 - 128 128
2023-09-22 16:25:06,015 [WARN] TasksAndQueuesTab:775 - max value is: 3840.0
2023-09-22 16:25:06,015 [INFO] TasksAndQueuesTab:757 - Dynamic
2023-09-22 16:25:06,015 [WARN] TasksAndQueuesTab:763 - 128 128
2023-09-22 16:25:06,015 [WARN] TasksAndQueuesTab:775 - max value is: 3840.0
2023-09-22 16:25:06,015 [INFO] TasksAndQueuesTab:757 - Dynamic
2023-09-22 16:25:06,015 [WARN] TasksAndQueuesTab:763 - 128 128
2023-09-22 16:25:06,015 [WARN] TasksAndQueuesTab:775 - max value is: 3840.0
2023-09-22 16:25:06,015 [INFO] TasksAndQueuesTab:757 - Dynamic
2023-09-22 16:25:06,015 [WARN] TasksAndQueuesTab:763 - 128 128
2023-09-22 16:25:06,015 [WARN] TasksAndQueuesTab:775 - max value is: 3840.0
2023-09-22 16:25:06,015 [INFO] TasksAndQueuesTab:757 - Dynamic
2023-09-22 16:25:06,015 [WARN] TasksAndQueuesTab:763 - 128 128
2023-09-22 16:25:06,015 [WARN] TasksAndQueuesTab:775 - max value is: 3840.0
2023-09-22 16:25:06,015 [INFO] TasksAndQueuesTab:757 - Dynamic
2023-09-22 16:25:06,015 [WARN] TasksAndQueuesTab:763 - 128 128
2023-09-22 16:25:06,016 [WARN] TasksAndQueuesTab:775 - max value is: 3840.0
2023-09-22 16:25:06,016 [INFO] TasksAndQueuesTab:757 - Dynamic
2023-09-22 16:25:06,016 [WARN] TasksAndQueuesTab:763 - 128 128
2023-09-22 16:25:06,016 [WARN] TasksAndQueuesTab:775 - max value is: 3840.0
2023-09-22 16:25:06,017 [INFO] TasksAndQueuesTab:757 - Dynamic
2023-09-22 16:25:06,017 [WARN] TasksAndQueuesTab:763 - 128 128
2023-09-22 16:25:06,017 [WARN] TasksAndQueuesTab:775 - max value is: 3840.0
2023-09-22 16:25:09,762 [INFO] UtilMem:75 - End SaveConfig() Used Memory: 618624168 Bytes (1073741824)
2023-09-22 16:25:10,096 [INFO] UtilMem:75 - End SaveConfig() Used Memory: 643883336 Bytes (1073741824)
2023-09-22 16:25:11,326 [INFO] UtilMem:75 - End SaveConfig() Used Memory: 784914120 Bytes (1073741824)
2023-09-22 16:25:13,977 [INFO] BlockDiagram:2759 - set Specific Code input for plugin: FREERTOS
2023-09-22 16:25:13,978 [INFO] BlockDiagram:2759 - set Specific Code input for plugin: TIM1_8
2023-09-22 16:25:13,978 [INFO] BlockDiagram:2759 - set Specific Code input for plugin: TIM1_8
2023-09-22 16:25:13,978 [INFO] BlockDiagram:2759 - set Specific Code input for plugin: TIM1_8
2023-09-22 16:25:13,978 [INFO] BlockDiagram:2759 - set Specific Code input for plugin: TIM1_8
2023-09-22 16:25:13,978 [INFO] BlockDiagram:2759 - set Specific Code input for plugin: SYS
2023-09-22 16:25:13,978 [INFO] BlockDiagram:2759 - set Specific Code input for plugin: RCC
2023-09-22 16:25:13,978 [INFO] BlockDiagram:2759 - set Specific Code input for plugin: I2C
2023-09-22 16:25:13,978 [INFO] BlockDiagram:2759 - set Specific Code input for plugin: NVIC
2023-09-22 16:25:13,978 [INFO] BlockDiagram:2759 - set Specific Code input for plugin: USART
2023-09-22 16:25:13,978 [INFO] BlockDiagram:2759 - set Specific Code input for plugin: TIM1_8
2023-09-22 16:25:13,979 [INFO] BlockDiagram:2759 - set Specific Code input for plugin: GPIO
2023-09-22 16:25:13,982 [INFO] CodeGenerator:799 - code generatio: config db path: D:\UsefulSoftware\STM32CubeIDE_1.13.1\STM32CubeIDE\plugins\com.st.stm32cube.common.mx_6.9.1.202307191849\\db\
2023-09-22 16:25:13,998 [WARN] IP:2114 - I2C_Coeff_DF not found: check if there is a RefParameter without a condition.
2023-09-22 16:25:13,999 [WARN] IP:2114 - Analog_Filter not found: check if there is a RefParameter without a condition.
2023-09-22 16:25:14,287 [INFO] CodeEngine:255 - oldGeneratedFile, C:\Users\haosh\Desktop\MDP-main\STM\_RunHerez\rtostest\MXTmpFiles\license.tmp_save
2023-09-22 16:25:14,986 [INFO] CodeEngine:279 - Generated code: C:\Users\haosh\Desktop\MDP-main\STM\_RunHerez\rtostest\MXTmpFiles\license.tmp
2023-09-22 16:25:15,124 [INFO] CodeEngine:255 - oldGeneratedFile, C:\Users\haosh\Desktop\MDP-main\STM\_RunHerez\rtostest\MXTmpFiles\gpio.tmp_save
2023-09-22 16:25:15,335 [INFO] CodeEngine:279 - Generated code: C:\Users\haosh\Desktop\MDP-main\STM\_RunHerez\rtostest\MXTmpFiles\gpio.tmp
2023-09-22 16:25:15,966 [INFO] Middleware:1439 - No code input for Bsp Dependency
2023-09-22 16:25:15,991 [INFO] CodeEngine:255 - oldGeneratedFile, C:\Users\haosh\Desktop\MDP-main\STM\_RunHerez\rtostest\MXTmpFiles\rtos_inc.tmp_save
2023-09-22 16:25:16,132 [INFO] CodeEngine:279 - Generated code: C:\Users\haosh\Desktop\MDP-main\STM\_RunHerez\rtostest\MXTmpFiles\rtos_inc.tmp
2023-09-22 16:25:16,156 [INFO] CodeEngine:255 - oldGeneratedFile, C:\Users\haosh\Desktop\MDP-main\STM\_RunHerez\rtostest\MXTmpFiles\rtos_kernelInit.tmp_save
2023-09-22 16:25:16,297 [INFO] CodeEngine:279 - Generated code: C:\Users\haosh\Desktop\MDP-main\STM\_RunHerez\rtostest\MXTmpFiles\rtos_kernelInit.tmp
2023-09-22 16:25:16,319 [INFO] CodeEngine:255 - oldGeneratedFile, C:\Users\haosh\Desktop\MDP-main\STM\_RunHerez\rtostest\MXTmpFiles\rtos_kernelStart.tmp_save
2023-09-22 16:25:16,437 [INFO] CodeEngine:279 - Generated code: C:\Users\haosh\Desktop\MDP-main\STM\_RunHerez\rtostest\MXTmpFiles\rtos_kernelStart.tmp
2023-09-22 16:25:16,459 [INFO] CodeEngine:255 - oldGeneratedFile, C:\Users\haosh\Desktop\MDP-main\STM\_RunHerez\rtostest\MXTmpFiles\rtos_typedefs.tmp_save
2023-09-22 16:25:16,570 [INFO] CodeEngine:279 - Generated code: C:\Users\haosh\Desktop\MDP-main\STM\_RunHerez\rtostest\MXTmpFiles\rtos_typedefs.tmp
2023-09-22 16:25:16,584 [INFO] CodeEngine:255 - oldGeneratedFile, C:\Users\haosh\Desktop\MDP-main\STM\_RunHerez\rtostest\MXTmpFiles\rtos_vars.tmp_save
2023-09-22 16:25:16,700 [INFO] CodeEngine:279 - Generated code: C:\Users\haosh\Desktop\MDP-main\STM\_RunHerez\rtostest\MXTmpFiles\rtos_vars.tmp
2023-09-22 16:25:16,715 [INFO] CodeEngine:255 - oldGeneratedFile, C:\Users\haosh\Desktop\MDP-main\STM\_RunHerez\rtostest\MXTmpFiles\rtos_pfp.tmp_save
2023-09-22 16:25:16,811 [INFO] CodeEngine:279 - Generated code: C:\Users\haosh\Desktop\MDP-main\STM\_RunHerez\rtostest\MXTmpFiles\rtos_pfp.tmp
2023-09-22 16:25:16,824 [INFO] CodeEngine:255 - oldGeneratedFile, C:\Users\haosh\Desktop\MDP-main\STM\_RunHerez\rtostest\MXTmpFiles\rtos_obj_creat.tmp_save
2023-09-22 16:25:16,926 [INFO] CodeEngine:279 - Generated code: C:\Users\haosh\Desktop\MDP-main\STM\_RunHerez\rtostest\MXTmpFiles\rtos_obj_creat.tmp
2023-09-22 16:25:16,940 [INFO] CodeEngine:255 - oldGeneratedFile, C:\Users\haosh\Desktop\MDP-main\STM\_RunHerez\rtostest\MXTmpFiles\rtos_default_thread.tmp_save
2023-09-22 16:25:17,028 [INFO] CodeEngine:279 - Generated code: C:\Users\haosh\Desktop\MDP-main\STM\_RunHerez\rtostest\MXTmpFiles\rtos_default_thread.tmp
2023-09-22 16:25:17,039 [INFO] CodeEngine:255 - oldGeneratedFile, C:\Users\haosh\Desktop\MDP-main\STM\_RunHerez\rtostest\MXTmpFiles\rtos_threads.tmp_save
2023-09-22 16:25:17,138 [INFO] CodeEngine:279 - Generated code: C:\Users\haosh\Desktop\MDP-main\STM\_RunHerez\rtostest\MXTmpFiles\rtos_threads.tmp
2023-09-22 16:25:17,174 [INFO] Middleware:1439 - No code input for Bsp Dependency
2023-09-22 16:25:17,201 [INFO] CodeEngine:255 - oldGeneratedFile, C:\Users\haosh\Desktop\MDP-main\STM\_RunHerez\rtostest\MXTmpFiles\rtos_inc.tmp_save
2023-09-22 16:25:17,289 [INFO] CodeEngine:279 - Generated code: C:\Users\haosh\Desktop\MDP-main\STM\_RunHerez\rtostest\MXTmpFiles\rtos_inc.tmp
2023-09-22 16:25:17,306 [INFO] CodeEngine:255 - oldGeneratedFile, C:\Users\haosh\Desktop\MDP-main\STM\_RunHerez\rtostest\MXTmpFiles\rtos_kernelInit.tmp_save
2023-09-22 16:25:17,398 [INFO] CodeEngine:279 - Generated code: C:\Users\haosh\Desktop\MDP-main\STM\_RunHerez\rtostest\MXTmpFiles\rtos_kernelInit.tmp
2023-09-22 16:25:17,414 [INFO] CodeEngine:255 - oldGeneratedFile, C:\Users\haosh\Desktop\MDP-main\STM\_RunHerez\rtostest\MXTmpFiles\rtos_kernelStart.tmp_save
2023-09-22 16:25:17,501 [INFO] CodeEngine:279 - Generated code: C:\Users\haosh\Desktop\MDP-main\STM\_RunHerez\rtostest\MXTmpFiles\rtos_kernelStart.tmp
2023-09-22 16:25:17,517 [INFO] CodeEngine:255 - oldGeneratedFile, C:\Users\haosh\Desktop\MDP-main\STM\_RunHerez\rtostest\MXTmpFiles\rtos_typedefs.tmp_save
2023-09-22 16:25:17,619 [INFO] CodeEngine:279 - Generated code: C:\Users\haosh\Desktop\MDP-main\STM\_RunHerez\rtostest\MXTmpFiles\rtos_typedefs.tmp
2023-09-22 16:25:17,641 [INFO] CodeEngine:255 - oldGeneratedFile, C:\Users\haosh\Desktop\MDP-main\STM\_RunHerez\rtostest\MXTmpFiles\rtos_vars.tmp_save
2023-09-22 16:25:17,747 [INFO] CodeEngine:279 - Generated code: C:\Users\haosh\Desktop\MDP-main\STM\_RunHerez\rtostest\MXTmpFiles\rtos_vars.tmp
2023-09-22 16:25:17,767 [INFO] CodeEngine:255 - oldGeneratedFile, C:\Users\haosh\Desktop\MDP-main\STM\_RunHerez\rtostest\MXTmpFiles\rtos_pfp.tmp_save
2023-09-22 16:25:17,853 [INFO] CodeEngine:279 - Generated code: C:\Users\haosh\Desktop\MDP-main\STM\_RunHerez\rtostest\MXTmpFiles\rtos_pfp.tmp
2023-09-22 16:25:17,872 [INFO] CodeEngine:255 - oldGeneratedFile, C:\Users\haosh\Desktop\MDP-main\STM\_RunHerez\rtostest\MXTmpFiles\rtos_obj_creat.tmp_save
2023-09-22 16:25:17,962 [INFO] CodeEngine:279 - Generated code: C:\Users\haosh\Desktop\MDP-main\STM\_RunHerez\rtostest\MXTmpFiles\rtos_obj_creat.tmp
2023-09-22 16:25:17,978 [INFO] CodeEngine:255 - oldGeneratedFile, C:\Users\haosh\Desktop\MDP-main\STM\_RunHerez\rtostest\MXTmpFiles\rtos_default_thread.tmp_save
2023-09-22 16:25:18,084 [INFO] CodeEngine:279 - Generated code: C:\Users\haosh\Desktop\MDP-main\STM\_RunHerez\rtostest\MXTmpFiles\rtos_default_thread.tmp
2023-09-22 16:25:18,102 [INFO] CodeEngine:255 - oldGeneratedFile, C:\Users\haosh\Desktop\MDP-main\STM\_RunHerez\rtostest\MXTmpFiles\rtos_threads.tmp_save
2023-09-22 16:25:18,224 [INFO] CodeEngine:279 - Generated code: C:\Users\haosh\Desktop\MDP-main\STM\_RunHerez\rtostest\MXTmpFiles\rtos_threads.tmp
2023-09-22 16:25:18,248 [INFO] CodeEngine:255 - oldGeneratedFile, C:\Users\haosh\Desktop\MDP-main\STM\_RunHerez\rtostest\Core\Inc\FreeRTOSConfig.h_save
2023-09-22 16:25:18,357 [INFO] CodeEngine:279 - Generated code: C:\Users\haosh\Desktop\MDP-main\STM\_RunHerez\rtostest\Core\Inc\FreeRTOSConfig.h
2023-09-22 16:25:18,385 [INFO] CodeEngine:255 - oldGeneratedFile, C:\Users\haosh\Desktop\MDP-main\STM\_RunHerez\rtostest\Core\Src\freertos.c_save
2023-09-22 16:25:18,508 [INFO] CodeEngine:279 - Generated code: C:\Users\haosh\Desktop\MDP-main\STM\_RunHerez\rtostest\Core\Src\freertos.c
2023-09-22 16:25:18,559 [INFO] CodeEngine:255 - oldGeneratedFile, C:\Users\haosh\Desktop\MDP-main\STM\_RunHerez\rtostest\Core\Src\stm32f4xx_it.c_save
2023-09-22 16:25:18,725 [INFO] CodeEngine:279 - Generated code: C:\Users\haosh\Desktop\MDP-main\STM\_RunHerez\rtostest\Core\Src\stm32f4xx_it.c
2023-09-22 16:25:18,753 [INFO] CodeEngine:255 - oldGeneratedFile, C:\Users\haosh\Desktop\MDP-main\STM\_RunHerez\rtostest\Core\Inc\stm32f4xx_it.h_save
2023-09-22 16:25:18,871 [INFO] CodeEngine:279 - Generated code: C:\Users\haosh\Desktop\MDP-main\STM\_RunHerez\rtostest\Core\Inc\stm32f4xx_it.h
2023-09-22 16:25:18,920 [INFO] CodeEngine:255 - oldGeneratedFile, C:\Users\haosh\Desktop\MDP-main\STM\_RunHerez\rtostest\Core\Src\stm32f4xx_hal_msp.c_save
2023-09-22 16:25:19,099 [INFO] CodeEngine:279 - Generated code: C:\Users\haosh\Desktop\MDP-main\STM\_RunHerez\rtostest\Core\Src\stm32f4xx_hal_msp.c
2023-09-22 16:25:19,122 [INFO] CodeEngine:255 - oldGeneratedFile, C:\Users\haosh\Desktop\MDP-main\STM\_RunHerez\rtostest\MXTmpFiles\system.tmp_save
2023-09-22 16:25:19,212 [INFO] CodeEngine:279 - Generated code: C:\Users\haosh\Desktop\MDP-main\STM\_RunHerez\rtostest\MXTmpFiles\system.tmp
2023-09-22 16:25:19,238 [INFO] CodeEngine:311 - oldGeneratedFile, C:\Users\haosh\Desktop\MDP-main\STM\_RunHerez\rtostest\Core\Inc\stm32f4xx_hal_conf.h_save
2023-09-22 16:25:19,344 [INFO] CodeEngine:335 - Generated code: C:\Users\haosh\Desktop\MDP-main\STM\_RunHerez\rtostest\Core\Inc\stm32f4xx_hal_conf.h
2023-09-22 16:25:19,387 [WARN] IPConfigManager:3431 - IP not found : TIM
2023-09-22 16:25:19,388 [WARN] CodeGenerator:3760 - IP not found : null
2023-09-22 16:25:19,408 [INFO] CodeEngine:255 - oldGeneratedFile, C:\Users\haosh\Desktop\MDP-main\STM\_RunHerez\rtostest\Core\Inc\main.h_save
2023-09-22 16:25:19,529 [INFO] CodeEngine:279 - Generated code: C:\Users\haosh\Desktop\MDP-main\STM\_RunHerez\rtostest\Core\Inc\main.h
2023-09-22 16:25:19,550 [INFO] CodeEngine:255 - oldGeneratedFile, C:\Users\haosh\Desktop\MDP-main\STM\_RunHerez\rtostest\Core\Src\main.c_save
2023-09-22 16:25:19,961 [INFO] CodeEngine:279 - Generated code: C:\Users\haosh\Desktop\MDP-main\STM\_RunHerez\rtostest\Core\Src\main.c
2023-09-22 16:25:21,217 [INFO] ProjectBuilder:3064 - Time for Copy HAL[1] : 800mS.
2023-09-22 16:25:21,240 [INFO] ProjectBuilder:4404 - Project Generator version: 4.1.0
2023-09-22 16:25:21,502 [INFO] ConfigFileManager:1457 - The Die is : DIE413
2023-09-22 16:25:21,519 [INFO] ApiDbMcu:507 - Load IP Config File for FATFS
2023-09-22 16:25:21,523 [INFO] ApiDbMcu:507 - Load IP Config File for LIBJPEG
2023-09-22 16:25:21,530 [INFO] ApiDbMcu:507 - Load IP Config File for LWIP
2023-09-22 16:25:21,538 [INFO] ApiDbMcu:507 - Load IP Config File for MBEDTLS
2023-09-22 16:25:21,549 [INFO] ApiDbMcu:507 - Load IP Config File for USB_DEVICE
2023-09-22 16:25:21,555 [INFO] ApiDbMcu:507 - Load IP Config File for USB_HOST
2023-09-22 16:25:22,558 [INFO] LogOutputStream:77 - [STDOUT_REDIRECT] 
2023-09-22 16:25:24,350 [INFO] ProjectBuilder:4626 - Time for Generating toolchain IDE Files: 3110mS.
2023-09-22 16:25:24,353 [INFO] ProjectBuilder:2935 - Time for Copy CMSIS : 2mS.
2023-09-22 16:25:24,380 [INFO] ProjectBuilder:2935 - Time for Copy CMSIS : 1mS.
2023-09-22 16:53:13,381 [ERROR] LogOutputStream:75 - [STDERR_REDIRECT] 
