2023-09-27 23:51:47,770 [INFO] Activator:176 - 


2023-09-27 23:51:47,780 [INFO] Activator:177 - !SESSION log4j initialized
2023-09-27 23:51:54,068 [INFO] LogOutputStream:77 - [STDOUT_REDIRECT] 
2023-09-27 23:51:55,504 [INFO] ApplicationProperties:184 - Using Application install path: D:\UsefulSoftware\STM32CubeIDE_1.13.1\STM32CubeIDE\plugins\com.st.stm32cube.common.mx_6.9.1.202307191849
2023-09-27 23:51:55,525 [INFO] DbMcusXml:78 - Set database path to: D:\UsefulSoftware\STM32CubeIDE_1.13.1\STM32CubeIDE\plugins\com.st.stm32cube.common.mx_6.9.1.202307191849\\db\/mcu/
2023-09-27 23:51:55,526 [INFO] ApiDb:274 - Set plugin database path to: D:\UsefulSoftware\STM32CubeIDE_1.13.1\STM32CubeIDE\plugins\com.st.stm32cube.common.mx_6.9.1.202307191849\\db\/plugins/boardmanager/
2023-09-27 23:51:55,527 [WARN] ApiDb:259 - Overriding images path with different value:  => D:\UsefulSoftware\STM32CubeIDE_1.13.1\STM32CubeIDE\plugins\com.st.stm32cube.common.mx_6.9.1.202307191849\\db\/plugins/mcufinder/images/
2023-09-27 23:51:55,539 [INFO] ApiDb:250 - Set database path to: C:\Users\haosh\.stmcufinder\plugins\mcufinder//mcu/
2023-09-27 23:51:55,540 [INFO] DbMcusAds:125 - Set database path to: C:\Users\haosh\.stmcufinder\plugins\mcufinder//mcu/
2023-09-27 23:51:55,541 [INFO] CrossReferenceDbSqlite:203 - Set database path to: C:\Users\haosh\.stmcufinder\plugins\mcufinder//mcu/cs/
2023-09-27 23:51:55,651 [INFO] RulesReader:64 - Compatibility file has been processed (293 Rules)
2023-09-27 23:51:55,756 [INFO] DbMcusXml:78 - Set database path to: D:\UsefulSoftware\STM32CubeIDE_1.13.1\STM32CubeIDE\plugins\com.st.stm32cube.common.mx_6.9.1.202307191849\\db\/mcu/
2023-09-27 23:51:55,756 [INFO] ApiDb:274 - Set plugin database path to: D:\UsefulSoftware\STM32CubeIDE_1.13.1\STM32CubeIDE\plugins\com.st.stm32cube.common.mx_6.9.1.202307191849\\db\/plugins/boardmanager/
2023-09-27 23:51:55,756 [INFO] ApiDb:261 - Set plugin images path to: D:\UsefulSoftware\STM32CubeIDE_1.13.1\STM32CubeIDE\plugins\com.st.stm32cube.common.mx_6.9.1.202307191849\\db\/plugins/mcufinder/images/
2023-09-27 23:51:55,756 [WARN] DbFile:41 - Overriding database path with different value: C:\Users\haosh\.stmcufinder\plugins\mcufinder/ => C:\Users\haosh\.stmcufinder\plugins\mcufinder
2023-09-27 23:51:55,756 [INFO] ApiDb:250 - Set database path to: C:\Users\haosh\.stmcufinder\plugins\mcufinder//mcu/
2023-09-27 23:51:55,756 [WARN] DbFile:41 - Overriding database path with different value: C:\Users\haosh\.stmcufinder\plugins\mcufinder/ => C:\Users\haosh\.stmcufinder\plugins\mcufinder
2023-09-27 23:51:55,756 [INFO] DbMcusAds:125 - Set database path to: C:\Users\haosh\.stmcufinder\plugins\mcufinder//mcu/
2023-09-27 23:51:55,756 [WARN] DbFile:41 - Overriding database path with different value: C:\Users\haosh\.stmcufinder\plugins\mcufinder/ => C:\Users\haosh\.stmcufinder\plugins\mcufinder
2023-09-27 23:51:55,758 [WARN] DbFile:41 - Overriding database path with different value: C:\Users\haosh\.stmcufinder\plugins\mcufinder/ => C:\Users\haosh\.stmcufinder\plugins\mcufinder
2023-09-27 23:51:55,758 [INFO] CrossReferenceDbSqlite:203 - Set database path to: C:\Users\haosh\.stmcufinder\plugins\mcufinder//mcu/cs/
2023-09-27 23:51:55,830 [INFO] MainPanel:262 - HeapMemory: 268435456
2023-09-27 23:51:55,918 [INFO] DbMcusXml:78 - Set database path to: D:\UsefulSoftware\STM32CubeIDE_1.13.1\STM32CubeIDE\plugins\com.st.stm32cube.common.mx_6.9.1.202307191849\\db\/mcu/
2023-09-27 23:51:55,918 [INFO] ApiDb:274 - Set plugin database path to: D:\UsefulSoftware\STM32CubeIDE_1.13.1\STM32CubeIDE\plugins\com.st.stm32cube.common.mx_6.9.1.202307191849\\db\/plugins/boardmanager/
2023-09-27 23:51:55,918 [INFO] ApiDb:261 - Set plugin images path to: D:\UsefulSoftware\STM32CubeIDE_1.13.1\STM32CubeIDE\plugins\com.st.stm32cube.common.mx_6.9.1.202307191849\\db\/plugins/mcufinder/images/
2023-09-27 23:51:55,919 [WARN] DbFile:41 - Overriding database path with different value: C:\Users\haosh\.stmcufinder\plugins\mcufinder/ => C:\Users\haosh\.stmcufinder\plugins\mcufinder
2023-09-27 23:51:55,919 [INFO] ApiDb:250 - Set database path to: C:\Users\haosh\.stmcufinder\plugins\mcufinder//mcu/
2023-09-27 23:51:55,919 [WARN] DbFile:41 - Overriding database path with different value: C:\Users\haosh\.stmcufinder\plugins\mcufinder/ => C:\Users\haosh\.stmcufinder\plugins\mcufinder
2023-09-27 23:51:55,919 [INFO] DbMcusAds:125 - Set database path to: C:\Users\haosh\.stmcufinder\plugins\mcufinder//mcu/
2023-09-27 23:51:55,919 [WARN] DbFile:41 - Overriding database path with different value: C:\Users\haosh\.stmcufinder\plugins\mcufinder/ => C:\Users\haosh\.stmcufinder\plugins\mcufinder
2023-09-27 23:51:55,919 [WARN] DbFile:41 - Overriding database path with different value: C:\Users\haosh\.stmcufinder\plugins\mcufinder/ => C:\Users\haosh\.stmcufinder\plugins\mcufinder
2023-09-27 23:51:55,919 [INFO] CrossReferenceDbSqlite:203 - Set database path to: C:\Users\haosh\.stmcufinder\plugins\mcufinder//mcu/cs/
2023-09-27 23:51:55,937 [INFO] ApplicationProperties:184 - Using Application install path: D:\UsefulSoftware\STM32CubeIDE_1.13.1\STM32CubeIDE\plugins\com.st.stm32cube.common.mx_6.9.1.202307191849
2023-09-27 23:51:55,939 [INFO] PluginManage:196 - Search for loadable plugins [exclusion list=, ]
2023-09-27 23:51:55,940 [INFO] PluginManage:310 - Check plugin analytics
2023-09-27 23:51:56,080 [INFO] AnalyticsPlugin:253 - Accepted Software Licenses: 
2023-09-27 23:51:56,080 [INFO] AnalyticsPlugin:255 - Accepted CMSIS Pack Licenses: 
2023-09-27 23:51:56,080 [INFO] AnalyticsPlugin:257 - Accepted Firmware Licenses: 
2023-09-27 23:51:56,083 [INFO] PluginManage:359 - Loaded plugin analytics (category:tool,tabindex:-1)
2023-09-27 23:51:56,084 [INFO] PluginManage:310 - Check plugin cadmodel
2023-09-27 23:51:56,090 [INFO] CADModel:105 - Init CAD model plugin
2023-09-27 23:51:56,090 [INFO] PluginManage:359 - Loaded plugin cadmodel (category:power,tabindex:5)
2023-09-27 23:51:56,090 [INFO] PluginManage:310 - Check plugin clock
2023-09-27 23:51:56,100 [INFO] PluginManage:359 - Loaded plugin clock (category:base,tabindex:2)
2023-09-27 23:51:56,101 [INFO] PluginManage:310 - Check plugin ddr
2023-09-27 23:51:56,103 [INFO] PluginManage:359 - Loaded plugin ddr (category:tool,tabindex:6)
2023-09-27 23:51:56,103 [INFO] PluginManage:310 - Check plugin filemanager
2023-09-27 23:51:56,234 [INFO] PluginManage:359 - Loaded plugin filemanager (category:base,tabindex:10)
2023-09-27 23:51:56,235 [INFO] PluginManage:310 - Check plugin ipmanager
2023-09-27 23:51:56,242 [INFO] PluginManage:359 - Loaded plugin ipmanager (category:base,tabindex:5)
2023-09-27 23:51:56,242 [INFO] PluginManage:310 - Check plugin lpbam
2023-09-27 23:51:56,251 [INFO] PluginManage:359 - Loaded plugin lpbam (category:base,tabindex:0)
2023-09-27 23:51:56,251 [INFO] PluginManage:310 - Check plugin memorymap
2023-09-27 23:51:56,265 [INFO] PluginManage:359 - Loaded plugin memorymap (category:base,tabindex:4)
2023-09-27 23:51:56,266 [INFO] PluginManage:310 - Check plugin pinoutandconfiguration
2023-09-27 23:51:56,274 [INFO] PluginManage:359 - Loaded plugin pinoutandconfiguration (category:base,tabindex:1)
2023-09-27 23:51:56,274 [INFO] PluginManage:310 - Check plugin pinoutconfig
2023-09-27 23:51:56,352 [WARN] SupportedApi:132 - Cannot load RTOS API schema: s4s-elt-must-match.1: The content of 'definitions' must match (annotation?, (simpleType | complexType)?, (unique | key | keyref)*)). A problem was found starting at: attribute.
2023-09-27 23:51:56,470 [INFO] PluginManage:359 - Loaded plugin pinoutconfig (category:base,tabindex:0)
2023-09-27 23:51:56,470 [INFO] PluginManage:310 - Check plugin power
2023-09-27 23:51:56,482 [INFO] PluginManage:359 - Loaded plugin power (category:power,tabindex:4)
2023-09-27 23:51:56,482 [INFO] PluginManage:310 - Check plugin projectmanager
2023-09-27 23:51:56,499 [INFO] PluginManage:359 - Loaded plugin projectmanager (category:projectmanager,tabindex:3)
2023-09-27 23:51:56,500 [INFO] PluginManage:310 - Check plugin thirdparty
2023-09-27 23:51:56,613 [INFO] PluginManage:359 - Loaded plugin thirdparty (category:base,tabindex:-1)
2023-09-27 23:51:56,614 [INFO] PluginManage:310 - Check plugin tools
2023-09-27 23:51:56,613 [WARN] IntegrityCheckThread:84 - waiting for thirdparty lock release [integrity check]
2023-09-27 23:51:56,614 [INFO] IntegrityCheckThread:86 - entering critical section [integrity check]
2023-09-27 23:51:56,614 [INFO] ThirdPartyUpdaterWithRetryManager:70 - Updater plugin not ready yet. [1/15]
2023-09-27 23:51:56,616 [INFO] PluginManage:359 - Loaded plugin tools (category:base,tabindex:7)
2023-09-27 23:51:56,616 [INFO] PluginManage:310 - Check plugin tutovideos
2023-09-27 23:51:56,777 [INFO] PluginManage:359 - Loaded plugin tutovideos (category:base,tabindex:-1)
2023-09-27 23:51:56,777 [INFO] PluginManage:310 - Check plugin updater
2023-09-27 23:51:56,788 [INFO] PluginManage:359 - Loaded plugin updater (category:base,tabindex:12)
2023-09-27 23:51:56,788 [INFO] PluginManage:310 - Check plugin userauth
2023-09-27 23:51:56,793 [INFO] UserAuth:113 - Init User Auth plugin
2023-09-27 23:51:56,793 [INFO] PluginManage:359 - Loaded plugin userauth (category:base,tabindex:14)
2023-09-27 23:51:56,793 [INFO] PluginManage:283 - PluginManage : Loaded plugins [17]
2023-09-27 23:51:56,990 [INFO] PinOutPanel:1499 - setPackage(No Configuration,No Configuration)
2023-09-27 23:51:57,097 [INFO] CADModel:165 - CPN selected for project level
2023-09-27 23:51:57,097 [INFO] CADModel:114 - Register for checkConnection events
2023-09-27 23:51:57,119 [INFO] IPUIPlugin:80 - create IPUIPlugin
2023-09-27 23:51:57,119 [INFO] PluginManager:220 - loadIPPluginJar : add adc
2023-09-27 23:51:57,122 [INFO] IPUIPlugin:80 - create IPUIPlugin
2023-09-27 23:51:57,122 [INFO] PluginManager:220 - loadIPPluginJar : add aes
2023-09-27 23:51:57,125 [INFO] IPUIPlugin:80 - create IPUIPlugin
2023-09-27 23:51:57,125 [INFO] PluginManager:220 - loadIPPluginJar : add can
2023-09-27 23:51:57,127 [INFO] IPUIPlugin:80 - create IPUIPlugin
2023-09-27 23:51:57,127 [INFO] PluginManager:220 - loadIPPluginJar : add comp
2023-09-27 23:51:57,129 [INFO] IPUIPlugin:80 - create IPUIPlugin
2023-09-27 23:51:57,129 [INFO] PluginManager:220 - loadIPPluginJar : add cryp
2023-09-27 23:51:57,131 [INFO] IPUIPlugin:80 - create IPUIPlugin
2023-09-27 23:51:57,132 [INFO] PluginManager:220 - loadIPPluginJar : add dfsdm
2023-09-27 23:51:57,137 [INFO] IPUIPlugin:80 - create IPUIPlugin
2023-09-27 23:51:57,138 [INFO] PluginManager:220 - loadIPPluginJar : add dma
2023-09-27 23:51:57,140 [INFO] IPUIPlugin:80 - create IPUIPlugin
2023-09-27 23:51:57,140 [INFO] PluginManager:220 - loadIPPluginJar : add dma3
2023-09-27 23:51:57,141 [INFO] IPUIPlugin:80 - create IPUIPlugin
2023-09-27 23:51:57,141 [INFO] PluginManager:220 - loadIPPluginJar : add fatfs
2023-09-27 23:51:57,145 [INFO] IPUIPlugin:80 - create IPUIPlugin
2023-09-27 23:51:57,145 [INFO] PluginManager:220 - loadIPPluginJar : add fmc
2023-09-27 23:51:57,152 [INFO] IPUIPlugin:80 - create IPUIPlugin
2023-09-27 23:51:57,152 [INFO] PluginManager:220 - loadIPPluginJar : add freertos
2023-09-27 23:51:57,154 [INFO] IPUIPlugin:80 - create IPUIPlugin
2023-09-27 23:51:57,155 [INFO] PluginManager:220 - loadIPPluginJar : add genericplugin
2023-09-27 23:51:57,156 [INFO] IPUIPlugin:80 - create IPUIPlugin
2023-09-27 23:51:57,156 [INFO] PluginManager:220 - loadIPPluginJar : add gfxmmu
2023-09-27 23:51:57,160 [INFO] IPUIPlugin:80 - create IPUIPlugin
2023-09-27 23:51:57,161 [INFO] PluginManager:220 - loadIPPluginJar : add gic
2023-09-27 23:51:57,164 [INFO] IPUIPlugin:80 - create IPUIPlugin
2023-09-27 23:51:57,164 [INFO] PluginManager:220 - loadIPPluginJar : add gpio
2023-09-27 23:51:57,166 [INFO] IPUIPlugin:80 - create IPUIPlugin
2023-09-27 23:51:57,166 [INFO] PluginManager:220 - loadIPPluginJar : add gtzc
2023-09-27 23:51:57,168 [INFO] IPUIPlugin:80 - create IPUIPlugin
2023-09-27 23:51:57,168 [INFO] PluginManager:220 - loadIPPluginJar : add hash
2023-09-27 23:51:57,170 [INFO] IPUIPlugin:80 - create IPUIPlugin
2023-09-27 23:51:57,170 [INFO] PluginManager:220 - loadIPPluginJar : add i2c
2023-09-27 23:51:57,172 [INFO] IPUIPlugin:80 - create IPUIPlugin
2023-09-27 23:51:57,172 [INFO] PluginManager:220 - loadIPPluginJar : add i2s
2023-09-27 23:51:57,175 [INFO] IPUIPlugin:80 - create IPUIPlugin
2023-09-27 23:51:57,175 [INFO] PluginManager:220 - loadIPPluginJar : add i3c
2023-09-27 23:51:57,178 [INFO] IPUIPlugin:80 - create IPUIPlugin
2023-09-27 23:51:57,178 [INFO] PluginManager:220 - loadIPPluginJar : add ipddr
2023-09-27 23:51:57,184 [INFO] IPUIPlugin:80 - create IPUIPlugin
2023-09-27 23:51:57,184 [INFO] PluginManager:220 - loadIPPluginJar : add linkedlist
2023-09-27 23:51:57,187 [INFO] IPUIPlugin:80 - create IPUIPlugin
2023-09-27 23:51:57,187 [INFO] PluginManager:220 - loadIPPluginJar : add lorawan
2023-09-27 23:51:57,188 [INFO] IPUIPlugin:80 - create IPUIPlugin
2023-09-27 23:51:57,189 [INFO] PluginManager:220 - loadIPPluginJar : add ltdc
2023-09-27 23:51:57,194 [INFO] IPUIPlugin:80 - create IPUIPlugin
2023-09-27 23:51:57,194 [INFO] PluginManager:220 - loadIPPluginJar : add mdma
2023-09-27 23:51:57,197 [INFO] IPUIPlugin:80 - create IPUIPlugin
2023-09-27 23:51:57,198 [INFO] PluginManager:220 - loadIPPluginJar : add nvic
2023-09-27 23:51:57,201 [INFO] IPUIPlugin:80 - create IPUIPlugin
2023-09-27 23:51:57,201 [INFO] PluginManager:220 - loadIPPluginJar : add opamp
2023-09-27 23:51:57,203 [INFO] IPUIPlugin:80 - create IPUIPlugin
2023-09-27 23:51:57,203 [INFO] PluginManager:220 - loadIPPluginJar : add openamp
2023-09-27 23:51:57,206 [INFO] IPUIPlugin:80 - create IPUIPlugin
2023-09-27 23:51:57,206 [INFO] PluginManager:220 - loadIPPluginJar : add pdm2pcm
2023-09-27 23:51:57,212 [INFO] IPUIPlugin:80 - create IPUIPlugin
2023-09-27 23:51:57,214 [INFO] PluginManager:220 - loadIPPluginJar : add plateformsettings
2023-09-27 23:51:57,215 [INFO] IPUIPlugin:80 - create IPUIPlugin
2023-09-27 23:51:57,216 [INFO] PluginManager:220 - loadIPPluginJar : add quadspi
2023-09-27 23:51:57,219 [INFO] IPUIPlugin:80 - create IPUIPlugin
2023-09-27 23:51:57,219 [INFO] PluginManager:220 - loadIPPluginJar : add resmgrutility
2023-09-27 23:51:57,222 [INFO] IPUIPlugin:80 - create IPUIPlugin
2023-09-27 23:51:57,222 [INFO] PluginManager:220 - loadIPPluginJar : add sai
2023-09-27 23:51:57,224 [INFO] IPUIPlugin:80 - create IPUIPlugin
2023-09-27 23:51:57,225 [INFO] PluginManager:220 - loadIPPluginJar : add spi
2023-09-27 23:51:57,229 [INFO] IPUIPlugin:80 - create IPUIPlugin
2023-09-27 23:51:57,229 [INFO] PluginManager:220 - loadIPPluginJar : add stm32_wpan
2023-09-27 23:51:57,231 [INFO] IPUIPlugin:80 - create IPUIPlugin
2023-09-27 23:51:57,231 [INFO] PluginManager:220 - loadIPPluginJar : add tim
2023-09-27 23:51:57,234 [INFO] IPUIPlugin:80 - create IPUIPlugin
2023-09-27 23:51:57,234 [INFO] PluginManager:220 - loadIPPluginJar : add touchsensing
2023-09-27 23:51:57,236 [INFO] IPUIPlugin:80 - create IPUIPlugin
2023-09-27 23:51:57,236 [INFO] PluginManager:220 - loadIPPluginJar : add tracer_emb
2023-09-27 23:51:57,238 [INFO] IPUIPlugin:80 - create IPUIPlugin
2023-09-27 23:51:57,238 [INFO] PluginManager:220 - loadIPPluginJar : add ts
2023-09-27 23:51:57,239 [INFO] IPUIPlugin:80 - create IPUIPlugin
2023-09-27 23:51:57,240 [INFO] PluginManager:220 - loadIPPluginJar : add tsc
2023-09-27 23:51:57,241 [INFO] IPUIPlugin:80 - create IPUIPlugin
2023-09-27 23:51:57,241 [INFO] PluginManager:220 - loadIPPluginJar : add ucpd
2023-09-27 23:51:57,244 [INFO] IPUIPlugin:80 - create IPUIPlugin
2023-09-27 23:51:57,244 [INFO] PluginManager:220 - loadIPPluginJar : add usart
2023-09-27 23:51:57,247 [INFO] IPUIPlugin:80 - create IPUIPlugin
2023-09-27 23:51:57,247 [INFO] PluginManager:220 - loadIPPluginJar : add usbx
2023-09-27 23:51:57,365 [INFO] CADModel:165 - CPN selected for project level
2023-09-27 23:51:57,365 [INFO] CADModel:114 - Register for checkConnection events
2023-09-27 23:51:57,365 [FATAL] Updater:308 - Updater called before beeing initialized
2023-09-27 23:51:57,365 [ERROR] CADModel:125 - Updater not yet initialized, retry later 
2023-09-27 23:51:57,500 [INFO] CADModel:165 - CPN selected for project level
2023-09-27 23:51:57,500 [INFO] CADModel:114 - Register for checkConnection events
2023-09-27 23:51:57,500 [FATAL] Updater:308 - Updater called before beeing initialized
2023-09-27 23:51:57,500 [ERROR] CADModel:125 - Updater not yet initialized, retry later 
2023-09-27 23:51:57,504 [FATAL] Updater:308 - Updater called before beeing initialized
2023-09-27 23:51:57,587 [FATAL] Updater:308 - Updater called before beeing initialized
2023-09-27 23:51:57,592 [INFO] DbMcusAds:53 - JSON generation date=Tue Mar 07 16:50:55 CST 2023 (1678179055114)
2023-09-27 23:51:57,593 [FATAL] Updater:308 - Updater called before beeing initialized
2023-09-27 23:51:57,630 [WARN] DetailPanel:346 - Failed to get advertising image, set to default
2023-09-27 23:51:57,725 [FATAL] Updater:308 - Updater called before beeing initialized
2023-09-27 23:51:57,727 [FATAL] Updater:308 - Updater called before beeing initialized
2023-09-27 23:51:57,727 [FATAL] Updater:308 - Updater called before beeing initialized
2023-09-27 23:51:57,727 [WARN] DetailPanel:346 - Failed to get advertising image, set to default
2023-09-27 23:51:57,728 [FATAL] Updater:308 - Updater called before beeing initialized
2023-09-27 23:51:57,777 [ERROR] Updater:1120 - MainUpdater not yet initialized. External WinMGr cannot be set.
2023-09-27 23:51:57,779 [INFO] Updater:1056 - Updater Version found : 6.9.1
2023-09-27 23:51:57,812 [INFO] ApplicationProperties:184 - Using Application install path: D:\UsefulSoftware\STM32CubeIDE_1.13.1\STM32CubeIDE\plugins\com.st.stm32cube.common.mx_6.9.1.202307191849
2023-09-27 23:51:57,923 [INFO] MainUpdater:2868 - connection check result : 10
2023-09-27 23:51:57,924 [INFO] MainUpdater:3562 - Updater definition file requires update
2023-09-27 23:51:57,925 [INFO] MainUpdater:285 - Updater Check For Update Now.
2023-09-27 23:51:57,925 [INFO] MicroXplorer:498 - Change Database Version : DB.6.0.91
2023-09-27 23:51:57,937 [INFO] McuFinderGlobals:63 - Set McuFinder mode to 2 (CubeIDE integrated)
2023-09-27 23:51:57,937 [INFO] UserAuth:179 - activating auth plugin
2023-09-27 23:51:57,940 [INFO] UserAuth:393 - Internet connection configuration mode: 1
2023-09-27 23:51:57,946 [INFO] ServerAccessManage:473 - Download File updaters.zip
2023-09-27 23:51:57,964 [INFO] JxBrowserEngine:151 - Initiate JxBrowser Engine with user profile folder
2023-09-27 23:51:57,990 [INFO] FileExtend:240 - Unzip File : updaters.zip
2023-09-27 23:51:57,991 [INFO] FileExtend:255 - Standard Zip Deflate
2023-09-27 23:51:58,523 [INFO] ServerAccessManage:473 - Download File PacksControlFlags.xml
2023-09-27 23:51:58,554 [INFO] ServerAccessManage:473 - Download File cubemx.pidx
2023-09-27 23:51:58,648 [INFO] LoadServerUpdatesThread:373 - End of LoadServerUpdate Thread
2023-09-27 23:51:58,799 [INFO] CheckServerUpdateThread:120 - End of CheckServer Thread
2023-09-27 23:51:59,980 [WARN] PackLoader:240 - Cannot read IP mode file for STMicroelectronics.X-CUBE-SMBUS.2.1.0
2023-09-27 23:52:00,008 [WARN] PackLoader:240 - Cannot read IP mode file for STMicroelectronics.X-CUBE-AZRTOS-F7.1.1.0
2023-09-27 23:52:00,023 [WARN] PackLoader:240 - Cannot read IP mode file for STMicroelectronics.FP-SNS-MOTENV1.4.3.2
2023-09-27 23:52:00,032 [WARN] PackLoader:240 - Cannot read IP mode file for STMicroelectronics.FP-SNS-FLIGHT1.5.0.2
2023-09-27 23:52:00,043 [WARN] PackLoader:240 - Cannot read IP mode file for STMicroelectronics.X-CUBE-DISPLAY.3.0.0
2023-09-27 23:52:00,060 [WARN] PackLoader:240 - Cannot read IP mode file for STMicroelectronics.X-CUBE-BLE1.7.0.0
2023-09-27 23:52:00,068 [WARN] PackLoader:240 - Cannot read IP mode file for emotas.I-CUBE-CANOPEN.1.3.0
2023-09-27 23:52:00,076 [WARN] PackLoader:240 - Cannot read IP mode file for STMicroelectronics.X-CUBE-TOUCHGFX.4.22.0
2023-09-27 23:52:00,083 [WARN] PackLoader:240 - Cannot read IP mode file for STMicroelectronics.FP-SNS-SMARTAG2.1.2.0
2023-09-27 23:52:00,097 [INFO] LogOutputStream:77 - [STDOUT_REDIRECT] 1 : Invalid condition id : UX_CORESTACK_Condition cause : null
2023-09-27 23:52:00,098 [INFO] LogOutputStream:77 - [STDOUT_REDIRECT] 1 : Invalid condition id : UX_CORESTACK_Condition cause : null
2023-09-27 23:52:00,099 [INFO] LogOutputStream:77 - [STDOUT_REDIRECT] 1 : Invalid condition id : UX_CORESTACK_Condition cause : null
2023-09-27 23:52:00,100 [INFO] LogOutputStream:77 - [STDOUT_REDIRECT] 1 : Invalid condition id : UX_CORESTACK_Condition cause : null
2023-09-27 23:52:00,102 [INFO] LogOutputStream:77 - [STDOUT_REDIRECT] 1 : Invalid condition id : UX_CORESTACK_Condition cause : null
2023-09-27 23:52:00,104 [WARN] PackLoader:240 - Cannot read IP mode file for STMicroelectronics.X-CUBE-AZRTOS-WL.2.0.0
2023-09-27 23:52:00,116 [WARN] PackLoader:240 - Cannot read IP mode file for WES.I-CUBE-Cesium.1.3.0
2023-09-27 23:52:00,123 [WARN] PackLoader:240 - Cannot read IP mode file for STMicroelectronics.X-CUBE-BLE2.3.3.0
2023-09-27 23:52:00,131 [WARN] PackLoader:240 - Cannot read IP mode file for STMicroelectronics.X-CUBE-ALGOBUILD.1.3.0
2023-09-27 23:52:00,145 [WARN] PackLoader:240 - Cannot read IP mode file for STMicroelectronics.X-CUBE-AZRTOS-G0.1.1.0
2023-09-27 23:52:00,153 [WARN] PackLoader:240 - Cannot read IP mode file for STMicroelectronics.X-CUBE-NFC4.3.0.0
2023-09-27 23:52:00,158 [WARN] PackLoader:240 - Cannot read IP mode file for STMicroelectronics.FP-ATR-SIGFOX1.3.2.0
2023-09-27 23:52:00,187 [WARN] PackLoader:240 - Cannot read IP mode file for SEGGER.I-CUBE-embOS.1.3.1
2023-09-27 23:52:00,207 [INFO] WebApp:157 - Instantiating new browser for Auth
2023-09-27 23:52:00,226 [WARN] PackLoader:240 - Cannot read IP mode file for STMicroelectronics.X-CUBE-GNSS1.6.0.0
2023-09-27 23:52:00,250 [WARN] PackLoader:240 - Cannot read IP mode file for STMicroelectronics.X-CUBE-AZRTOS-F4.1.1.0
2023-09-27 23:52:00,261 [WARN] PackLoader:240 - Cannot read IP mode file for wolfSSL.I-CUBE-wolfSSL.5.6.3
2023-09-27 23:52:00,281 [WARN] PackLoader:240 - Cannot read IP mode file for STMicroelectronics.X-CUBE-AZRTOS-L5.2.0.0
2023-09-27 23:52:00,322 [WARN] PackLoader:240 - Cannot read IP mode file for STMicroelectronics.X-CUBE-MEMS1.9.6.0
2023-09-27 23:52:00,461 [WARN] PackLoader:240 - Cannot read IP mode file for STMicroelectronics.X-CUBE-BLEMGR.2.0.0
2023-09-27 23:52:00,476 [WARN] ConditionMgr:438 - getConditionDescription Invalid condition id : UX DEVICE CLASS RTOS Condition cause : null
2023-09-27 23:52:00,477 [WARN] ConditionMgr:438 - getConditionDescription Invalid condition id : UX DEVICE CLASS RTOS Condition cause : null
2023-09-27 23:52:00,479 [WARN] PackLoader:240 - Cannot read IP mode file for STMicroelectronics.X-CUBE-AZRTOS-H7.3.1.0
2023-09-27 23:52:00,480 [WARN] ConditionMgr:1039 - genDependencies : Invalid condition id : UX DEVICE CLASS RTOS Condition cause : null
2023-09-27 23:52:00,480 [WARN] ConditionMgr:1039 - genDependencies : Invalid condition id : UX DEVICE CLASS RTOS Condition cause : null
2023-09-27 23:52:00,480 [WARN] ConditionMgr:1039 - genDependencies : Invalid condition id : UX DEVICE CLASS RTOS Condition cause : null
2023-09-27 23:52:00,481 [WARN] ConditionMgr:1039 - genDependencies : Invalid condition id : UX DEVICE CLASS RTOS Condition cause : null
2023-09-27 23:52:00,481 [WARN] ConditionMgr:1039 - genDependencies : Invalid condition id : UX DEVICE CLASS RTOS Condition cause : null
2023-09-27 23:52:00,487 [WARN] PackLoader:240 - Cannot read IP mode file for STMicroelectronics.X-CUBE-NFC7.1.0.1
2023-09-27 23:52:00,496 [WARN] PackLoader:240 - Cannot read IP mode file for STMicroelectronics.X-CUBE-NFC6.3.0.0
2023-09-27 23:52:00,503 [WARN] PackLoader:240 - Cannot read IP mode file for STMicroelectronics.X-CUBE-EEPRMA1.4.1.0
2023-09-27 23:52:00,511 [WARN] PackLoader:240 - Cannot read IP mode file for STMicroelectronics.X-CUBE-AI.8.1.0
2023-09-27 23:52:00,526 [WARN] ConditionMgr:438 - getConditionDescription Invalid condition id : LAN8742 Phy interface Condition cause : null
2023-09-27 23:52:00,528 [WARN] PackLoader:240 - Cannot read IP mode file for STMicroelectronics.X-CUBE-AZRTOS-L4.2.0.0
2023-09-27 23:52:00,529 [WARN] ConditionMgr:1039 - genDependencies : Invalid condition id : LAN8742 Phy interface Condition cause : null
2023-09-27 23:52:00,529 [WARN] ConditionMgr:1039 - genDependencies : Invalid condition id : LAN8742 Phy interface Condition cause : null
2023-09-27 23:52:00,529 [WARN] ConditionMgr:1039 - genDependencies : Invalid condition id : LAN8742 Phy interface Condition cause : null
2023-09-27 23:52:00,541 [WARN] PackLoader:240 - Cannot read IP mode file for STMicroelectronics.X-CUBE-SFXS2LP1.4.0.0
2023-09-27 23:52:00,550 [WARN] PackLoader:240 - Cannot read IP mode file for STMicroelectronics.X-CUBE-ISPU.1.1.0
2023-09-27 23:52:00,562 [WARN] ConditionMgr:438 - getConditionDescription Invalid condition id : UX DEVICE CLASS RTOS Condition cause : null
2023-09-27 23:52:00,562 [WARN] ConditionMgr:438 - getConditionDescription Invalid condition id : UX DEVICE CLASS RTOS Condition cause : null
2023-09-27 23:52:00,564 [WARN] PackLoader:240 - Cannot read IP mode file for STMicroelectronics.X-CUBE-AZRTOS-WB.2.0.0
2023-09-27 23:52:00,564 [WARN] ConditionMgr:1039 - genDependencies : Invalid condition id : UX DEVICE CLASS RTOS Condition cause : null
2023-09-27 23:52:00,564 [WARN] ConditionMgr:1039 - genDependencies : Invalid condition id : UX DEVICE CLASS RTOS Condition cause : null
2023-09-27 23:52:00,566 [WARN] ConditionMgr:1039 - genDependencies : Invalid condition id : UX DEVICE CLASS RTOS Condition cause : null
2023-09-27 23:52:00,566 [WARN] ConditionMgr:1039 - genDependencies : Invalid condition id : UX DEVICE CLASS RTOS Condition cause : null
2023-09-27 23:52:00,566 [WARN] ConditionMgr:1039 - genDependencies : Invalid condition id : UX DEVICE CLASS RTOS Condition cause : null
2023-09-27 23:52:00,576 [WARN] PackLoader:240 - Cannot read IP mode file for STMicroelectronics.X-CUBE-SUBG2.5.0.0
2023-09-27 23:52:00,591 [WARN] PackLoader:240 - Cannot read IP mode file for STMicroelectronics.X-CUBE-TOF1.3.3.1
2023-09-27 23:52:00,612 [WARN] PackLoader:240 - Cannot read IP mode file for STMicroelectronics.X-CUBE-AZRTOS-G4.2.0.0
2023-09-27 23:52:00,621 [WARN] PackLoader:240 - Cannot read IP mode file for STMicroelectronics.X-CUBE-FREERTOS.1.1.0
2023-09-27 23:52:00,628 [WARN] PackLoader:240 - Cannot read IP mode file for portGmbH.I-Cube-SoM-uGOAL.1.1.0
2023-09-27 23:52:00,635 [WARN] PackLoader:240 - Cannot read IP mode file for STMicroelectronics.X-CUBE-ALS.1.0.1
2023-09-27 23:52:00,710 [WARN] PackLoader:240 - Cannot read IP mode file for STMicroelectronics.FP-ATR-ASTRA1.2.0.0
2023-09-27 23:52:00,711 [INFO] ThirdParty:978 - Integrity check success = true
2023-09-27 23:52:00,712 [INFO] IntegrityCheckThread:100 - exiting critical section [integrity check]
2023-09-27 23:52:00,712 [INFO] IntegrityCheckThread:103 - End integrity checks thread
2023-09-27 23:52:01,248 [INFO] WebApp:753 - Register for checkConnection events
2023-09-27 23:52:01,248 [INFO] WebApp:390 - Apply proxy settings
2023-09-27 23:52:01,249 [INFO] WebApp:475 - Chromium requires no authentication
2023-09-27 23:52:01,261 [INFO] WebApp:418 - Direct internet connection detected
2023-09-27 23:52:01,450 [INFO] WebApp:188 - Starting web application
2023-09-27 23:52:01,450 [INFO] WebApp:520 - Web application path used D:\UsefulSoftware\STM32CubeIDE_1.13.1\STM32CubeIDE\plugins\com.st.stm32cube.common.mx_6.9.1.202307191849\db\plugins\mcufinder\reactClient1\index.html
2023-09-27 23:52:22,075 [ERROR] LogOutputStream:75 - [STDERR_REDIRECT] SLF4J: Failed to load class "org.slf4j.impl.StaticLoggerBinder".
2023-09-27 23:52:22,075 [ERROR] LogOutputStream:75 - [STDERR_REDIRECT] SLF4J: Defaulting to no-operation (NOP) logger implementation
2023-09-27 23:52:22,076 [ERROR] LogOutputStream:75 - [STDERR_REDIRECT] SLF4J: See http://www.slf4j.org/codes.html#StaticLoggerBinder for further details.
2023-09-27 23:59:06,499 [ERROR] LogOutputStream:75 - [STDERR_REDIRECT] 
2023-09-27 23:59:14,633 [INFO] Activator:176 - 


2023-09-27 23:59:14,635 [INFO] Activator:177 - !SESSION log4j initialized
2023-09-27 23:59:19,272 [INFO] LogOutputStream:77 - [STDOUT_REDIRECT] 
2023-09-27 23:59:20,389 [INFO] ApplicationProperties:184 - Using Application install path: D:\UsefulSoftware\STM32CubeIDE_1.13.1\STM32CubeIDE\plugins\com.st.stm32cube.common.mx_6.9.1.202307191849
2023-09-27 23:59:20,405 [INFO] DbMcusXml:78 - Set database path to: D:\UsefulSoftware\STM32CubeIDE_1.13.1\STM32CubeIDE\plugins\com.st.stm32cube.common.mx_6.9.1.202307191849\\db\/mcu/
2023-09-27 23:59:20,406 [INFO] ApiDb:274 - Set plugin database path to: D:\UsefulSoftware\STM32CubeIDE_1.13.1\STM32CubeIDE\plugins\com.st.stm32cube.common.mx_6.9.1.202307191849\\db\/plugins/boardmanager/
2023-09-27 23:59:20,406 [WARN] ApiDb:259 - Overriding images path with different value:  => D:\UsefulSoftware\STM32CubeIDE_1.13.1\STM32CubeIDE\plugins\com.st.stm32cube.common.mx_6.9.1.202307191849\\db\/plugins/mcufinder/images/
2023-09-27 23:59:20,414 [INFO] ApiDb:250 - Set database path to: C:\Users\haosh\.stmcufinder\plugins\mcufinder//mcu/
2023-09-27 23:59:20,415 [INFO] DbMcusAds:125 - Set database path to: C:\Users\haosh\.stmcufinder\plugins\mcufinder//mcu/
2023-09-27 23:59:20,417 [INFO] CrossReferenceDbSqlite:203 - Set database path to: C:\Users\haosh\.stmcufinder\plugins\mcufinder//mcu/cs/
2023-09-27 23:59:20,513 [INFO] RulesReader:64 - Compatibility file has been processed (293 Rules)
2023-09-27 23:59:20,604 [INFO] DbMcusXml:78 - Set database path to: D:\UsefulSoftware\STM32CubeIDE_1.13.1\STM32CubeIDE\plugins\com.st.stm32cube.common.mx_6.9.1.202307191849\\db\/mcu/
2023-09-27 23:59:20,604 [INFO] ApiDb:274 - Set plugin database path to: D:\UsefulSoftware\STM32CubeIDE_1.13.1\STM32CubeIDE\plugins\com.st.stm32cube.common.mx_6.9.1.202307191849\\db\/plugins/boardmanager/
2023-09-27 23:59:20,604 [INFO] ApiDb:261 - Set plugin images path to: D:\UsefulSoftware\STM32CubeIDE_1.13.1\STM32CubeIDE\plugins\com.st.stm32cube.common.mx_6.9.1.202307191849\\db\/plugins/mcufinder/images/
2023-09-27 23:59:20,604 [WARN] DbFile:41 - Overriding database path with different value: C:\Users\haosh\.stmcufinder\plugins\mcufinder/ => C:\Users\haosh\.stmcufinder\plugins\mcufinder
2023-09-27 23:59:20,604 [INFO] ApiDb:250 - Set database path to: C:\Users\haosh\.stmcufinder\plugins\mcufinder//mcu/
2023-09-27 23:59:20,604 [WARN] DbFile:41 - Overriding database path with different value: C:\Users\haosh\.stmcufinder\plugins\mcufinder/ => C:\Users\haosh\.stmcufinder\plugins\mcufinder
2023-09-27 23:59:20,604 [INFO] DbMcusAds:125 - Set database path to: C:\Users\haosh\.stmcufinder\plugins\mcufinder//mcu/
2023-09-27 23:59:20,605 [WARN] DbFile:41 - Overriding database path with different value: C:\Users\haosh\.stmcufinder\plugins\mcufinder/ => C:\Users\haosh\.stmcufinder\plugins\mcufinder
2023-09-27 23:59:20,605 [WARN] DbFile:41 - Overriding database path with different value: C:\Users\haosh\.stmcufinder\plugins\mcufinder/ => C:\Users\haosh\.stmcufinder\plugins\mcufinder
2023-09-27 23:59:20,605 [INFO] CrossReferenceDbSqlite:203 - Set database path to: C:\Users\haosh\.stmcufinder\plugins\mcufinder//mcu/cs/
2023-09-27 23:59:20,665 [INFO] MainPanel:262 - HeapMemory: 268435456
2023-09-27 23:59:20,719 [INFO] DbMcusXml:78 - Set database path to: D:\UsefulSoftware\STM32CubeIDE_1.13.1\STM32CubeIDE\plugins\com.st.stm32cube.common.mx_6.9.1.202307191849\\db\/mcu/
2023-09-27 23:59:20,720 [INFO] ApiDb:274 - Set plugin database path to: D:\UsefulSoftware\STM32CubeIDE_1.13.1\STM32CubeIDE\plugins\com.st.stm32cube.common.mx_6.9.1.202307191849\\db\/plugins/boardmanager/
2023-09-27 23:59:20,720 [INFO] ApiDb:261 - Set plugin images path to: D:\UsefulSoftware\STM32CubeIDE_1.13.1\STM32CubeIDE\plugins\com.st.stm32cube.common.mx_6.9.1.202307191849\\db\/plugins/mcufinder/images/
2023-09-27 23:59:20,720 [WARN] DbFile:41 - Overriding database path with different value: C:\Users\haosh\.stmcufinder\plugins\mcufinder/ => C:\Users\haosh\.stmcufinder\plugins\mcufinder
2023-09-27 23:59:20,720 [INFO] ApiDb:250 - Set database path to: C:\Users\haosh\.stmcufinder\plugins\mcufinder//mcu/
2023-09-27 23:59:20,720 [WARN] DbFile:41 - Overriding database path with different value: C:\Users\haosh\.stmcufinder\plugins\mcufinder/ => C:\Users\haosh\.stmcufinder\plugins\mcufinder
2023-09-27 23:59:20,720 [INFO] DbMcusAds:125 - Set database path to: C:\Users\haosh\.stmcufinder\plugins\mcufinder//mcu/
2023-09-27 23:59:20,721 [WARN] DbFile:41 - Overriding database path with different value: C:\Users\haosh\.stmcufinder\plugins\mcufinder/ => C:\Users\haosh\.stmcufinder\plugins\mcufinder
2023-09-27 23:59:20,721 [WARN] DbFile:41 - Overriding database path with different value: C:\Users\haosh\.stmcufinder\plugins\mcufinder/ => C:\Users\haosh\.stmcufinder\plugins\mcufinder
2023-09-27 23:59:20,721 [INFO] CrossReferenceDbSqlite:203 - Set database path to: C:\Users\haosh\.stmcufinder\plugins\mcufinder//mcu/cs/
2023-09-27 23:59:20,735 [INFO] ApplicationProperties:184 - Using Application install path: D:\UsefulSoftware\STM32CubeIDE_1.13.1\STM32CubeIDE\plugins\com.st.stm32cube.common.mx_6.9.1.202307191849
2023-09-27 23:59:20,736 [INFO] PluginManage:196 - Search for loadable plugins [exclusion list=, ]
2023-09-27 23:59:20,737 [INFO] PluginManage:310 - Check plugin analytics
2023-09-27 23:59:20,862 [INFO] AnalyticsPlugin:253 - Accepted Software Licenses: 
2023-09-27 23:59:20,863 [INFO] AnalyticsPlugin:255 - Accepted CMSIS Pack Licenses: 
2023-09-27 23:59:20,863 [INFO] AnalyticsPlugin:257 - Accepted Firmware Licenses: 
2023-09-27 23:59:20,866 [INFO] PluginManage:359 - Loaded plugin analytics (category:tool,tabindex:-1)
2023-09-27 23:59:20,867 [INFO] PluginManage:310 - Check plugin cadmodel
2023-09-27 23:59:20,871 [INFO] CADModel:105 - Init CAD model plugin
2023-09-27 23:59:20,871 [INFO] PluginManage:359 - Loaded plugin cadmodel (category:power,tabindex:5)
2023-09-27 23:59:20,871 [INFO] PluginManage:310 - Check plugin clock
2023-09-27 23:59:20,878 [INFO] PluginManage:359 - Loaded plugin clock (category:base,tabindex:2)
2023-09-27 23:59:20,879 [INFO] PluginManage:310 - Check plugin ddr
2023-09-27 23:59:20,881 [INFO] PluginManage:359 - Loaded plugin ddr (category:tool,tabindex:6)
2023-09-27 23:59:20,881 [INFO] PluginManage:310 - Check plugin filemanager
2023-09-27 23:59:20,995 [INFO] PluginManage:359 - Loaded plugin filemanager (category:base,tabindex:10)
2023-09-27 23:59:20,995 [INFO] PluginManage:310 - Check plugin ipmanager
2023-09-27 23:59:21,003 [INFO] PluginManage:359 - Loaded plugin ipmanager (category:base,tabindex:5)
2023-09-27 23:59:21,003 [INFO] PluginManage:310 - Check plugin lpbam
2023-09-27 23:59:21,010 [INFO] PluginManage:359 - Loaded plugin lpbam (category:base,tabindex:0)
2023-09-27 23:59:21,010 [INFO] PluginManage:310 - Check plugin memorymap
2023-09-27 23:59:21,018 [INFO] PluginManage:359 - Loaded plugin memorymap (category:base,tabindex:4)
2023-09-27 23:59:21,018 [INFO] PluginManage:310 - Check plugin pinoutandconfiguration
2023-09-27 23:59:21,025 [INFO] PluginManage:359 - Loaded plugin pinoutandconfiguration (category:base,tabindex:1)
2023-09-27 23:59:21,025 [INFO] PluginManage:310 - Check plugin pinoutconfig
2023-09-27 23:59:21,096 [WARN] SupportedApi:132 - Cannot load RTOS API schema: s4s-elt-must-match.1: The content of 'definitions' must match (annotation?, (simpleType | complexType)?, (unique | key | keyref)*)). A problem was found starting at: attribute.
2023-09-27 23:59:21,191 [INFO] PluginManage:359 - Loaded plugin pinoutconfig (category:base,tabindex:0)
2023-09-27 23:59:21,191 [INFO] PluginManage:310 - Check plugin power
2023-09-27 23:59:21,199 [INFO] PluginManage:359 - Loaded plugin power (category:power,tabindex:4)
2023-09-27 23:59:21,199 [INFO] PluginManage:310 - Check plugin projectmanager
2023-09-27 23:59:21,211 [INFO] PluginManage:359 - Loaded plugin projectmanager (category:projectmanager,tabindex:3)
2023-09-27 23:59:21,212 [INFO] PluginManage:310 - Check plugin thirdparty
2023-09-27 23:59:21,315 [WARN] IntegrityCheckThread:84 - waiting for thirdparty lock release [integrity check]
2023-09-27 23:59:21,315 [INFO] IntegrityCheckThread:86 - entering critical section [integrity check]
2023-09-27 23:59:21,315 [INFO] PluginManage:359 - Loaded plugin thirdparty (category:base,tabindex:-1)
2023-09-27 23:59:21,316 [INFO] PluginManage:310 - Check plugin tools
2023-09-27 23:59:21,316 [INFO] ThirdPartyUpdaterWithRetryManager:70 - Updater plugin not ready yet. [1/15]
2023-09-27 23:59:21,320 [INFO] PluginManage:359 - Loaded plugin tools (category:base,tabindex:7)
2023-09-27 23:59:21,320 [INFO] PluginManage:310 - Check plugin tutovideos
2023-09-27 23:59:21,444 [INFO] PluginManage:359 - Loaded plugin tutovideos (category:base,tabindex:-1)
2023-09-27 23:59:21,444 [INFO] PluginManage:310 - Check plugin updater
2023-09-27 23:59:21,452 [INFO] PluginManage:359 - Loaded plugin updater (category:base,tabindex:12)
2023-09-27 23:59:21,452 [INFO] PluginManage:310 - Check plugin userauth
2023-09-27 23:59:21,455 [INFO] UserAuth:113 - Init User Auth plugin
2023-09-27 23:59:21,455 [INFO] PluginManage:359 - Loaded plugin userauth (category:base,tabindex:14)
2023-09-27 23:59:21,456 [INFO] PluginManage:283 - PluginManage : Loaded plugins [17]
2023-09-27 23:59:21,633 [INFO] PinOutPanel:1499 - setPackage(No Configuration,No Configuration)
2023-09-27 23:59:21,720 [INFO] CADModel:165 - CPN selected for project level
2023-09-27 23:59:21,720 [INFO] CADModel:114 - Register for checkConnection events
2023-09-27 23:59:21,731 [INFO] IPUIPlugin:80 - create IPUIPlugin
2023-09-27 23:59:21,731 [INFO] PluginManager:220 - loadIPPluginJar : add adc
2023-09-27 23:59:21,733 [INFO] IPUIPlugin:80 - create IPUIPlugin
2023-09-27 23:59:21,733 [INFO] PluginManager:220 - loadIPPluginJar : add aes
2023-09-27 23:59:21,735 [INFO] IPUIPlugin:80 - create IPUIPlugin
2023-09-27 23:59:21,735 [INFO] PluginManager:220 - loadIPPluginJar : add can
2023-09-27 23:59:21,736 [INFO] IPUIPlugin:80 - create IPUIPlugin
2023-09-27 23:59:21,736 [INFO] PluginManager:220 - loadIPPluginJar : add comp
2023-09-27 23:59:21,737 [INFO] IPUIPlugin:80 - create IPUIPlugin
2023-09-27 23:59:21,737 [INFO] PluginManager:220 - loadIPPluginJar : add cryp
2023-09-27 23:59:21,738 [INFO] IPUIPlugin:80 - create IPUIPlugin
2023-09-27 23:59:21,738 [INFO] PluginManager:220 - loadIPPluginJar : add dfsdm
2023-09-27 23:59:21,742 [INFO] IPUIPlugin:80 - create IPUIPlugin
2023-09-27 23:59:21,742 [INFO] PluginManager:220 - loadIPPluginJar : add dma
2023-09-27 23:59:21,743 [INFO] IPUIPlugin:80 - create IPUIPlugin
2023-09-27 23:59:21,743 [INFO] PluginManager:220 - loadIPPluginJar : add dma3
2023-09-27 23:59:21,744 [INFO] IPUIPlugin:80 - create IPUIPlugin
2023-09-27 23:59:21,744 [INFO] PluginManager:220 - loadIPPluginJar : add fatfs
2023-09-27 23:59:21,746 [INFO] IPUIPlugin:80 - create IPUIPlugin
2023-09-27 23:59:21,747 [INFO] PluginManager:220 - loadIPPluginJar : add fmc
2023-09-27 23:59:21,750 [INFO] IPUIPlugin:80 - create IPUIPlugin
2023-09-27 23:59:21,750 [INFO] PluginManager:220 - loadIPPluginJar : add freertos
2023-09-27 23:59:21,750 [INFO] IPUIPlugin:80 - create IPUIPlugin
2023-09-27 23:59:21,750 [INFO] PluginManager:220 - loadIPPluginJar : add genericplugin
2023-09-27 23:59:21,751 [INFO] IPUIPlugin:80 - create IPUIPlugin
2023-09-27 23:59:21,751 [INFO] PluginManager:220 - loadIPPluginJar : add gfxmmu
2023-09-27 23:59:21,754 [INFO] IPUIPlugin:80 - create IPUIPlugin
2023-09-27 23:59:21,754 [INFO] PluginManager:220 - loadIPPluginJar : add gic
2023-09-27 23:59:21,757 [INFO] IPUIPlugin:80 - create IPUIPlugin
2023-09-27 23:59:21,757 [INFO] PluginManager:220 - loadIPPluginJar : add gpio
2023-09-27 23:59:21,758 [INFO] IPUIPlugin:80 - create IPUIPlugin
2023-09-27 23:59:21,759 [INFO] PluginManager:220 - loadIPPluginJar : add gtzc
2023-09-27 23:59:21,761 [INFO] IPUIPlugin:80 - create IPUIPlugin
2023-09-27 23:59:21,761 [INFO] PluginManager:220 - loadIPPluginJar : add hash
2023-09-27 23:59:21,762 [INFO] IPUIPlugin:80 - create IPUIPlugin
2023-09-27 23:59:21,762 [INFO] PluginManager:220 - loadIPPluginJar : add i2c
2023-09-27 23:59:21,763 [INFO] IPUIPlugin:80 - create IPUIPlugin
2023-09-27 23:59:21,763 [INFO] PluginManager:220 - loadIPPluginJar : add i2s
2023-09-27 23:59:21,765 [INFO] IPUIPlugin:80 - create IPUIPlugin
2023-09-27 23:59:21,765 [INFO] PluginManager:220 - loadIPPluginJar : add i3c
2023-09-27 23:59:21,767 [INFO] IPUIPlugin:80 - create IPUIPlugin
2023-09-27 23:59:21,767 [INFO] PluginManager:220 - loadIPPluginJar : add ipddr
2023-09-27 23:59:21,771 [INFO] IPUIPlugin:80 - create IPUIPlugin
2023-09-27 23:59:21,771 [INFO] PluginManager:220 - loadIPPluginJar : add linkedlist
2023-09-27 23:59:21,773 [INFO] IPUIPlugin:80 - create IPUIPlugin
2023-09-27 23:59:21,773 [INFO] PluginManager:220 - loadIPPluginJar : add lorawan
2023-09-27 23:59:21,774 [INFO] IPUIPlugin:80 - create IPUIPlugin
2023-09-27 23:59:21,774 [INFO] PluginManager:220 - loadIPPluginJar : add ltdc
2023-09-27 23:59:21,778 [INFO] IPUIPlugin:80 - create IPUIPlugin
2023-09-27 23:59:21,778 [INFO] PluginManager:220 - loadIPPluginJar : add mdma
2023-09-27 23:59:21,781 [INFO] IPUIPlugin:80 - create IPUIPlugin
2023-09-27 23:59:21,781 [INFO] PluginManager:220 - loadIPPluginJar : add nvic
2023-09-27 23:59:21,782 [INFO] IPUIPlugin:80 - create IPUIPlugin
2023-09-27 23:59:21,782 [INFO] PluginManager:220 - loadIPPluginJar : add opamp
2023-09-27 23:59:21,784 [INFO] IPUIPlugin:80 - create IPUIPlugin
2023-09-27 23:59:21,784 [INFO] PluginManager:220 - loadIPPluginJar : add openamp
2023-09-27 23:59:21,785 [INFO] IPUIPlugin:80 - create IPUIPlugin
2023-09-27 23:59:21,786 [INFO] PluginManager:220 - loadIPPluginJar : add pdm2pcm
2023-09-27 23:59:21,789 [INFO] IPUIPlugin:80 - create IPUIPlugin
2023-09-27 23:59:21,792 [INFO] PluginManager:220 - loadIPPluginJar : add plateformsettings
2023-09-27 23:59:21,801 [INFO] IPUIPlugin:80 - create IPUIPlugin
2023-09-27 23:59:21,801 [INFO] PluginManager:220 - loadIPPluginJar : add quadspi
2023-09-27 23:59:21,804 [INFO] IPUIPlugin:80 - create IPUIPlugin
2023-09-27 23:59:21,804 [INFO] PluginManager:220 - loadIPPluginJar : add resmgrutility
2023-09-27 23:59:21,805 [INFO] IPUIPlugin:80 - create IPUIPlugin
2023-09-27 23:59:21,805 [INFO] PluginManager:220 - loadIPPluginJar : add sai
2023-09-27 23:59:21,807 [INFO] IPUIPlugin:80 - create IPUIPlugin
2023-09-27 23:59:21,807 [INFO] PluginManager:220 - loadIPPluginJar : add spi
2023-09-27 23:59:21,809 [INFO] IPUIPlugin:80 - create IPUIPlugin
2023-09-27 23:59:21,810 [INFO] PluginManager:220 - loadIPPluginJar : add stm32_wpan
2023-09-27 23:59:21,811 [INFO] IPUIPlugin:80 - create IPUIPlugin
2023-09-27 23:59:21,811 [INFO] PluginManager:220 - loadIPPluginJar : add tim
2023-09-27 23:59:21,818 [INFO] IPUIPlugin:80 - create IPUIPlugin
2023-09-27 23:59:21,818 [INFO] PluginManager:220 - loadIPPluginJar : add touchsensing
2023-09-27 23:59:21,819 [INFO] IPUIPlugin:80 - create IPUIPlugin
2023-09-27 23:59:21,819 [INFO] PluginManager:220 - loadIPPluginJar : add tracer_emb
2023-09-27 23:59:21,820 [INFO] IPUIPlugin:80 - create IPUIPlugin
2023-09-27 23:59:21,820 [INFO] PluginManager:220 - loadIPPluginJar : add ts
2023-09-27 23:59:21,821 [INFO] IPUIPlugin:80 - create IPUIPlugin
2023-09-27 23:59:21,821 [INFO] PluginManager:220 - loadIPPluginJar : add tsc
2023-09-27 23:59:21,822 [INFO] IPUIPlugin:80 - create IPUIPlugin
2023-09-27 23:59:21,822 [INFO] PluginManager:220 - loadIPPluginJar : add ucpd
2023-09-27 23:59:21,824 [INFO] IPUIPlugin:80 - create IPUIPlugin
2023-09-27 23:59:21,824 [INFO] PluginManager:220 - loadIPPluginJar : add usart
2023-09-27 23:59:21,826 [INFO] IPUIPlugin:80 - create IPUIPlugin
2023-09-27 23:59:21,826 [INFO] PluginManager:220 - loadIPPluginJar : add usbx
2023-09-27 23:59:21,940 [INFO] CADModel:165 - CPN selected for project level
2023-09-27 23:59:21,940 [INFO] CADModel:114 - Register for checkConnection events
2023-09-27 23:59:21,940 [FATAL] Updater:308 - Updater called before beeing initialized
2023-09-27 23:59:21,940 [ERROR] CADModel:125 - Updater not yet initialized, retry later 
2023-09-27 23:59:22,051 [INFO] CADModel:165 - CPN selected for project level
2023-09-27 23:59:22,052 [INFO] CADModel:114 - Register for checkConnection events
2023-09-27 23:59:22,052 [FATAL] Updater:308 - Updater called before beeing initialized
2023-09-27 23:59:22,052 [ERROR] CADModel:125 - Updater not yet initialized, retry later 
2023-09-27 23:59:22,054 [FATAL] Updater:308 - Updater called before beeing initialized
2023-09-27 23:59:22,129 [FATAL] Updater:308 - Updater called before beeing initialized
2023-09-27 23:59:22,133 [INFO] DbMcusAds:53 - JSON generation date=Tue Mar 07 16:50:55 CST 2023 (1678179055114)
2023-09-27 23:59:22,133 [FATAL] Updater:308 - Updater called before beeing initialized
2023-09-27 23:59:22,159 [WARN] DetailPanel:346 - Failed to get advertising image, set to default
2023-09-27 23:59:22,242 [FATAL] Updater:308 - Updater called before beeing initialized
2023-09-27 23:59:22,244 [FATAL] Updater:308 - Updater called before beeing initialized
2023-09-27 23:59:22,244 [FATAL] Updater:308 - Updater called before beeing initialized
2023-09-27 23:59:22,244 [WARN] DetailPanel:346 - Failed to get advertising image, set to default
2023-09-27 23:59:22,245 [FATAL] Updater:308 - Updater called before beeing initialized
2023-09-27 23:59:22,281 [ERROR] Updater:1120 - MainUpdater not yet initialized. External WinMGr cannot be set.
2023-09-27 23:59:22,283 [INFO] Updater:1056 - Updater Version found : 6.9.1
2023-09-27 23:59:22,312 [INFO] ApplicationProperties:184 - Using Application install path: D:\UsefulSoftware\STM32CubeIDE_1.13.1\STM32CubeIDE\plugins\com.st.stm32cube.common.mx_6.9.1.202307191849
2023-09-27 23:59:22,413 [INFO] MainUpdater:2868 - connection check result : 10
2023-09-27 23:59:22,414 [INFO] MainUpdater:285 - Updater Check For Update Now.
2023-09-27 23:59:22,414 [INFO] MicroXplorer:498 - Change Database Version : DB.6.0.91
2023-09-27 23:59:22,427 [INFO] McuFinderGlobals:63 - Set McuFinder mode to 2 (CubeIDE integrated)
2023-09-27 23:59:22,427 [INFO] UserAuth:179 - activating auth plugin
2023-09-27 23:59:22,429 [INFO] UserAuth:393 - Internet connection configuration mode: 1
2023-09-27 23:59:22,455 [INFO] JxBrowserEngine:151 - Initiate JxBrowser Engine with user profile folder
2023-09-27 23:59:22,576 [INFO] CheckServerUpdateThread:120 - End of CheckServer Thread
2023-09-27 23:59:22,921 [INFO] WebApp:157 - Instantiating new browser for Auth
2023-09-27 23:59:23,275 [INFO] WebApp:753 - Register for checkConnection events
2023-09-27 23:59:23,276 [INFO] WebApp:390 - Apply proxy settings
2023-09-27 23:59:23,276 [INFO] WebApp:475 - Chromium requires no authentication
2023-09-27 23:59:23,281 [INFO] WebApp:418 - Direct internet connection detected
2023-09-27 23:59:23,422 [INFO] WebApp:188 - Starting web application
2023-09-27 23:59:23,422 [INFO] WebApp:520 - Web application path used D:\UsefulSoftware\STM32CubeIDE_1.13.1\STM32CubeIDE\plugins\com.st.stm32cube.common.mx_6.9.1.202307191849\db\plugins\mcufinder\reactClient1\index.html
2023-09-27 23:59:24,426 [WARN] PackLoader:240 - Cannot read IP mode file for STMicroelectronics.X-CUBE-SMBUS.2.1.0
2023-09-27 23:59:24,456 [WARN] PackLoader:240 - Cannot read IP mode file for STMicroelectronics.X-CUBE-AZRTOS-F7.1.1.0
2023-09-27 23:59:24,475 [WARN] PackLoader:240 - Cannot read IP mode file for STMicroelectronics.FP-SNS-MOTENV1.4.3.2
2023-09-27 23:59:24,482 [WARN] PackLoader:240 - Cannot read IP mode file for STMicroelectronics.FP-SNS-FLIGHT1.5.0.2
2023-09-27 23:59:24,490 [WARN] PackLoader:240 - Cannot read IP mode file for STMicroelectronics.X-CUBE-DISPLAY.3.0.0
2023-09-27 23:59:24,501 [WARN] PackLoader:240 - Cannot read IP mode file for STMicroelectronics.X-CUBE-BLE1.7.0.0
2023-09-27 23:59:24,507 [WARN] PackLoader:240 - Cannot read IP mode file for emotas.I-CUBE-CANOPEN.1.3.0
2023-09-27 23:59:24,512 [WARN] PackLoader:240 - Cannot read IP mode file for STMicroelectronics.X-CUBE-TOUCHGFX.4.22.0
2023-09-27 23:59:24,516 [WARN] PackLoader:240 - Cannot read IP mode file for STMicroelectronics.FP-SNS-SMARTAG2.1.2.0
2023-09-27 23:59:24,527 [INFO] LogOutputStream:77 - [STDOUT_REDIRECT] 1 : Invalid condition id : UX_CORESTACK_Condition cause : null
2023-09-27 23:59:24,527 [INFO] LogOutputStream:77 - [STDOUT_REDIRECT] 1 : Invalid condition id : UX_CORESTACK_Condition cause : null
2023-09-27 23:59:24,528 [INFO] LogOutputStream:77 - [STDOUT_REDIRECT] 1 : Invalid condition id : UX_CORESTACK_Condition cause : null
2023-09-27 23:59:24,530 [INFO] LogOutputStream:77 - [STDOUT_REDIRECT] 1 : Invalid condition id : UX_CORESTACK_Condition cause : null
2023-09-27 23:59:24,530 [INFO] LogOutputStream:77 - [STDOUT_REDIRECT] 1 : Invalid condition id : UX_CORESTACK_Condition cause : null
2023-09-27 23:59:24,533 [WARN] PackLoader:240 - Cannot read IP mode file for STMicroelectronics.X-CUBE-AZRTOS-WL.2.0.0
2023-09-27 23:59:24,543 [WARN] PackLoader:240 - Cannot read IP mode file for WES.I-CUBE-Cesium.1.3.0
2023-09-27 23:59:24,548 [WARN] PackLoader:240 - Cannot read IP mode file for STMicroelectronics.X-CUBE-BLE2.3.3.0
2023-09-27 23:59:24,554 [WARN] PackLoader:240 - Cannot read IP mode file for STMicroelectronics.X-CUBE-ALGOBUILD.1.3.0
2023-09-27 23:59:24,567 [WARN] PackLoader:240 - Cannot read IP mode file for STMicroelectronics.X-CUBE-AZRTOS-G0.1.1.0
2023-09-27 23:59:24,574 [WARN] PackLoader:240 - Cannot read IP mode file for STMicroelectronics.X-CUBE-NFC4.3.0.0
2023-09-27 23:59:24,579 [WARN] PackLoader:240 - Cannot read IP mode file for STMicroelectronics.FP-ATR-SIGFOX1.3.2.0
2023-09-27 23:59:24,600 [WARN] PackLoader:240 - Cannot read IP mode file for SEGGER.I-CUBE-embOS.1.3.1
2023-09-27 23:59:24,626 [WARN] PackLoader:240 - Cannot read IP mode file for STMicroelectronics.X-CUBE-GNSS1.6.0.0
2023-09-27 23:59:24,638 [WARN] PackLoader:240 - Cannot read IP mode file for STMicroelectronics.X-CUBE-AZRTOS-F4.1.1.0
2023-09-27 23:59:24,645 [WARN] PackLoader:240 - Cannot read IP mode file for wolfSSL.I-CUBE-wolfSSL.5.6.3
2023-09-27 23:59:24,657 [WARN] PackLoader:240 - Cannot read IP mode file for STMicroelectronics.X-CUBE-AZRTOS-L5.2.0.0
2023-09-27 23:59:24,698 [WARN] PackLoader:240 - Cannot read IP mode file for STMicroelectronics.X-CUBE-MEMS1.9.6.0
2023-09-27 23:59:24,806 [WARN] PackLoader:240 - Cannot read IP mode file for STMicroelectronics.X-CUBE-BLEMGR.2.0.0
2023-09-27 23:59:24,818 [WARN] ConditionMgr:438 - getConditionDescription Invalid condition id : UX DEVICE CLASS RTOS Condition cause : null
2023-09-27 23:59:24,818 [WARN] ConditionMgr:438 - getConditionDescription Invalid condition id : UX DEVICE CLASS RTOS Condition cause : null
2023-09-27 23:59:24,823 [WARN] PackLoader:240 - Cannot read IP mode file for STMicroelectronics.X-CUBE-AZRTOS-H7.3.1.0
2023-09-27 23:59:24,825 [WARN] ConditionMgr:1039 - genDependencies : Invalid condition id : UX DEVICE CLASS RTOS Condition cause : null
2023-09-27 23:59:24,825 [WARN] ConditionMgr:1039 - genDependencies : Invalid condition id : UX DEVICE CLASS RTOS Condition cause : null
2023-09-27 23:59:24,826 [WARN] ConditionMgr:1039 - genDependencies : Invalid condition id : UX DEVICE CLASS RTOS Condition cause : null
2023-09-27 23:59:24,826 [WARN] ConditionMgr:1039 - genDependencies : Invalid condition id : UX DEVICE CLASS RTOS Condition cause : null
2023-09-27 23:59:24,827 [WARN] ConditionMgr:1039 - genDependencies : Invalid condition id : UX DEVICE CLASS RTOS Condition cause : null
2023-09-27 23:59:24,833 [WARN] PackLoader:240 - Cannot read IP mode file for STMicroelectronics.X-CUBE-NFC7.1.0.1
2023-09-27 23:59:24,839 [WARN] PackLoader:240 - Cannot read IP mode file for STMicroelectronics.X-CUBE-NFC6.3.0.0
2023-09-27 23:59:24,845 [WARN] PackLoader:240 - Cannot read IP mode file for STMicroelectronics.X-CUBE-EEPRMA1.4.1.0
2023-09-27 23:59:24,854 [WARN] PackLoader:240 - Cannot read IP mode file for STMicroelectronics.X-CUBE-AI.8.1.0
2023-09-27 23:59:24,868 [WARN] ConditionMgr:438 - getConditionDescription Invalid condition id : LAN8742 Phy interface Condition cause : null
2023-09-27 23:59:24,869 [WARN] PackLoader:240 - Cannot read IP mode file for STMicroelectronics.X-CUBE-AZRTOS-L4.2.0.0
2023-09-27 23:59:24,870 [WARN] ConditionMgr:1039 - genDependencies : Invalid condition id : LAN8742 Phy interface Condition cause : null
2023-09-27 23:59:24,870 [WARN] ConditionMgr:1039 - genDependencies : Invalid condition id : LAN8742 Phy interface Condition cause : null
2023-09-27 23:59:24,871 [WARN] ConditionMgr:1039 - genDependencies : Invalid condition id : LAN8742 Phy interface Condition cause : null
2023-09-27 23:59:24,878 [WARN] PackLoader:240 - Cannot read IP mode file for STMicroelectronics.X-CUBE-SFXS2LP1.4.0.0
2023-09-27 23:59:24,883 [WARN] PackLoader:240 - Cannot read IP mode file for STMicroelectronics.X-CUBE-ISPU.1.1.0
2023-09-27 23:59:24,893 [WARN] ConditionMgr:438 - getConditionDescription Invalid condition id : UX DEVICE CLASS RTOS Condition cause : null
2023-09-27 23:59:24,894 [WARN] ConditionMgr:438 - getConditionDescription Invalid condition id : UX DEVICE CLASS RTOS Condition cause : null
2023-09-27 23:59:24,895 [WARN] PackLoader:240 - Cannot read IP mode file for STMicroelectronics.X-CUBE-AZRTOS-WB.2.0.0
2023-09-27 23:59:24,895 [WARN] ConditionMgr:1039 - genDependencies : Invalid condition id : UX DEVICE CLASS RTOS Condition cause : null
2023-09-27 23:59:24,895 [WARN] ConditionMgr:1039 - genDependencies : Invalid condition id : UX DEVICE CLASS RTOS Condition cause : null
2023-09-27 23:59:24,895 [WARN] ConditionMgr:1039 - genDependencies : Invalid condition id : UX DEVICE CLASS RTOS Condition cause : null
2023-09-27 23:59:24,896 [WARN] ConditionMgr:1039 - genDependencies : Invalid condition id : UX DEVICE CLASS RTOS Condition cause : null
2023-09-27 23:59:24,896 [WARN] ConditionMgr:1039 - genDependencies : Invalid condition id : UX DEVICE CLASS RTOS Condition cause : null
2023-09-27 23:59:24,903 [WARN] PackLoader:240 - Cannot read IP mode file for STMicroelectronics.X-CUBE-SUBG2.5.0.0
2023-09-27 23:59:24,916 [WARN] PackLoader:240 - Cannot read IP mode file for STMicroelectronics.X-CUBE-TOF1.3.3.1
2023-09-27 23:59:24,931 [WARN] PackLoader:240 - Cannot read IP mode file for STMicroelectronics.X-CUBE-AZRTOS-G4.2.0.0
2023-09-27 23:59:24,939 [WARN] PackLoader:240 - Cannot read IP mode file for STMicroelectronics.X-CUBE-FREERTOS.1.1.0
2023-09-27 23:59:24,944 [WARN] PackLoader:240 - Cannot read IP mode file for portGmbH.I-Cube-SoM-uGOAL.1.1.0
2023-09-27 23:59:24,950 [WARN] PackLoader:240 - Cannot read IP mode file for STMicroelectronics.X-CUBE-ALS.1.0.1
2023-09-27 23:59:24,955 [WARN] PackLoader:240 - Cannot read IP mode file for STMicroelectronics.FP-ATR-ASTRA1.2.0.0
2023-09-27 23:59:24,956 [INFO] ThirdParty:978 - Integrity check success = true
2023-09-27 23:59:24,956 [INFO] IntegrityCheckThread:100 - exiting critical section [integrity check]
2023-09-27 23:59:24,956 [INFO] IntegrityCheckThread:103 - End integrity checks thread
2023-09-27 23:59:43,957 [ERROR] LogOutputStream:75 - [STDERR_REDIRECT] SLF4J: Failed to load class "org.slf4j.impl.StaticLoggerBinder".
2023-09-27 23:59:43,958 [ERROR] LogOutputStream:75 - [STDERR_REDIRECT] SLF4J: Defaulting to no-operation (NOP) logger implementation
2023-09-27 23:59:43,959 [ERROR] LogOutputStream:75 - [STDERR_REDIRECT] SLF4J: See http://www.slf4j.org/codes.html#StaticLoggerBinder for further details.
